2019-08-29T12:56:32+00:00 CRITICAL Uncaught Error: Call to undefined function get_sale_price() in C:\xampp1\htdocs\outsource\wp-content\themes\myTheme\template_part\product-bestsale.php:55
Stack trace:
#0 C:\xampp1\htdocs\outsource\wp-includes\template.php(690): require()
#1 C:\xampp1\htdocs\outsource\wp-includes\template.php(647): load_template('C:\\xampp1\\htdoc...', false)
#2 C:\xampp1\htdocs\outsource\wp-includes\general-template.php(155): locate_template(Array, true, false)
#3 C:\xampp1\htdocs\outsource\wp-content\themes\myTheme\content.php(6): get_template_part('template_part/p...', 'bestsale')
#4 C:\xampp1\htdocs\outsource\wp-includes\template.php(690): require('C:\\xampp1\\htdoc...')
#5 C:\xampp1\htdocs\outsource\wp-includes\template.php(647): load_template('C:\\xampp1\\htdoc...', false)
#6 C:\xampp1\htdocs\outsource\wp-includes\general-template.php(155): locate_template(Array, true, false)
#7 C:\xampp1\htdocs\outsource\wp-content\themes\myTheme\front-page.php(4): get_template_part('content', '')
#8 C:\xampp1\htdocs\outsource\wp-includ in C:\xampp1\htdocs\outsource\wp-content\themes\myTheme\template_part\product-bestsale.php on line 55

2019-08-29T12:56:38+00:00 CRITICAL Uncaught Error: Call to undefined function get_sale_price() in C:\xampp1\htdocs\outsource\wp-content\themes\myTheme\template_part\product-bestsale.php:55
Stack trace:
#0 C:\xampp1\htdocs\outsource\wp-includes\template.php(690): require()
#1 C:\xampp1\htdocs\outsource\wp-includes\template.php(647): load_template('C:\\xampp1\\htdoc...', false)
#2 C:\xampp1\htdocs\outsource\wp-includes\general-template.php(155): locate_template(Array, true, false)
#3 C:\xampp1\htdocs\outsource\wp-content\themes\myTheme\content.php(6): get_template_part('template_part/p...', 'bestsale')
#4 C:\xampp1\htdocs\outsource\wp-includes\template.php(690): require('C:\\xampp1\\htdoc...')
#5 C:\xampp1\htdocs\outsource\wp-includes\template.php(647): load_template('C:\\xampp1\\htdoc...', false)
#6 C:\xampp1\htdocs\outsource\wp-includes\general-template.php(155): locate_template(Array, true, false)
#7 C:\xampp1\htdocs\outsource\wp-content\themes\myTheme\front-page.php(4): get_template_part('content', '')
#8 C:\xampp1\htdocs\outsource\wp-includ in C:\xampp1\htdocs\outsource\wp-content\themes\myTheme\template_part\product-bestsale.php on line 55

2019-08-29T12:57:02+00:00 CRITICAL Uncaught Error: Call to undefined function get_sale_price() in C:\xampp1\htdocs\outsource\wp-content\themes\myTheme\template_part\product-bestsale.php:55
Stack trace:
#0 C:\xampp1\htdocs\outsource\wp-includes\template.php(690): require()
#1 C:\xampp1\htdocs\outsource\wp-includes\template.php(647): load_template('C:\\xampp1\\htdoc...', false)
#2 C:\xampp1\htdocs\outsource\wp-includes\general-template.php(155): locate_template(Array, true, false)
#3 C:\xampp1\htdocs\outsource\wp-content\themes\myTheme\content.php(6): get_template_part('template_part/p...', 'bestsale')
#4 C:\xampp1\htdocs\outsource\wp-includes\template.php(690): require('C:\\xampp1\\htdoc...')
#5 C:\xampp1\htdocs\outsource\wp-includes\template.php(647): load_template('C:\\xampp1\\htdoc...', false)
#6 C:\xampp1\htdocs\outsource\wp-includes\general-template.php(155): locate_template(Array, true, false)
#7 C:\xampp1\htdocs\outsource\wp-content\themes\myTheme\front-page.php(4): get_template_part('content', '')
#8 C:\xampp1\htdocs\outsource\wp-includ in C:\xampp1\htdocs\outsource\wp-content\themes\myTheme\template_part\product-bestsale.php on line 55

2019-08-29T12:57:39+00:00 CRITICAL Uncaught Error: Call to a member function is_on_sale() on array in C:\xampp1\htdocs\outsource\wp-content\themes\myTheme\template_part\product-bestsale.php:64
Stack trace:
#0 C:\xampp1\htdocs\outsource\wp-includes\template.php(690): require()
#1 C:\xampp1\htdocs\outsource\wp-includes\template.php(647): load_template('C:\\xampp1\\htdoc...', false)
#2 C:\xampp1\htdocs\outsource\wp-includes\general-template.php(155): locate_template(Array, true, false)
#3 C:\xampp1\htdocs\outsource\wp-content\themes\myTheme\content.php(6): get_template_part('template_part/p...', 'bestsale')
#4 C:\xampp1\htdocs\outsource\wp-includes\template.php(690): require('C:\\xampp1\\htdoc...')
#5 C:\xampp1\htdocs\outsource\wp-includes\template.php(647): load_template('C:\\xampp1\\htdoc...', false)
#6 C:\xampp1\htdocs\outsource\wp-includes\general-template.php(155): locate_template(Array, true, false)
#7 C:\xampp1\htdocs\outsource\wp-content\themes\myTheme\front-page.php(4): get_template_part('content', '')
#8 C:\xampp1\htdocs\outsource\wp-in in C:\xampp1\htdocs\outsource\wp-content\themes\myTheme\template_part\product-bestsale.php on line 64

2019-08-29T13:03:26+00:00 CRITICAL Uncaught Error: Call to a member function is_on_sale() on array in C:\xampp1\htdocs\outsource\wp-content\themes\myTheme\template_part\product-bestsale.php:64
Stack trace:
#0 C:\xampp1\htdocs\outsource\wp-includes\template.php(690): require()
#1 C:\xampp1\htdocs\outsource\wp-includes\template.php(647): load_template('C:\\xampp1\\htdoc...', false)
#2 C:\xampp1\htdocs\outsource\wp-includes\general-template.php(155): locate_template(Array, true, false)
#3 C:\xampp1\htdocs\outsource\wp-content\themes\myTheme\content.php(6): get_template_part('template_part/p...', 'bestsale')
#4 C:\xampp1\htdocs\outsource\wp-includes\template.php(690): require('C:\\xampp1\\htdoc...')
#5 C:\xampp1\htdocs\outsource\wp-includes\template.php(647): load_template('C:\\xampp1\\htdoc...', false)
#6 C:\xampp1\htdocs\outsource\wp-includes\general-template.php(155): locate_template(Array, true, false)
#7 C:\xampp1\htdocs\outsource\wp-content\themes\myTheme\front-page.php(4): get_template_part('content', '')
#8 C:\xampp1\htdocs\outsource\wp-in in C:\xampp1\htdocs\outsource\wp-content\themes\myTheme\template_part\product-bestsale.php on line 64

2019-08-29T13:03:29+00:00 CRITICAL Uncaught Error: Call to a member function is_on_sale() on array in C:\xampp1\htdocs\outsource\wp-content\themes\myTheme\template_part\product-bestsale.php:64
Stack trace:
#0 C:\xampp1\htdocs\outsource\wp-includes\template.php(690): require()
#1 C:\xampp1\htdocs\outsource\wp-includes\template.php(647): load_template('C:\\xampp1\\htdoc...', false)
#2 C:\xampp1\htdocs\outsource\wp-includes\general-template.php(155): locate_template(Array, true, false)
#3 C:\xampp1\htdocs\outsource\wp-content\themes\myTheme\content.php(6): get_template_part('template_part/p...', 'bestsale')
#4 C:\xampp1\htdocs\outsource\wp-includes\template.php(690): require('C:\\xampp1\\htdoc...')
#5 C:\xampp1\htdocs\outsource\wp-includes\template.php(647): load_template('C:\\xampp1\\htdoc...', false)
#6 C:\xampp1\htdocs\outsource\wp-includes\general-template.php(155): locate_template(Array, true, false)
#7 C:\xampp1\htdocs\outsource\wp-content\themes\myTheme\front-page.php(4): get_template_part('content', '')
#8 C:\xampp1\htdocs\outsource\wp-in in C:\xampp1\htdocs\outsource\wp-content\themes\myTheme\template_part\product-bestsale.php on line 64

2019-08-29T13:03:30+00:00 CRITICAL Uncaught Error: Call to a member function is_on_sale() on array in C:\xampp1\htdocs\outsource\wp-content\themes\myTheme\template_part\product-bestsale.php:64
Stack trace:
#0 C:\xampp1\htdocs\outsource\wp-includes\template.php(690): require()
#1 C:\xampp1\htdocs\outsource\wp-includes\template.php(647): load_template('C:\\xampp1\\htdoc...', false)
#2 C:\xampp1\htdocs\outsource\wp-includes\general-template.php(155): locate_template(Array, true, false)
#3 C:\xampp1\htdocs\outsource\wp-content\themes\myTheme\content.php(6): get_template_part('template_part/p...', 'bestsale')
#4 C:\xampp1\htdocs\outsource\wp-includes\template.php(690): require('C:\\xampp1\\htdoc...')
#5 C:\xampp1\htdocs\outsource\wp-includes\template.php(647): load_template('C:\\xampp1\\htdoc...', false)
#6 C:\xampp1\htdocs\outsource\wp-includes\general-template.php(155): locate_template(Array, true, false)
#7 C:\xampp1\htdocs\outsource\wp-content\themes\myTheme\front-page.php(4): get_template_part('content', '')
#8 C:\xampp1\htdocs\outsource\wp-in in C:\xampp1\htdocs\outsource\wp-content\themes\myTheme\template_part\product-bestsale.php on line 64

2019-08-29T13:04:51+00:00 CRITICAL Uncaught Error: Call to a member function get_sale_price() on array in C:\xampp1\htdocs\outsource\wp-content\themes\myTheme\template_part\product-bestsale.php:64
Stack trace:
#0 C:\xampp1\htdocs\outsource\wp-includes\template.php(690): require()
#1 C:\xampp1\htdocs\outsource\wp-includes\template.php(647): load_template('C:\\xampp1\\htdoc...', false)
#2 C:\xampp1\htdocs\outsource\wp-includes\general-template.php(155): locate_template(Array, true, false)
#3 C:\xampp1\htdocs\outsource\wp-content\themes\myTheme\content.php(6): get_template_part('template_part/p...', 'bestsale')
#4 C:\xampp1\htdocs\outsource\wp-includes\template.php(690): require('C:\\xampp1\\htdoc...')
#5 C:\xampp1\htdocs\outsource\wp-includes\template.php(647): load_template('C:\\xampp1\\htdoc...', false)
#6 C:\xampp1\htdocs\outsource\wp-includes\general-template.php(155): locate_template(Array, true, false)
#7 C:\xampp1\htdocs\outsource\wp-content\themes\myTheme\front-page.php(4): get_template_part('content', '')
#8 C:\xampp1\htdocs\outsource\w in C:\xampp1\htdocs\outsource\wp-content\themes\myTheme\template_part\product-bestsale.php on line 64

2019-08-29T13:04:54+00:00 CRITICAL Uncaught Error: Call to a member function get_sale_price() on array in C:\xampp1\htdocs\outsource\wp-content\themes\myTheme\template_part\product-bestsale.php:64
Stack trace:
#0 C:\xampp1\htdocs\outsource\wp-includes\template.php(690): require()
#1 C:\xampp1\htdocs\outsource\wp-includes\template.php(647): load_template('C:\\xampp1\\htdoc...', false)
#2 C:\xampp1\htdocs\outsource\wp-includes\general-template.php(155): locate_template(Array, true, false)
#3 C:\xampp1\htdocs\outsource\wp-content\themes\myTheme\content.php(6): get_template_part('template_part/p...', 'bestsale')
#4 C:\xampp1\htdocs\outsource\wp-includes\template.php(690): require('C:\\xampp1\\htdoc...')
#5 C:\xampp1\htdocs\outsource\wp-includes\template.php(647): load_template('C:\\xampp1\\htdoc...', false)
#6 C:\xampp1\htdocs\outsource\wp-includes\general-template.php(155): locate_template(Array, true, false)
#7 C:\xampp1\htdocs\outsource\wp-content\themes\myTheme\front-page.php(4): get_template_part('content', '')
#8 C:\xampp1\htdocs\outsource\w in C:\xampp1\htdocs\outsource\wp-content\themes\myTheme\template_part\product-bestsale.php on line 64

2019-08-29T13:04:54+00:00 CRITICAL Uncaught Error: Call to a member function get_sale_price() on array in C:\xampp1\htdocs\outsource\wp-content\themes\myTheme\template_part\product-bestsale.php:64
Stack trace:
#0 C:\xampp1\htdocs\outsource\wp-includes\template.php(690): require()
#1 C:\xampp1\htdocs\outsource\wp-includes\template.php(647): load_template('C:\\xampp1\\htdoc...', false)
#2 C:\xampp1\htdocs\outsource\wp-includes\general-template.php(155): locate_template(Array, true, false)
#3 C:\xampp1\htdocs\outsource\wp-content\themes\myTheme\content.php(6): get_template_part('template_part/p...', 'bestsale')
#4 C:\xampp1\htdocs\outsource\wp-includes\template.php(690): require('C:\\xampp1\\htdoc...')
#5 C:\xampp1\htdocs\outsource\wp-includes\template.php(647): load_template('C:\\xampp1\\htdoc...', false)
#6 C:\xampp1\htdocs\outsource\wp-includes\general-template.php(155): locate_template(Array, true, false)
#7 C:\xampp1\htdocs\outsource\wp-content\themes\myTheme\front-page.php(4): get_template_part('content', '')
#8 C:\xampp1\htdocs\outsource\w in C:\xampp1\htdocs\outsource\wp-content\themes\myTheme\template_part\product-bestsale.php on line 64

2019-08-29T13:05:11+00:00 CRITICAL Uncaught Error: Call to a member function get_sale_price() on array in C:\xampp1\htdocs\outsource\wp-content\themes\myTheme\template_part\product-bestsale.php:64
Stack trace:
#0 C:\xampp1\htdocs\outsource\wp-includes\template.php(690): require()
#1 C:\xampp1\htdocs\outsource\wp-includes\template.php(647): load_template('C:\\xampp1\\htdoc...', false)
#2 C:\xampp1\htdocs\outsource\wp-includes\general-template.php(155): locate_template(Array, true, false)
#3 C:\xampp1\htdocs\outsource\wp-content\themes\myTheme\content.php(6): get_template_part('template_part/p...', 'bestsale')
#4 C:\xampp1\htdocs\outsource\wp-includes\template.php(690): require('C:\\xampp1\\htdoc...')
#5 C:\xampp1\htdocs\outsource\wp-includes\template.php(647): load_template('C:\\xampp1\\htdoc...', false)
#6 C:\xampp1\htdocs\outsource\wp-includes\general-template.php(155): locate_template(Array, true, false)
#7 C:\xampp1\htdocs\outsource\wp-content\themes\myTheme\front-page.php(4): get_template_part('content', '')
#8 C:\xampp1\htdocs\outsource\w in C:\xampp1\htdocs\outsource\wp-content\themes\myTheme\template_part\product-bestsale.php on line 64

2019-08-29T13:05:15+00:00 CRITICAL Uncaught Error: Call to a member function get_sale_price() on array in C:\xampp1\htdocs\outsource\wp-content\themes\myTheme\template_part\product-bestsale.php:64
Stack trace:
#0 C:\xampp1\htdocs\outsource\wp-includes\template.php(690): require()
#1 C:\xampp1\htdocs\outsource\wp-includes\template.php(647): load_template('C:\\xampp1\\htdoc...', false)
#2 C:\xampp1\htdocs\outsource\wp-includes\general-template.php(155): locate_template(Array, true, false)
#3 C:\xampp1\htdocs\outsource\wp-content\themes\myTheme\content.php(6): get_template_part('template_part/p...', 'bestsale')
#4 C:\xampp1\htdocs\outsource\wp-includes\template.php(690): require('C:\\xampp1\\htdoc...')
#5 C:\xampp1\htdocs\outsource\wp-includes\template.php(647): load_template('C:\\xampp1\\htdoc...', false)
#6 C:\xampp1\htdocs\outsource\wp-includes\general-template.php(155): locate_template(Array, true, false)
#7 C:\xampp1\htdocs\outsource\wp-content\themes\myTheme\front-page.php(4): get_template_part('content', '')
#8 C:\xampp1\htdocs\outsource\w in C:\xampp1\htdocs\outsource\wp-content\themes\myTheme\template_part\product-bestsale.php on line 64

2019-08-29T13:05:16+00:00 CRITICAL Uncaught Error: Call to a member function get_sale_price() on array in C:\xampp1\htdocs\outsource\wp-content\themes\myTheme\template_part\product-bestsale.php:64
Stack trace:
#0 C:\xampp1\htdocs\outsource\wp-includes\template.php(690): require()
#1 C:\xampp1\htdocs\outsource\wp-includes\template.php(647): load_template('C:\\xampp1\\htdoc...', false)
#2 C:\xampp1\htdocs\outsource\wp-includes\general-template.php(155): locate_template(Array, true, false)
#3 C:\xampp1\htdocs\outsource\wp-content\themes\myTheme\content.php(6): get_template_part('template_part/p...', 'bestsale')
#4 C:\xampp1\htdocs\outsource\wp-includes\template.php(690): require('C:\\xampp1\\htdoc...')
#5 C:\xampp1\htdocs\outsource\wp-includes\template.php(647): load_template('C:\\xampp1\\htdoc...', false)
#6 C:\xampp1\htdocs\outsource\wp-includes\general-template.php(155): locate_template(Array, true, false)
#7 C:\xampp1\htdocs\outsource\wp-content\themes\myTheme\front-page.php(4): get_template_part('content', '')
#8 C:\xampp1\htdocs\outsource\w in C:\xampp1\htdocs\outsource\wp-content\themes\myTheme\template_part\product-bestsale.php on line 64

2019-08-29T13:05:21+00:00 CRITICAL Uncaught Error: Call to a member function get_sale_price() on array in C:\xampp1\htdocs\outsource\wp-content\themes\myTheme\template_part\product-bestsale.php:64
Stack trace:
#0 C:\xampp1\htdocs\outsource\wp-includes\template.php(690): require()
#1 C:\xampp1\htdocs\outsource\wp-includes\template.php(647): load_template('C:\\xampp1\\htdoc...', false)
#2 C:\xampp1\htdocs\outsource\wp-includes\general-template.php(155): locate_template(Array, true, false)
#3 C:\xampp1\htdocs\outsource\wp-content\themes\myTheme\content.php(6): get_template_part('template_part/p...', 'bestsale')
#4 C:\xampp1\htdocs\outsource\wp-includes\template.php(690): require('C:\\xampp1\\htdoc...')
#5 C:\xampp1\htdocs\outsource\wp-includes\template.php(647): load_template('C:\\xampp1\\htdoc...', false)
#6 C:\xampp1\htdocs\outsource\wp-includes\general-template.php(155): locate_template(Array, true, false)
#7 C:\xampp1\htdocs\outsource\wp-content\themes\myTheme\front-page.php(4): get_template_part('content', '')
#8 C:\xampp1\htdocs\outsource\w in C:\xampp1\htdocs\outsource\wp-content\themes\myTheme\template_part\product-bestsale.php on line 64

2019-08-29T13:05:26+00:00 CRITICAL Uncaught Error: Call to a member function get_sale_price() on array in C:\xampp1\htdocs\outsource\wp-content\themes\myTheme\template_part\product-bestsale.php:64
Stack trace:
#0 C:\xampp1\htdocs\outsource\wp-includes\template.php(690): require()
#1 C:\xampp1\htdocs\outsource\wp-includes\template.php(647): load_template('C:\\xampp1\\htdoc...', false)
#2 C:\xampp1\htdocs\outsource\wp-includes\general-template.php(155): locate_template(Array, true, false)
#3 C:\xampp1\htdocs\outsource\wp-content\themes\myTheme\content.php(6): get_template_part('template_part/p...', 'bestsale')
#4 C:\xampp1\htdocs\outsource\wp-includes\template.php(690): require('C:\\xampp1\\htdoc...')
#5 C:\xampp1\htdocs\outsource\wp-includes\template.php(647): load_template('C:\\xampp1\\htdoc...', false)
#6 C:\xampp1\htdocs\outsource\wp-includes\general-template.php(155): locate_template(Array, true, false)
#7 C:\xampp1\htdocs\outsource\wp-content\themes\myTheme\front-page.php(4): get_template_part('content', '')
#8 C:\xampp1\htdocs\outsource\w in C:\xampp1\htdocs\outsource\wp-content\themes\myTheme\template_part\product-bestsale.php on line 64

2019-08-29T13:05:26+00:00 CRITICAL Uncaught Error: Call to a member function get_sale_price() on array in C:\xampp1\htdocs\outsource\wp-content\themes\myTheme\template_part\product-bestsale.php:64
Stack trace:
#0 C:\xampp1\htdocs\outsource\wp-includes\template.php(690): require()
#1 C:\xampp1\htdocs\outsource\wp-includes\template.php(647): load_template('C:\\xampp1\\htdoc...', false)
#2 C:\xampp1\htdocs\outsource\wp-includes\general-template.php(155): locate_template(Array, true, false)
#3 C:\xampp1\htdocs\outsource\wp-content\themes\myTheme\content.php(6): get_template_part('template_part/p...', 'bestsale')
#4 C:\xampp1\htdocs\outsource\wp-includes\template.php(690): require('C:\\xampp1\\htdoc...')
#5 C:\xampp1\htdocs\outsource\wp-includes\template.php(647): load_template('C:\\xampp1\\htdoc...', false)
#6 C:\xampp1\htdocs\outsource\wp-includes\general-template.php(155): locate_template(Array, true, false)
#7 C:\xampp1\htdocs\outsource\wp-content\themes\myTheme\front-page.php(4): get_template_part('content', '')
#8 C:\xampp1\htdocs\outsource\w in C:\xampp1\htdocs\outsource\wp-content\themes\myTheme\template_part\product-bestsale.php on line 64

2019-08-29T13:09:26+00:00 CRITICAL Uncaught Error: Call to a member function get_variation_sale_price() on array in C:\xampp1\htdocs\outsource\wp-content\themes\myTheme\template_part\product-bestsale.php:64
Stack trace:
#0 C:\xampp1\htdocs\outsource\wp-includes\template.php(690): require()
#1 C:\xampp1\htdocs\outsource\wp-includes\template.php(647): load_template('C:\\xampp1\\htdoc...', false)
#2 C:\xampp1\htdocs\outsource\wp-includes\general-template.php(155): locate_template(Array, true, false)
#3 C:\xampp1\htdocs\outsource\wp-content\themes\myTheme\content.php(6): get_template_part('template_part/p...', 'bestsale')
#4 C:\xampp1\htdocs\outsource\wp-includes\template.php(690): require('C:\\xampp1\\htdoc...')
#5 C:\xampp1\htdocs\outsource\wp-includes\template.php(647): load_template('C:\\xampp1\\htdoc...', false)
#6 C:\xampp1\htdocs\outsource\wp-includes\general-template.php(155): locate_template(Array, true, false)
#7 C:\xampp1\htdocs\outsource\wp-content\themes\myTheme\front-page.php(4): get_template_part('content', '')
#8 C:\xampp1\htdocs\o in C:\xampp1\htdocs\outsource\wp-content\themes\myTheme\template_part\product-bestsale.php on line 64

2019-08-29T13:09:29+00:00 CRITICAL Uncaught Error: Call to a member function get_variation_sale_price() on array in C:\xampp1\htdocs\outsource\wp-content\themes\myTheme\template_part\product-bestsale.php:64
Stack trace:
#0 C:\xampp1\htdocs\outsource\wp-includes\template.php(690): require()
#1 C:\xampp1\htdocs\outsource\wp-includes\template.php(647): load_template('C:\\xampp1\\htdoc...', false)
#2 C:\xampp1\htdocs\outsource\wp-includes\general-template.php(155): locate_template(Array, true, false)
#3 C:\xampp1\htdocs\outsource\wp-content\themes\myTheme\content.php(6): get_template_part('template_part/p...', 'bestsale')
#4 C:\xampp1\htdocs\outsource\wp-includes\template.php(690): require('C:\\xampp1\\htdoc...')
#5 C:\xampp1\htdocs\outsource\wp-includes\template.php(647): load_template('C:\\xampp1\\htdoc...', false)
#6 C:\xampp1\htdocs\outsource\wp-includes\general-template.php(155): locate_template(Array, true, false)
#7 C:\xampp1\htdocs\outsource\wp-content\themes\myTheme\front-page.php(4): get_template_part('content', '')
#8 C:\xampp1\htdocs\o in C:\xampp1\htdocs\outsource\wp-content\themes\myTheme\template_part\product-bestsale.php on line 64

2019-08-29T13:09:29+00:00 CRITICAL Uncaught Error: Call to a member function get_variation_sale_price() on array in C:\xampp1\htdocs\outsource\wp-content\themes\myTheme\template_part\product-bestsale.php:64
Stack trace:
#0 C:\xampp1\htdocs\outsource\wp-includes\template.php(690): require()
#1 C:\xampp1\htdocs\outsource\wp-includes\template.php(647): load_template('C:\\xampp1\\htdoc...', false)
#2 C:\xampp1\htdocs\outsource\wp-includes\general-template.php(155): locate_template(Array, true, false)
#3 C:\xampp1\htdocs\outsource\wp-content\themes\myTheme\content.php(6): get_template_part('template_part/p...', 'bestsale')
#4 C:\xampp1\htdocs\outsource\wp-includes\template.php(690): require('C:\\xampp1\\htdoc...')
#5 C:\xampp1\htdocs\outsource\wp-includes\template.php(647): load_template('C:\\xampp1\\htdoc...', false)
#6 C:\xampp1\htdocs\outsource\wp-includes\general-template.php(155): locate_template(Array, true, false)
#7 C:\xampp1\htdocs\outsource\wp-content\themes\myTheme\front-page.php(4): get_template_part('content', '')
#8 C:\xampp1\htdocs\o in C:\xampp1\htdocs\outsource\wp-content\themes\myTheme\template_part\product-bestsale.php on line 64

2019-08-29T13:58:21+00:00 CRITICAL syntax error, unexpected 'endwhile' (T_ENDWHILE) in C:\xampp1\htdocs\outsource\wp-content\themes\myTheme\template_part\product-bestsale.php on line 227

2019-08-29T14:53:50+00:00 CRITICAL Uncaught Error: Call to undefined function alert() in C:\xampp1\htdocs\outsource\wp-content\themes\myTheme\template_part\product-bestsale.php:190
Stack trace:
#0 C:\xampp1\htdocs\outsource\wp-includes\template.php(690): require()
#1 C:\xampp1\htdocs\outsource\wp-includes\template.php(647): load_template('C:\\xampp1\\htdoc...', false)
#2 C:\xampp1\htdocs\outsource\wp-includes\general-template.php(155): locate_template(Array, true, false)
#3 C:\xampp1\htdocs\outsource\wp-content\themes\myTheme\content.php(6): get_template_part('template_part/p...', 'bestsale')
#4 C:\xampp1\htdocs\outsource\wp-includes\template.php(690): require('C:\\xampp1\\htdoc...')
#5 C:\xampp1\htdocs\outsource\wp-includes\template.php(647): load_template('C:\\xampp1\\htdoc...', false)
#6 C:\xampp1\htdocs\outsource\wp-includes\general-template.php(155): locate_template(Array, true, false)
#7 C:\xampp1\htdocs\outsource\wp-content\themes\myTheme\front-page.php(4): get_template_part('content', '')
#8 C:\xampp1\htdocs\outsource\wp-includes\templ in C:\xampp1\htdocs\outsource\wp-content\themes\myTheme\template_part\product-bestsale.php on line 190

2019-08-29T14:53:52+00:00 CRITICAL Uncaught Error: Call to undefined function alert() in C:\xampp1\htdocs\outsource\wp-content\themes\myTheme\template_part\product-bestsale.php:190
Stack trace:
#0 C:\xampp1\htdocs\outsource\wp-includes\template.php(690): require()
#1 C:\xampp1\htdocs\outsource\wp-includes\template.php(647): load_template('C:\\xampp1\\htdoc...', false)
#2 C:\xampp1\htdocs\outsource\wp-includes\general-template.php(155): locate_template(Array, true, false)
#3 C:\xampp1\htdocs\outsource\wp-content\themes\myTheme\content.php(6): get_template_part('template_part/p...', 'bestsale')
#4 C:\xampp1\htdocs\outsource\wp-includes\template.php(690): require('C:\\xampp1\\htdoc...')
#5 C:\xampp1\htdocs\outsource\wp-includes\template.php(647): load_template('C:\\xampp1\\htdoc...', false)
#6 C:\xampp1\htdocs\outsource\wp-includes\general-template.php(155): locate_template(Array, true, false)
#7 C:\xampp1\htdocs\outsource\wp-content\themes\myTheme\front-page.php(4): get_template_part('content', '')
#8 C:\xampp1\htdocs\outsource\wp-includes\templ in C:\xampp1\htdocs\outsource\wp-content\themes\myTheme\template_part\product-bestsale.php on line 190

2019-08-29T14:53:52+00:00 CRITICAL Uncaught Error: Call to undefined function alert() in C:\xampp1\htdocs\outsource\wp-content\themes\myTheme\template_part\product-bestsale.php:190
Stack trace:
#0 C:\xampp1\htdocs\outsource\wp-includes\template.php(690): require()
#1 C:\xampp1\htdocs\outsource\wp-includes\template.php(647): load_template('C:\\xampp1\\htdoc...', false)
#2 C:\xampp1\htdocs\outsource\wp-includes\general-template.php(155): locate_template(Array, true, false)
#3 C:\xampp1\htdocs\outsource\wp-content\themes\myTheme\content.php(6): get_template_part('template_part/p...', 'bestsale')
#4 C:\xampp1\htdocs\outsource\wp-includes\template.php(690): require('C:\\xampp1\\htdoc...')
#5 C:\xampp1\htdocs\outsource\wp-includes\template.php(647): load_template('C:\\xampp1\\htdoc...', false)
#6 C:\xampp1\htdocs\outsource\wp-includes\general-template.php(155): locate_template(Array, true, false)
#7 C:\xampp1\htdocs\outsource\wp-content\themes\myTheme\front-page.php(4): get_template_part('content', '')
#8 C:\xampp1\htdocs\outsource\wp-includes\templ in C:\xampp1\htdocs\outsource\wp-content\themes\myTheme\template_part\product-bestsale.php on line 190

