2019-08-10T12:33:16+00:00 CRITICAL Uncaught Error: Call to a member function get_tax_class() on null in C:\xampp1\htdocs\outsource\wp-content\plugins\woocommerce\includes\class-wc-cart-totals.php:231
Stack trace:
#0 C:\xampp1\htdocs\outsource\wp-content\plugins\woocommerce\includes\class-wc-cart-totals.php(648): WC_Cart_Totals->get_items_from_cart()
#1 C:\xampp1\htdocs\outsource\wp-content\plugins\woocommerce\includes\class-wc-cart-totals.php(140): WC_Cart_Totals->calculate_item_totals()
#2 C:\xampp1\htdocs\outsource\wp-content\plugins\woocommerce\includes\class-wc-cart-totals.php(131): WC_Cart_Totals->calculate()
#3 C:\xampp1\htdocs\outsource\wp-content\plugins\woocommerce\includes\class-wc-cart.php(1215): WC_Cart_Totals->__construct(Object(WC_Cart))
#4 C:\xampp1\htdocs\outsource\wp-content\plugins\woocommerce\includes\class-wc-cart.php(1184): WC_Cart->calculate_totals()
#5 C:\xampp1\htdocs\outsource\wp-content\themes\myTheme\include\woocommerce.php(976): WC_Cart->set_quantity('quantity', 2, true)
#6 C:\xampp1\htdocs\outsource\wp-includes\cla in C:\xampp1\htdocs\outsource\wp-content\plugins\woocommerce\includes\class-wc-cart-totals.php on line 231

2019-08-10T12:33:16+00:00 CRITICAL Uncaught Error: Call to a member function get_tax_class() on null in C:\xampp1\htdocs\outsource\wp-content\plugins\woocommerce\includes\class-wc-cart-totals.php:231
Stack trace:
#0 C:\xampp1\htdocs\outsource\wp-content\plugins\woocommerce\includes\class-wc-cart-totals.php(648): WC_Cart_Totals->get_items_from_cart()
#1 C:\xampp1\htdocs\outsource\wp-content\plugins\woocommerce\includes\class-wc-cart-totals.php(140): WC_Cart_Totals->calculate_item_totals()
#2 C:\xampp1\htdocs\outsource\wp-content\plugins\woocommerce\includes\class-wc-cart-totals.php(131): WC_Cart_Totals->calculate()
#3 C:\xampp1\htdocs\outsource\wp-content\plugins\woocommerce\includes\class-wc-cart.php(1215): WC_Cart_Totals->__construct(Object(WC_Cart))
#4 C:\xampp1\htdocs\outsource\wp-content\plugins\woocommerce\includes\class-wc-cart.php(1184): WC_Cart->calculate_totals()
#5 C:\xampp1\htdocs\outsource\wp-content\themes\myTheme\include\woocommerce.php(976): WC_Cart->set_quantity('quantity', 3, true)
#6 C:\xampp1\htdocs\outsource\wp-includes\cla in C:\xampp1\htdocs\outsource\wp-content\plugins\woocommerce\includes\class-wc-cart-totals.php on line 231

2019-08-10T12:33:16+00:00 CRITICAL Uncaught Error: Call to a member function get_tax_class() on null in C:\xampp1\htdocs\outsource\wp-content\plugins\woocommerce\includes\class-wc-cart-totals.php:231
Stack trace:
#0 C:\xampp1\htdocs\outsource\wp-content\plugins\woocommerce\includes\class-wc-cart-totals.php(648): WC_Cart_Totals->get_items_from_cart()
#1 C:\xampp1\htdocs\outsource\wp-content\plugins\woocommerce\includes\class-wc-cart-totals.php(140): WC_Cart_Totals->calculate_item_totals()
#2 C:\xampp1\htdocs\outsource\wp-content\plugins\woocommerce\includes\class-wc-cart-totals.php(131): WC_Cart_Totals->calculate()
#3 C:\xampp1\htdocs\outsource\wp-content\plugins\woocommerce\includes\class-wc-cart.php(1215): WC_Cart_Totals->__construct(Object(WC_Cart))
#4 C:\xampp1\htdocs\outsource\wp-content\plugins\woocommerce\includes\class-wc-cart.php(1184): WC_Cart->calculate_totals()
#5 C:\xampp1\htdocs\outsource\wp-content\themes\myTheme\include\woocommerce.php(976): WC_Cart->set_quantity('quantity', 4, true)
#6 C:\xampp1\htdocs\outsource\wp-includes\cla in C:\xampp1\htdocs\outsource\wp-content\plugins\woocommerce\includes\class-wc-cart-totals.php on line 231

2019-08-10T14:04:35+00:00 CRITICAL Uncaught Error: Call to a member function get_tax_class() on null in C:\xampp1\htdocs\outsource\wp-content\plugins\woocommerce\includes\class-wc-cart-totals.php:231
Stack trace:
#0 C:\xampp1\htdocs\outsource\wp-content\plugins\woocommerce\includes\class-wc-cart-totals.php(648): WC_Cart_Totals->get_items_from_cart()
#1 C:\xampp1\htdocs\outsource\wp-content\plugins\woocommerce\includes\class-wc-cart-totals.php(140): WC_Cart_Totals->calculate_item_totals()
#2 C:\xampp1\htdocs\outsource\wp-content\plugins\woocommerce\includes\class-wc-cart-totals.php(131): WC_Cart_Totals->calculate()
#3 C:\xampp1\htdocs\outsource\wp-content\plugins\woocommerce\includes\class-wc-cart.php(1215): WC_Cart_Totals->__construct(Object(WC_Cart))
#4 C:\xampp1\htdocs\outsource\wp-content\plugins\woocommerce\includes\class-wc-cart.php(1184): WC_Cart->calculate_totals()
#5 C:\xampp1\htdocs\outsource\wp-content\themes\myTheme\include\woocommerce.php(981): WC_Cart->set_quantity('6b8895130406ec0...', 1, true)
#6 C:\xampp1\htdocs\outsource\wp-in in C:\xampp1\htdocs\outsource\wp-content\plugins\woocommerce\includes\class-wc-cart-totals.php on line 231

2019-08-10T14:04:38+00:00 CRITICAL Uncaught Error: Call to a member function get_tax_class() on null in C:\xampp1\htdocs\outsource\wp-content\plugins\woocommerce\includes\class-wc-cart-totals.php:231
Stack trace:
#0 C:\xampp1\htdocs\outsource\wp-content\plugins\woocommerce\includes\class-wc-cart-totals.php(648): WC_Cart_Totals->get_items_from_cart()
#1 C:\xampp1\htdocs\outsource\wp-content\plugins\woocommerce\includes\class-wc-cart-totals.php(140): WC_Cart_Totals->calculate_item_totals()
#2 C:\xampp1\htdocs\outsource\wp-content\plugins\woocommerce\includes\class-wc-cart-totals.php(131): WC_Cart_Totals->calculate()
#3 C:\xampp1\htdocs\outsource\wp-content\plugins\woocommerce\includes\class-wc-cart.php(1215): WC_Cart_Totals->__construct(Object(WC_Cart))
#4 C:\xampp1\htdocs\outsource\wp-content\plugins\woocommerce\includes\class-wc-cart.php(1184): WC_Cart->calculate_totals()
#5 C:\xampp1\htdocs\outsource\wp-content\themes\myTheme\include\woocommerce.php(981): WC_Cart->set_quantity('6b8895130406ec0...', 2, true)
#6 C:\xampp1\htdocs\outsource\wp-in in C:\xampp1\htdocs\outsource\wp-content\plugins\woocommerce\includes\class-wc-cart-totals.php on line 231

2019-08-10T14:04:42+00:00 CRITICAL Uncaught Error: Call to a member function get_tax_class() on null in C:\xampp1\htdocs\outsource\wp-content\plugins\woocommerce\includes\class-wc-cart-totals.php:231
Stack trace:
#0 C:\xampp1\htdocs\outsource\wp-content\plugins\woocommerce\includes\class-wc-cart-totals.php(648): WC_Cart_Totals->get_items_from_cart()
#1 C:\xampp1\htdocs\outsource\wp-content\plugins\woocommerce\includes\class-wc-cart-totals.php(140): WC_Cart_Totals->calculate_item_totals()
#2 C:\xampp1\htdocs\outsource\wp-content\plugins\woocommerce\includes\class-wc-cart-totals.php(131): WC_Cart_Totals->calculate()
#3 C:\xampp1\htdocs\outsource\wp-content\plugins\woocommerce\includes\class-wc-cart.php(1215): WC_Cart_Totals->__construct(Object(WC_Cart))
#4 C:\xampp1\htdocs\outsource\wp-content\plugins\woocommerce\includes\class-wc-cart.php(1184): WC_Cart->calculate_totals()
#5 C:\xampp1\htdocs\outsource\wp-content\themes\myTheme\include\woocommerce.php(981): WC_Cart->set_quantity('6b8895130406ec0...', 3, true)
#6 C:\xampp1\htdocs\outsource\wp-in in C:\xampp1\htdocs\outsource\wp-content\plugins\woocommerce\includes\class-wc-cart-totals.php on line 231

2019-08-10T14:18:12+00:00 CRITICAL syntax error, unexpected 'endforeach' (T_ENDFOREACH) in C:\xampp1\htdocs\outsource\wp-content\themes\myTheme\templates\cart-page.php on line 238

2019-08-10T14:57:56+00:00 CRITICAL Uncaught Error: Call to a member function get_tax_class() on null in C:\xampp1\htdocs\outsource\wp-content\plugins\woocommerce\includes\class-wc-cart-totals.php:231
Stack trace:
#0 C:\xampp1\htdocs\outsource\wp-content\plugins\woocommerce\includes\class-wc-cart-totals.php(648): WC_Cart_Totals->get_items_from_cart()
#1 C:\xampp1\htdocs\outsource\wp-content\plugins\woocommerce\includes\class-wc-cart-totals.php(140): WC_Cart_Totals->calculate_item_totals()
#2 C:\xampp1\htdocs\outsource\wp-content\plugins\woocommerce\includes\class-wc-cart-totals.php(131): WC_Cart_Totals->calculate()
#3 C:\xampp1\htdocs\outsource\wp-content\plugins\woocommerce\includes\class-wc-cart.php(1215): WC_Cart_Totals->__construct(Object(WC_Cart))
#4 C:\xampp1\htdocs\outsource\wp-content\plugins\woocommerce\includes\class-wc-cart.php(1184): WC_Cart->calculate_totals()
#5 C:\xampp1\htdocs\outsource\wp-content\themes\myTheme\include\woocommerce.php(981): WC_Cart->set_quantity('a5771bce93e200c...', 1, true)
#6 C:\xampp1\htdocs\outsource\wp-in in C:\xampp1\htdocs\outsource\wp-content\plugins\woocommerce\includes\class-wc-cart-totals.php on line 231

2019-08-10T14:57:56+00:00 CRITICAL Uncaught Error: Call to a member function get_tax_class() on null in C:\xampp1\htdocs\outsource\wp-content\plugins\woocommerce\includes\class-wc-cart-totals.php:231
Stack trace:
#0 C:\xampp1\htdocs\outsource\wp-content\plugins\woocommerce\includes\class-wc-cart-totals.php(648): WC_Cart_Totals->get_items_from_cart()
#1 C:\xampp1\htdocs\outsource\wp-content\plugins\woocommerce\includes\class-wc-cart-totals.php(140): WC_Cart_Totals->calculate_item_totals()
#2 C:\xampp1\htdocs\outsource\wp-content\plugins\woocommerce\includes\class-wc-cart-totals.php(131): WC_Cart_Totals->calculate()
#3 C:\xampp1\htdocs\outsource\wp-content\plugins\woocommerce\includes\class-wc-cart.php(1215): WC_Cart_Totals->__construct(Object(WC_Cart))
#4 C:\xampp1\htdocs\outsource\wp-content\plugins\woocommerce\includes\class-wc-cart.php(1184): WC_Cart->calculate_totals()
#5 C:\xampp1\htdocs\outsource\wp-content\themes\myTheme\include\woocommerce.php(981): WC_Cart->set_quantity('a5771bce93e200c...', 1, true)
#6 C:\xampp1\htdocs\outsource\wp-in in C:\xampp1\htdocs\outsource\wp-content\plugins\woocommerce\includes\class-wc-cart-totals.php on line 231

2019-08-10T14:58:04+00:00 CRITICAL Uncaught Error: Call to a member function get_tax_class() on null in C:\xampp1\htdocs\outsource\wp-content\plugins\woocommerce\includes\class-wc-cart-totals.php:231
Stack trace:
#0 C:\xampp1\htdocs\outsource\wp-content\plugins\woocommerce\includes\class-wc-cart-totals.php(648): WC_Cart_Totals->get_items_from_cart()
#1 C:\xampp1\htdocs\outsource\wp-content\plugins\woocommerce\includes\class-wc-cart-totals.php(140): WC_Cart_Totals->calculate_item_totals()
#2 C:\xampp1\htdocs\outsource\wp-content\plugins\woocommerce\includes\class-wc-cart-totals.php(131): WC_Cart_Totals->calculate()
#3 C:\xampp1\htdocs\outsource\wp-content\plugins\woocommerce\includes\class-wc-cart.php(1215): WC_Cart_Totals->__construct(Object(WC_Cart))
#4 C:\xampp1\htdocs\outsource\wp-content\plugins\woocommerce\includes\class-wc-cart.php(1184): WC_Cart->calculate_totals()
#5 C:\xampp1\htdocs\outsource\wp-content\themes\myTheme\include\woocommerce.php(981): WC_Cart->set_quantity('a5771bce93e200c...', 1, true)
#6 C:\xampp1\htdocs\outsource\wp-in in C:\xampp1\htdocs\outsource\wp-content\plugins\woocommerce\includes\class-wc-cart-totals.php on line 231

2019-08-10T14:58:04+00:00 CRITICAL Uncaught Error: Call to a member function get_tax_class() on null in C:\xampp1\htdocs\outsource\wp-content\plugins\woocommerce\includes\class-wc-cart-totals.php:231
Stack trace:
#0 C:\xampp1\htdocs\outsource\wp-content\plugins\woocommerce\includes\class-wc-cart-totals.php(648): WC_Cart_Totals->get_items_from_cart()
#1 C:\xampp1\htdocs\outsource\wp-content\plugins\woocommerce\includes\class-wc-cart-totals.php(140): WC_Cart_Totals->calculate_item_totals()
#2 C:\xampp1\htdocs\outsource\wp-content\plugins\woocommerce\includes\class-wc-cart-totals.php(131): WC_Cart_Totals->calculate()
#3 C:\xampp1\htdocs\outsource\wp-content\plugins\woocommerce\includes\class-wc-cart.php(1215): WC_Cart_Totals->__construct(Object(WC_Cart))
#4 C:\xampp1\htdocs\outsource\wp-content\plugins\woocommerce\includes\class-wc-cart.php(1184): WC_Cart->calculate_totals()
#5 C:\xampp1\htdocs\outsource\wp-content\themes\myTheme\include\woocommerce.php(981): WC_Cart->set_quantity('a5771bce93e200c...', 1, true)
#6 C:\xampp1\htdocs\outsource\wp-in in C:\xampp1\htdocs\outsource\wp-content\plugins\woocommerce\includes\class-wc-cart-totals.php on line 231

2019-08-10T14:58:06+00:00 CRITICAL Uncaught Error: Call to a member function get_tax_class() on null in C:\xampp1\htdocs\outsource\wp-content\plugins\woocommerce\includes\class-wc-cart-totals.php:231
Stack trace:
#0 C:\xampp1\htdocs\outsource\wp-content\plugins\woocommerce\includes\class-wc-cart-totals.php(648): WC_Cart_Totals->get_items_from_cart()
#1 C:\xampp1\htdocs\outsource\wp-content\plugins\woocommerce\includes\class-wc-cart-totals.php(140): WC_Cart_Totals->calculate_item_totals()
#2 C:\xampp1\htdocs\outsource\wp-content\plugins\woocommerce\includes\class-wc-cart-totals.php(131): WC_Cart_Totals->calculate()
#3 C:\xampp1\htdocs\outsource\wp-content\plugins\woocommerce\includes\class-wc-cart.php(1215): WC_Cart_Totals->__construct(Object(WC_Cart))
#4 C:\xampp1\htdocs\outsource\wp-content\plugins\woocommerce\includes\class-wc-cart.php(1184): WC_Cart->calculate_totals()
#5 C:\xampp1\htdocs\outsource\wp-content\themes\myTheme\include\woocommerce.php(981): WC_Cart->set_quantity('a5771bce93e200c...', 2, true)
#6 C:\xampp1\htdocs\outsource\wp-in in C:\xampp1\htdocs\outsource\wp-content\plugins\woocommerce\includes\class-wc-cart-totals.php on line 231

2019-08-10T14:58:06+00:00 CRITICAL Uncaught Error: Call to a member function get_tax_class() on null in C:\xampp1\htdocs\outsource\wp-content\plugins\woocommerce\includes\class-wc-cart-totals.php:231
Stack trace:
#0 C:\xampp1\htdocs\outsource\wp-content\plugins\woocommerce\includes\class-wc-cart-totals.php(648): WC_Cart_Totals->get_items_from_cart()
#1 C:\xampp1\htdocs\outsource\wp-content\plugins\woocommerce\includes\class-wc-cart-totals.php(140): WC_Cart_Totals->calculate_item_totals()
#2 C:\xampp1\htdocs\outsource\wp-content\plugins\woocommerce\includes\class-wc-cart-totals.php(131): WC_Cart_Totals->calculate()
#3 C:\xampp1\htdocs\outsource\wp-content\plugins\woocommerce\includes\class-wc-cart.php(1215): WC_Cart_Totals->__construct(Object(WC_Cart))
#4 C:\xampp1\htdocs\outsource\wp-content\plugins\woocommerce\includes\class-wc-cart.php(1184): WC_Cart->calculate_totals()
#5 C:\xampp1\htdocs\outsource\wp-content\themes\myTheme\include\woocommerce.php(981): WC_Cart->set_quantity('a5771bce93e200c...', 2, true)
#6 C:\xampp1\htdocs\outsource\wp-in in C:\xampp1\htdocs\outsource\wp-content\plugins\woocommerce\includes\class-wc-cart-totals.php on line 231

2019-08-10T19:17:40+00:00 CRITICAL Uncaught Exception: Invalid product. in C:\xampp1\htdocs\outsource\wp-content\plugins\woocommerce\includes\data-stores\class-wc-product-data-store-cpt.php:163
Stack trace:
#0 C:\xampp1\htdocs\outsource\wp-content\plugins\woocommerce\includes\class-wc-data-store.php(159): WC_Product_Data_Store_CPT->read(Object(WC_Product))
#1 C:\xampp1\htdocs\outsource\wp-content\plugins\woocommerce\includes\abstracts\abstract-wc-product.php(135): WC_Data_Store->read(Object(WC_Product))
#2 C:\xampp1\htdocs\outsource\wp-content\themes\myTheme\include\woocommerce.php(362): WC_Product->__construct('262')
#3 C:\xampp1\htdocs\outsource\wp-includes\class-wp-hook.php(286): viewProduct_init('')
#4 C:\xampp1\htdocs\outsource\wp-includes\class-wp-hook.php(310): WP_Hook->apply_filters('', Array)
#5 C:\xampp1\htdocs\outsource\wp-includes\plugin.php(453): WP_Hook->do_action(Array)
#6 C:\xampp1\htdocs\outsource\wp-admin\admin-ajax.php(114): do_action('wp_ajax_nopriv_...')
#7 {main}
  thrown in C:\xampp1\htdocs\outsource\wp-content\plugins\woocommerce\includes\data-stores\class-wc-product-data-store-cpt.php on line 163

2019-08-10T19:17:43+00:00 CRITICAL Uncaught Exception: Invalid product. in C:\xampp1\htdocs\outsource\wp-content\plugins\woocommerce\includes\data-stores\class-wc-product-data-store-cpt.php:163
Stack trace:
#0 C:\xampp1\htdocs\outsource\wp-content\plugins\woocommerce\includes\class-wc-data-store.php(159): WC_Product_Data_Store_CPT->read(Object(WC_Product))
#1 C:\xampp1\htdocs\outsource\wp-content\plugins\woocommerce\includes\abstracts\abstract-wc-product.php(135): WC_Data_Store->read(Object(WC_Product))
#2 C:\xampp1\htdocs\outsource\wp-content\themes\myTheme\include\woocommerce.php(362): WC_Product->__construct('262')
#3 C:\xampp1\htdocs\outsource\wp-includes\class-wp-hook.php(286): viewProduct_init('')
#4 C:\xampp1\htdocs\outsource\wp-includes\class-wp-hook.php(310): WP_Hook->apply_filters('', Array)
#5 C:\xampp1\htdocs\outsource\wp-includes\plugin.php(453): WP_Hook->do_action(Array)
#6 C:\xampp1\htdocs\outsource\wp-admin\admin-ajax.php(114): do_action('wp_ajax_nopriv_...')
#7 {main}
  thrown in C:\xampp1\htdocs\outsource\wp-content\plugins\woocommerce\includes\data-stores\class-wc-product-data-store-cpt.php on line 163

2019-08-10T19:17:45+00:00 CRITICAL Uncaught Exception: Invalid product. in C:\xampp1\htdocs\outsource\wp-content\plugins\woocommerce\includes\data-stores\class-wc-product-data-store-cpt.php:163
Stack trace:
#0 C:\xampp1\htdocs\outsource\wp-content\plugins\woocommerce\includes\class-wc-data-store.php(159): WC_Product_Data_Store_CPT->read(Object(WC_Product))
#1 C:\xampp1\htdocs\outsource\wp-content\plugins\woocommerce\includes\abstracts\abstract-wc-product.php(135): WC_Data_Store->read(Object(WC_Product))
#2 C:\xampp1\htdocs\outsource\wp-content\themes\myTheme\include\woocommerce.php(362): WC_Product->__construct('261')
#3 C:\xampp1\htdocs\outsource\wp-includes\class-wp-hook.php(286): viewProduct_init('')
#4 C:\xampp1\htdocs\outsource\wp-includes\class-wp-hook.php(310): WP_Hook->apply_filters('', Array)
#5 C:\xampp1\htdocs\outsource\wp-includes\plugin.php(453): WP_Hook->do_action(Array)
#6 C:\xampp1\htdocs\outsource\wp-admin\admin-ajax.php(114): do_action('wp_ajax_nopriv_...')
#7 {main}
  thrown in C:\xampp1\htdocs\outsource\wp-content\plugins\woocommerce\includes\data-stores\class-wc-product-data-store-cpt.php on line 163

2019-08-10T19:20:30+00:00 CRITICAL Uncaught Error: Call to a member function get_tax_class() on null in C:\xampp1\htdocs\outsource\wp-content\plugins\woocommerce\includes\class-wc-cart-totals.php:231
Stack trace:
#0 C:\xampp1\htdocs\outsource\wp-content\plugins\woocommerce\includes\class-wc-cart-totals.php(648): WC_Cart_Totals->get_items_from_cart()
#1 C:\xampp1\htdocs\outsource\wp-content\plugins\woocommerce\includes\class-wc-cart-totals.php(140): WC_Cart_Totals->calculate_item_totals()
#2 C:\xampp1\htdocs\outsource\wp-content\plugins\woocommerce\includes\class-wc-cart-totals.php(131): WC_Cart_Totals->calculate()
#3 C:\xampp1\htdocs\outsource\wp-content\plugins\woocommerce\includes\class-wc-cart.php(1215): WC_Cart_Totals->__construct(Object(WC_Cart))
#4 C:\xampp1\htdocs\outsource\wp-content\plugins\woocommerce\includes\class-wc-cart.php(1184): WC_Cart->calculate_totals()
#5 C:\xampp1\htdocs\outsource\wp-content\themes\myTheme\include\woocommerce.php(1269): WC_Cart->set_quantity('quantity', 2, true)
#6 C:\xampp1\htdocs\outsource\wp-includes\cl in C:\xampp1\htdocs\outsource\wp-content\plugins\woocommerce\includes\class-wc-cart-totals.php on line 231

2019-08-10T19:20:30+00:00 CRITICAL Uncaught Error: Call to a member function get_tax_class() on null in C:\xampp1\htdocs\outsource\wp-content\plugins\woocommerce\includes\class-wc-cart-totals.php:231
Stack trace:
#0 C:\xampp1\htdocs\outsource\wp-content\plugins\woocommerce\includes\class-wc-cart-totals.php(648): WC_Cart_Totals->get_items_from_cart()
#1 C:\xampp1\htdocs\outsource\wp-content\plugins\woocommerce\includes\class-wc-cart-totals.php(140): WC_Cart_Totals->calculate_item_totals()
#2 C:\xampp1\htdocs\outsource\wp-content\plugins\woocommerce\includes\class-wc-cart-totals.php(131): WC_Cart_Totals->calculate()
#3 C:\xampp1\htdocs\outsource\wp-content\plugins\woocommerce\includes\class-wc-cart.php(1215): WC_Cart_Totals->__construct(Object(WC_Cart))
#4 C:\xampp1\htdocs\outsource\wp-content\plugins\woocommerce\includes\class-wc-cart.php(1184): WC_Cart->calculate_totals()
#5 C:\xampp1\htdocs\outsource\wp-content\themes\myTheme\include\woocommerce.php(1269): WC_Cart->set_quantity('quantity', 3, true)
#6 C:\xampp1\htdocs\outsource\wp-includes\cl in C:\xampp1\htdocs\outsource\wp-content\plugins\woocommerce\includes\class-wc-cart-totals.php on line 231

2019-08-10T19:20:30+00:00 CRITICAL Uncaught Error: Call to a member function get_tax_class() on null in C:\xampp1\htdocs\outsource\wp-content\plugins\woocommerce\includes\class-wc-cart-totals.php:231
Stack trace:
#0 C:\xampp1\htdocs\outsource\wp-content\plugins\woocommerce\includes\class-wc-cart-totals.php(648): WC_Cart_Totals->get_items_from_cart()
#1 C:\xampp1\htdocs\outsource\wp-content\plugins\woocommerce\includes\class-wc-cart-totals.php(140): WC_Cart_Totals->calculate_item_totals()
#2 C:\xampp1\htdocs\outsource\wp-content\plugins\woocommerce\includes\class-wc-cart-totals.php(131): WC_Cart_Totals->calculate()
#3 C:\xampp1\htdocs\outsource\wp-content\plugins\woocommerce\includes\class-wc-cart.php(1215): WC_Cart_Totals->__construct(Object(WC_Cart))
#4 C:\xampp1\htdocs\outsource\wp-content\plugins\woocommerce\includes\class-wc-cart.php(1184): WC_Cart->calculate_totals()
#5 C:\xampp1\htdocs\outsource\wp-content\themes\myTheme\include\woocommerce.php(1269): WC_Cart->set_quantity('quantity', 4, true)
#6 C:\xampp1\htdocs\outsource\wp-includes\cl in C:\xampp1\htdocs\outsource\wp-content\plugins\woocommerce\includes\class-wc-cart-totals.php on line 231

