2019-07-20T07:10:58+00:00 CRITICAL syntax error, unexpected 'echo' (T_ECHO) in C:\xampp\htdocs\outsource\wp-content\themes\myTheme\template_part\product-noibat.php on line 99

2019-07-20T08:16:17+00:00 CRITICAL Object of class WP_Error could not be converted to string in C:\xampp\htdocs\outsource\wp-content\themes\myTheme\woocommerce\content-product.php on line 104

2019-07-20T08:17:04+00:00 CRITICAL Object of class WP_Error could not be converted to string in C:\xampp\htdocs\outsource\wp-content\themes\myTheme\woocommerce\content-product.php on line 104

2019-07-20T08:17:43+00:00 CRITICAL Object of class WP_Error could not be converted to string in C:\xampp\htdocs\outsource\wp-content\themes\myTheme\woocommerce\content-product.php on line 105

2019-07-20T08:18:00+00:00 CRITICAL Object of class WP_Error could not be converted to string in C:\xampp\htdocs\outsource\wp-content\themes\myTheme\woocommerce\content-product.php on line 105

2019-07-20T08:19:50+00:00 CRITICAL Object of class WP_Error could not be converted to string in C:\xampp\htdocs\outsource\wp-content\themes\myTheme\woocommerce\content-product.php on line 105

2019-07-20T08:21:23+00:00 CRITICAL Object of class WP_Error could not be converted to string in C:\xampp\htdocs\outsource\wp-content\themes\myTheme\woocommerce\content-product.php on line 105

2019-07-20T08:21:31+00:00 CRITICAL Object of class WP_Error could not be converted to string in C:\xampp\htdocs\outsource\wp-content\themes\myTheme\woocommerce\content-product.php on line 105

2019-07-20T08:21:58+00:00 CRITICAL Object of class WP_Error could not be converted to string in C:\xampp\htdocs\outsource\wp-content\themes\myTheme\woocommerce\content-product.php on line 105

2019-07-20T08:21:59+00:00 CRITICAL Object of class WP_Error could not be converted to string in C:\xampp\htdocs\outsource\wp-content\themes\myTheme\woocommerce\content-product.php on line 105

2019-07-20T08:23:39+00:00 CRITICAL Object of class WP_Error could not be converted to string in C:\xampp\htdocs\outsource\wp-content\themes\myTheme\woocommerce\content-product.php on line 105

2019-07-20T08:24:30+00:00 CRITICAL Object of class WP_Error could not be converted to string in C:\xampp\htdocs\outsource\wp-content\themes\myTheme\woocommerce\content-product.php on line 103

2019-07-20T08:24:50+00:00 CRITICAL Object of class WP_Error could not be converted to string in C:\xampp\htdocs\outsource\wp-content\themes\myTheme\woocommerce\content-product.php on line 105

2019-07-20T08:25:08+00:00 CRITICAL Object of class WP_Error could not be converted to string in C:\xampp\htdocs\outsource\wp-content\themes\myTheme\woocommerce\content-product.php on line 105

2019-07-20T08:26:23+00:00 CRITICAL Object of class WP_Error could not be converted to string in C:\xampp\htdocs\outsource\wp-content\themes\myTheme\woocommerce\content-product.php on line 105

2019-07-20T08:26:48+00:00 CRITICAL Object of class WP_Error could not be converted to string in C:\xampp\htdocs\outsource\wp-content\themes\myTheme\woocommerce\content-product.php on line 105

2019-07-20T08:28:20+00:00 CRITICAL Object of class WP_Error could not be converted to string in C:\xampp\htdocs\outsource\wp-content\themes\myTheme\woocommerce\content-product.php on line 105

2019-07-20T08:35:15+00:00 CRITICAL Object of class WP_Error could not be converted to string in C:\xampp\htdocs\outsource\wp-content\themes\myTheme\woocommerce\content-product.php on line 105

2019-07-20T08:35:50+00:00 CRITICAL Object of class WP_Error could not be converted to string in C:\xampp\htdocs\outsource\wp-content\themes\myTheme\woocommerce\content-product.php on line 105

2019-07-20T08:36:15+00:00 CRITICAL Object of class WP_Error could not be converted to string in C:\xampp\htdocs\outsource\wp-content\themes\myTheme\woocommerce\content-product.php on line 104

2019-07-20T09:54:20+00:00 CRITICAL Object of class WP_Error could not be converted to string in C:\xampp\htdocs\outsource\wp-content\themes\myTheme\woocommerce\content-product.php on line 104

2019-07-20T10:12:17+00:00 CRITICAL Object of class WP_Error could not be converted to string in C:\xampp\htdocs\outsource\wp-content\themes\myTheme\templates\collection-page.php on line 86

2019-07-20T10:12:35+00:00 CRITICAL Object of class WP_Error could not be converted to string in C:\xampp\htdocs\outsource\wp-content\themes\myTheme\templates\collection-page.php on line 86

2019-07-20T10:12:45+00:00 CRITICAL Object of class WP_Error could not be converted to string in C:\xampp\htdocs\outsource\wp-content\themes\myTheme\templates\collection-page.php on line 86

2019-07-20T10:12:53+00:00 CRITICAL Object of class WP_Error could not be converted to string in C:\xampp\htdocs\outsource\wp-content\themes\myTheme\templates\collection-page.php on line 86

2019-07-20T10:13:04+00:00 CRITICAL Object of class WP_Error could not be converted to string in C:\xampp\htdocs\outsource\wp-content\themes\myTheme\templates\collection-page.php on line 86

2019-07-20T10:16:09+00:00 CRITICAL Object of class WP_Error could not be converted to string in C:\xampp\htdocs\outsource\wp-content\themes\myTheme\templates\collection-page.php on line 86

2019-07-20T10:16:16+00:00 CRITICAL Object of class WP_Error could not be converted to string in C:\xampp\htdocs\outsource\wp-content\themes\myTheme\templates\collection-page.php on line 86

2019-07-20T10:16:52+00:00 CRITICAL Object of class WP_Error could not be converted to string in C:\xampp\htdocs\outsource\wp-content\themes\myTheme\templates\collection-page.php on line 86

2019-07-20T10:17:55+00:00 CRITICAL Object of class WP_Error could not be converted to string in C:\xampp\htdocs\outsource\wp-content\themes\myTheme\templates\collection-page.php on line 86

2019-07-20T10:18:28+00:00 CRITICAL Object of class WP_Error could not be converted to string in C:\xampp\htdocs\outsource\wp-content\themes\myTheme\templates\collection-page.php on line 86

2019-07-20T10:21:01+00:00 CRITICAL Object of class WP_Error could not be converted to string in C:\xampp\htdocs\outsource\wp-content\themes\myTheme\templates\collection-page.php on line 86

2019-07-20T10:25:29+00:00 CRITICAL Object of class WP_Error could not be converted to string in C:\xampp\htdocs\outsource\wp-content\themes\myTheme\templates\collection-page.php on line 86

2019-07-20T10:25:38+00:00 CRITICAL Object of class WP_Error could not be converted to string in C:\xampp\htdocs\outsource\wp-content\themes\myTheme\templates\collection-page.php on line 86

2019-07-20T10:25:51+00:00 CRITICAL Object of class WP_Error could not be converted to string in C:\xampp\htdocs\outsource\wp-content\themes\myTheme\templates\collection-page.php on line 86

2019-07-20T10:27:07+00:00 CRITICAL Object of class WP_Error could not be converted to string in C:\xampp\htdocs\outsource\wp-content\themes\myTheme\templates\collection-page.php on line 86

2019-07-20T10:27:16+00:00 CRITICAL Object of class WP_Error could not be converted to string in C:\xampp\htdocs\outsource\wp-content\themes\myTheme\templates\collection-page.php on line 86

2019-07-20T10:27:31+00:00 CRITICAL Object of class WP_Error could not be converted to string in C:\xampp\htdocs\outsource\wp-content\themes\myTheme\templates\collection-page.php on line 86

2019-07-20T10:28:16+00:00 CRITICAL Object of class WP_Error could not be converted to string in C:\xampp\htdocs\outsource\wp-content\themes\myTheme\templates\collection-page.php on line 86

2019-07-20T10:42:32+00:00 CRITICAL Object of class WP_Error could not be converted to string in C:\xampp\htdocs\outsource\wp-content\themes\myTheme\templates\collection-page.php on line 86

2019-07-20T10:42:38+00:00 CRITICAL Object of class WP_Error could not be converted to string in C:\xampp\htdocs\outsource\wp-content\themes\myTheme\templates\collection-page.php on line 86

2019-07-20T10:42:53+00:00 CRITICAL Object of class WP_Error could not be converted to string in C:\xampp\htdocs\outsource\wp-content\themes\myTheme\templates\collection-page.php on line 86

2019-07-20T10:43:00+00:00 CRITICAL Object of class WP_Error could not be converted to string in C:\xampp\htdocs\outsource\wp-content\themes\myTheme\templates\collection-page.php on line 86

2019-07-20T10:43:10+00:00 CRITICAL Object of class WP_Error could not be converted to string in C:\xampp\htdocs\outsource\wp-content\themes\myTheme\templates\collection-page.php on line 86

2019-07-20T10:44:08+00:00 CRITICAL Object of class WP_Error could not be converted to string in C:\xampp\htdocs\outsource\wp-content\themes\myTheme\templates\collection-page.php on line 86

2019-07-20T10:44:30+00:00 CRITICAL Object of class WP_Error could not be converted to string in C:\xampp\htdocs\outsource\wp-content\themes\myTheme\templates\collection-page.php on line 86

2019-07-20T11:11:05+00:00 CRITICAL Uncaught ArgumentCountError: Too few arguments to function get_term_by(), 1 passed in C:\xampp\htdocs\outsource\wp-content\themes\myTheme\template_part\product-noibat.php on line 97 and at least 2 expected in C:\xampp\htdocs\outsource\wp-includes\taxonomy.php:852
Stack trace:
#0 C:\xampp\htdocs\outsource\wp-content\themes\myTheme\template_part\product-noibat.php(97): get_term_by('26')
#1 C:\xampp\htdocs\outsource\wp-includes\template.php(690): require('C:\\xampp\\htdocs...')
#2 C:\xampp\htdocs\outsource\wp-includes\template.php(647): load_template('C:\\xampp\\htdocs...', false)
#3 C:\xampp\htdocs\outsource\wp-includes\general-template.php(155): locate_template(Array, true, false)
#4 C:\xampp\htdocs\outsource\wp-content\themes\myTheme\content.php(12): get_template_part('template_part/p...', 'noibat')
#5 C:\xampp\htdocs\outsource\wp-includes\template.php(690): require('C:\\xampp\\htdocs...')
#6 C:\xampp\htdocs\outsource\wp-includes\template.php(647): load_template('C:\\xampp\\htdocs...', false)
#7 C:\xampp\htdo in C:\xampp\htdocs\outsource\wp-includes\taxonomy.php on line 852

2019-07-20T11:11:34+00:00 CRITICAL Uncaught Error: Call to undefined function get_the_category_by_slug() in C:\xampp\htdocs\outsource\wp-content\themes\myTheme\template_part\product-noibat.php:97
Stack trace:
#0 C:\xampp\htdocs\outsource\wp-includes\template.php(690): require()
#1 C:\xampp\htdocs\outsource\wp-includes\template.php(647): load_template('C:\\xampp\\htdocs...', false)
#2 C:\xampp\htdocs\outsource\wp-includes\general-template.php(155): locate_template(Array, true, false)
#3 C:\xampp\htdocs\outsource\wp-content\themes\myTheme\content.php(12): get_template_part('template_part/p...', 'noibat')
#4 C:\xampp\htdocs\outsource\wp-includes\template.php(690): require('C:\\xampp\\htdocs...')
#5 C:\xampp\htdocs\outsource\wp-includes\template.php(647): load_template('C:\\xampp\\htdocs...', false)
#6 C:\xampp\htdocs\outsource\wp-includes\general-template.php(155): locate_template(Array, true, false)
#7 C:\xampp\htdocs\outsource\wp-content\themes\myTheme\index.php(4): get_template_part('content', '')
#8 C:\xampp\htdocs\outsource\wp-includes\templ in C:\xampp\htdocs\outsource\wp-content\themes\myTheme\template_part\product-noibat.php on line 97

2019-07-20T11:13:02+00:00 CRITICAL Uncaught ArgumentCountError: Too few arguments to function get_category(), 0 passed in C:\xampp\htdocs\outsource\wp-content\themes\myTheme\template_part\product-noibat.php on line 97 and at least 1 expected in C:\xampp\htdocs\outsource\wp-includes\category.php:91
Stack trace:
#0 C:\xampp\htdocs\outsource\wp-content\themes\myTheme\template_part\product-noibat.php(97): get_category()
#1 C:\xampp\htdocs\outsource\wp-includes\template.php(690): require('C:\\xampp\\htdocs...')
#2 C:\xampp\htdocs\outsource\wp-includes\template.php(647): load_template('C:\\xampp\\htdocs...', false)
#3 C:\xampp\htdocs\outsource\wp-includes\general-template.php(155): locate_template(Array, true, false)
#4 C:\xampp\htdocs\outsource\wp-content\themes\myTheme\content.php(12): get_template_part('template_part/p...', 'noibat')
#5 C:\xampp\htdocs\outsource\wp-includes\template.php(690): require('C:\\xampp\\htdocs...')
#6 C:\xampp\htdocs\outsource\wp-includes\template.php(647): load_template('C:\\xampp\\htdocs...', false)
#7 C:\xampp\htdocs\ in C:\xampp\htdocs\outsource\wp-includes\category.php on line 91

2019-07-20T11:38:45+00:00 CRITICAL Uncaught ArgumentCountError: Too few arguments to function get_category_by_slug(), 0 passed in C:\xampp\htdocs\outsource\wp-content\themes\myTheme\templates\collection-page.php on line 6 and exactly 1 expected in C:\xampp\htdocs\outsource\wp-includes\category.php:173
Stack trace:
#0 C:\xampp\htdocs\outsource\wp-content\themes\myTheme\templates\collection-page.php(6): get_category_by_slug()
#1 C:\xampp\htdocs\outsource\wp-includes\template-loader.php(74): include('C:\\xampp\\htdocs...')
#2 C:\xampp\htdocs\outsource\wp-blog-header.php(19): require_once('C:\\xampp\\htdocs...')
#3 C:\xampp\htdocs\outsource\index.php(17): require('C:\\xampp\\htdocs...')
#4 {main}
  thrown in C:\xampp\htdocs\outsource\wp-includes\category.php on line 173

2019-07-20T11:39:04+00:00 CRITICAL Uncaught ArgumentCountError: Too few arguments to function get_term_by(), 1 passed in C:\xampp\htdocs\outsource\wp-content\themes\myTheme\templates\collection-page.php on line 6 and at least 2 expected in C:\xampp\htdocs\outsource\wp-includes\taxonomy.php:852
Stack trace:
#0 C:\xampp\htdocs\outsource\wp-content\themes\myTheme\templates\collection-page.php(6): get_term_by('accessories')
#1 C:\xampp\htdocs\outsource\wp-includes\template-loader.php(74): include('C:\\xampp\\htdocs...')
#2 C:\xampp\htdocs\outsource\wp-blog-header.php(19): require_once('C:\\xampp\\htdocs...')
#3 C:\xampp\htdocs\outsource\index.php(17): require('C:\\xampp\\htdocs...')
#4 {main}
  thrown in C:\xampp\htdocs\outsource\wp-includes\taxonomy.php on line 852

2019-07-20T11:39:08+00:00 CRITICAL Uncaught ArgumentCountError: Too few arguments to function get_term_by(), 1 passed in C:\xampp\htdocs\outsource\wp-content\themes\myTheme\templates\collection-page.php on line 6 and at least 2 expected in C:\xampp\htdocs\outsource\wp-includes\taxonomy.php:852
Stack trace:
#0 C:\xampp\htdocs\outsource\wp-content\themes\myTheme\templates\collection-page.php(6): get_term_by('accessories')
#1 C:\xampp\htdocs\outsource\wp-includes\template-loader.php(74): include('C:\\xampp\\htdocs...')
#2 C:\xampp\htdocs\outsource\wp-blog-header.php(19): require_once('C:\\xampp\\htdocs...')
#3 C:\xampp\htdocs\outsource\index.php(17): require('C:\\xampp\\htdocs...')
#4 {main}
  thrown in C:\xampp\htdocs\outsource\wp-includes\taxonomy.php on line 852

2019-07-20T11:42:16+00:00 CRITICAL Uncaught Error: Call to undefined function et_category_by_slug() in C:\xampp\htdocs\outsource\wp-content\themes\myTheme\templates\collection-page.php:6
Stack trace:
#0 C:\xampp\htdocs\outsource\wp-includes\template-loader.php(74): include()
#1 C:\xampp\htdocs\outsource\wp-blog-header.php(19): require_once('C:\\xampp\\htdocs...')
#2 C:\xampp\htdocs\outsource\index.php(17): require('C:\\xampp\\htdocs...')
#3 {main}
  thrown in C:\xampp\htdocs\outsource\wp-content\themes\myTheme\templates\collection-page.php on line 6

2019-07-20T11:49:37+00:00 CRITICAL syntax error, unexpected ')' in C:\xampp\htdocs\outsource\wp-content\themes\myTheme\templates\collection-page.php on line 6

2019-07-20T11:53:28+00:00 CRITICAL Uncaught ArgumentCountError: Too few arguments to function get_term_by(), 1 passed in C:\xampp\htdocs\outsource\wp-content\themes\myTheme\templates\collection-page.php on line 6 and at least 2 expected in C:\xampp\htdocs\outsource\wp-includes\taxonomy.php:852
Stack trace:
#0 C:\xampp\htdocs\outsource\wp-content\themes\myTheme\templates\collection-page.php(6): get_term_by(NULL)
#1 C:\xampp\htdocs\outsource\wp-includes\template-loader.php(74): include('C:\\xampp\\htdocs...')
#2 C:\xampp\htdocs\outsource\wp-blog-header.php(19): require_once('C:\\xampp\\htdocs...')
#3 C:\xampp\htdocs\outsource\index.php(17): require('C:\\xampp\\htdocs...')
#4 {main}
  thrown in C:\xampp\htdocs\outsource\wp-includes\taxonomy.php on line 852

