2019-06-30T16:56:34+00:00 CRITICAL Uncaught Error: Call to a member function wc_get_product() on null in C:\xampp\htdocs\outsource\wp-content\themes\myTheme\include\woocommerce.php:61
Stack trace:
#0 C:\xampp\htdocs\outsource\wp-includes\class-wp-hook.php(286): viewProduct_init('')
#1 C:\xampp\htdocs\outsource\wp-includes\class-wp-hook.php(310): WP_Hook->apply_filters('', Array)
#2 C:\xampp\htdocs\outsource\wp-includes\plugin.php(453): WP_Hook->do_action(Array)
#3 C:\xampp\htdocs\outsource\wp-admin\admin-ajax.php(99): do_action('wp_ajax_viewPro...')
#4 {main}
  thrown in C:\xampp\htdocs\outsource\wp-content\themes\myTheme\include\woocommerce.php on line 61

2019-06-30T17:02:09+00:00 CRITICAL Uncaught Error: Call to undefined method WC_Product::wc_get_product() in C:\xampp\htdocs\outsource\wp-content\themes\myTheme\include\woocommerce.php:62
Stack trace:
#0 C:\xampp\htdocs\outsource\wp-includes\class-wp-hook.php(286): viewProduct_init('')
#1 C:\xampp\htdocs\outsource\wp-includes\class-wp-hook.php(310): WP_Hook->apply_filters('', Array)
#2 C:\xampp\htdocs\outsource\wp-includes\plugin.php(453): WP_Hook->do_action(Array)
#3 C:\xampp\htdocs\outsource\wp-admin\admin-ajax.php(99): do_action('wp_ajax_viewPro...')
#4 {main}
  thrown in C:\xampp\htdocs\outsource\wp-content\themes\myTheme\include\woocommerce.php on line 62

2019-06-30T17:04:48+00:00 CRITICAL syntax error, unexpected ';', expecting ',' or ')' in C:\xampp\htdocs\outsource\wp-content\themes\myTheme\include\woocommerce.php on line 68

2019-06-30T17:34:42+00:00 CRITICAL Uncaught Error: Call to undefined function get_post_thumbnail_url() in C:\xampp\htdocs\outsource\wp-content\themes\myTheme\include\woocommerce.php:71
Stack trace:
#0 C:\xampp\htdocs\outsource\wp-includes\class-wp-hook.php(286): viewProduct_init('')
#1 C:\xampp\htdocs\outsource\wp-includes\class-wp-hook.php(310): WP_Hook->apply_filters('', Array)
#2 C:\xampp\htdocs\outsource\wp-includes\plugin.php(453): WP_Hook->do_action(Array)
#3 C:\xampp\htdocs\outsource\wp-admin\admin-ajax.php(99): do_action('wp_ajax_viewPro...')
#4 {main}
  thrown in C:\xampp\htdocs\outsource\wp-content\themes\myTheme\include\woocommerce.php on line 71

