2019-08-09T14:32:37+00:00 CRITICAL Uncaught Error: Call to undefined method WC_Product_Simple::get_available_variations() in C:\xampp1\htdocs\outsource\wp-content\themes\myTheme\template_part\product\product-bestsale.php:54
Stack trace:
#0 C:\xampp1\htdocs\outsource\wp-includes\template.php(690): require()
#1 C:\xampp1\htdocs\outsource\wp-includes\template.php(647): load_template('C:\\xampp1\\htdoc...', false)
#2 C:\xampp1\htdocs\outsource\wp-includes\general-template.php(155): locate_template(Array, true, false)
#3 C:\xampp1\htdocs\outsource\wp-content\themes\myTheme\content.php(6): get_template_part('template_part/p...', 'bestsale')
#4 C:\xampp1\htdocs\outsource\wp-includes\template.php(690): require('C:\\xampp1\\htdoc...')
#5 C:\xampp1\htdocs\outsource\wp-includes\template.php(647): load_template('C:\\xampp1\\htdoc...', false)
#6 C:\xampp1\htdocs\outsource\wp-includes\general-template.php(155): locate_template(Array, true, false)
#7 C:\xampp1\htdocs\outsource\wp-content\themes\myTheme\front-page.php(4): get_template_part('content', '')
#8 C in C:\xampp1\htdocs\outsource\wp-content\themes\myTheme\template_part\product\product-bestsale.php on line 54

2019-08-09T14:33:13+00:00 CRITICAL Uncaught Error: Call to undefined method WC_Product_Simple::get_available_variations() in C:\xampp1\htdocs\outsource\wp-content\themes\myTheme\template_part\product\product-bestsale.php:54
Stack trace:
#0 C:\xampp1\htdocs\outsource\wp-includes\template.php(690): require()
#1 C:\xampp1\htdocs\outsource\wp-includes\template.php(647): load_template('C:\\xampp1\\htdoc...', false)
#2 C:\xampp1\htdocs\outsource\wp-includes\general-template.php(155): locate_template(Array, true, false)
#3 C:\xampp1\htdocs\outsource\wp-content\themes\myTheme\content.php(6): get_template_part('template_part/p...', 'bestsale')
#4 C:\xampp1\htdocs\outsource\wp-includes\template.php(690): require('C:\\xampp1\\htdoc...')
#5 C:\xampp1\htdocs\outsource\wp-includes\template.php(647): load_template('C:\\xampp1\\htdoc...', false)
#6 C:\xampp1\htdocs\outsource\wp-includes\general-template.php(155): locate_template(Array, true, false)
#7 C:\xampp1\htdocs\outsource\wp-content\themes\myTheme\front-page.php(4): get_template_part('content', '')
#8 C in C:\xampp1\htdocs\outsource\wp-content\themes\myTheme\template_part\product\product-bestsale.php on line 54

2019-08-09T14:33:29+00:00 CRITICAL Uncaught Error: Call to undefined method WC_Product_Simple::get_available_variations() in C:\xampp1\htdocs\outsource\wp-content\themes\myTheme\template_part\product\product-bestsale.php:54
Stack trace:
#0 C:\xampp1\htdocs\outsource\wp-includes\template.php(690): require()
#1 C:\xampp1\htdocs\outsource\wp-includes\template.php(647): load_template('C:\\xampp1\\htdoc...', false)
#2 C:\xampp1\htdocs\outsource\wp-includes\general-template.php(155): locate_template(Array, true, false)
#3 C:\xampp1\htdocs\outsource\wp-content\themes\myTheme\content.php(6): get_template_part('template_part/p...', 'bestsale')
#4 C:\xampp1\htdocs\outsource\wp-includes\template.php(690): require('C:\\xampp1\\htdoc...')
#5 C:\xampp1\htdocs\outsource\wp-includes\template.php(647): load_template('C:\\xampp1\\htdoc...', false)
#6 C:\xampp1\htdocs\outsource\wp-includes\general-template.php(155): locate_template(Array, true, false)
#7 C:\xampp1\htdocs\outsource\wp-content\themes\myTheme\front-page.php(4): get_template_part('content', '')
#8 C in C:\xampp1\htdocs\outsource\wp-content\themes\myTheme\template_part\product\product-bestsale.php on line 54

2019-08-09T14:34:09+00:00 CRITICAL Uncaught Error: Call to undefined method WC_Product_Simple::get_available_variations() in C:\xampp1\htdocs\outsource\wp-content\themes\myTheme\template_part\product\product-bestsale.php:54
Stack trace:
#0 C:\xampp1\htdocs\outsource\wp-includes\template.php(690): require()
#1 C:\xampp1\htdocs\outsource\wp-includes\template.php(647): load_template('C:\\xampp1\\htdoc...', false)
#2 C:\xampp1\htdocs\outsource\wp-includes\general-template.php(155): locate_template(Array, true, false)
#3 C:\xampp1\htdocs\outsource\wp-content\themes\myTheme\content.php(6): get_template_part('template_part/p...', 'bestsale')
#4 C:\xampp1\htdocs\outsource\wp-includes\template.php(690): require('C:\\xampp1\\htdoc...')
#5 C:\xampp1\htdocs\outsource\wp-includes\template.php(647): load_template('C:\\xampp1\\htdoc...', false)
#6 C:\xampp1\htdocs\outsource\wp-includes\general-template.php(155): locate_template(Array, true, false)
#7 C:\xampp1\htdocs\outsource\wp-content\themes\myTheme\front-page.php(4): get_template_part('content', '')
#8 C in C:\xampp1\htdocs\outsource\wp-content\themes\myTheme\template_part\product\product-bestsale.php on line 54

2019-08-09T15:26:08+00:00 CRITICAL Uncaught Error: Call to undefined method WC_Product_Simple::get_available_variations() in C:\xampp1\htdocs\outsource\wp-content\themes\myTheme\template_part\product\product-bestsale.php:172
Stack trace:
#0 C:\xampp1\htdocs\outsource\wp-includes\template.php(690): require()
#1 C:\xampp1\htdocs\outsource\wp-includes\template.php(647): load_template('C:\\xampp1\\htdoc...', false)
#2 C:\xampp1\htdocs\outsource\wp-includes\general-template.php(155): locate_template(Array, true, false)
#3 C:\xampp1\htdocs\outsource\wp-content\themes\myTheme\content.php(6): get_template_part('template_part/p...', 'bestsale')
#4 C:\xampp1\htdocs\outsource\wp-includes\template.php(690): require('C:\\xampp1\\htdoc...')
#5 C:\xampp1\htdocs\outsource\wp-includes\template.php(647): load_template('C:\\xampp1\\htdoc...', false)
#6 C:\xampp1\htdocs\outsource\wp-includes\general-template.php(155): locate_template(Array, true, false)
#7 C:\xampp1\htdocs\outsource\wp-content\themes\myTheme\front-page.php(4): get_template_part('content', '')
#8  in C:\xampp1\htdocs\outsource\wp-content\themes\myTheme\template_part\product\product-bestsale.php on line 172

2019-08-09T16:29:58+00:00 CRITICAL Uncaught Error: Call to a member function get_tax_class() on null in C:\xampp1\htdocs\outsource\wp-content\plugins\woocommerce\includes\class-wc-cart-totals.php:231
Stack trace:
#0 C:\xampp1\htdocs\outsource\wp-content\plugins\woocommerce\includes\class-wc-cart-totals.php(648): WC_Cart_Totals->get_items_from_cart()
#1 C:\xampp1\htdocs\outsource\wp-content\plugins\woocommerce\includes\class-wc-cart-totals.php(140): WC_Cart_Totals->calculate_item_totals()
#2 C:\xampp1\htdocs\outsource\wp-content\plugins\woocommerce\includes\class-wc-cart-totals.php(131): WC_Cart_Totals->calculate()
#3 C:\xampp1\htdocs\outsource\wp-content\plugins\woocommerce\includes\class-wc-cart.php(1215): WC_Cart_Totals->__construct(Object(WC_Cart))
#4 C:\xampp1\htdocs\outsource\wp-content\plugins\woocommerce\includes\class-wc-cart.php(1184): WC_Cart->calculate_totals()
#5 C:\xampp1\htdocs\outsource\wp-content\themes\myTheme\include\woocommerce.php(1044): WC_Cart->set_quantity('quantity', 2, true)
#6 C:\xampp1\htdocs\outsource\wp-includes\cl in C:\xampp1\htdocs\outsource\wp-content\plugins\woocommerce\includes\class-wc-cart-totals.php on line 231

2019-08-09T16:29:59+00:00 CRITICAL Uncaught Error: Call to a member function get_tax_class() on null in C:\xampp1\htdocs\outsource\wp-content\plugins\woocommerce\includes\class-wc-cart-totals.php:231
Stack trace:
#0 C:\xampp1\htdocs\outsource\wp-content\plugins\woocommerce\includes\class-wc-cart-totals.php(648): WC_Cart_Totals->get_items_from_cart()
#1 C:\xampp1\htdocs\outsource\wp-content\plugins\woocommerce\includes\class-wc-cart-totals.php(140): WC_Cart_Totals->calculate_item_totals()
#2 C:\xampp1\htdocs\outsource\wp-content\plugins\woocommerce\includes\class-wc-cart-totals.php(131): WC_Cart_Totals->calculate()
#3 C:\xampp1\htdocs\outsource\wp-content\plugins\woocommerce\includes\class-wc-cart.php(1215): WC_Cart_Totals->__construct(Object(WC_Cart))
#4 C:\xampp1\htdocs\outsource\wp-content\plugins\woocommerce\includes\class-wc-cart.php(1184): WC_Cart->calculate_totals()
#5 C:\xampp1\htdocs\outsource\wp-content\themes\myTheme\include\woocommerce.php(1044): WC_Cart->set_quantity('quantity', 3, true)
#6 C:\xampp1\htdocs\outsource\wp-includes\cl in C:\xampp1\htdocs\outsource\wp-content\plugins\woocommerce\includes\class-wc-cart-totals.php on line 231

2019-08-09T17:42:34+00:00 CRITICAL Uncaught Error: Call to a member function get_tax_class() on null in C:\xampp1\htdocs\outsource\wp-content\plugins\woocommerce\includes\class-wc-cart-totals.php:231
Stack trace:
#0 C:\xampp1\htdocs\outsource\wp-content\plugins\woocommerce\includes\class-wc-cart-totals.php(648): WC_Cart_Totals->get_items_from_cart()
#1 C:\xampp1\htdocs\outsource\wp-content\plugins\woocommerce\includes\class-wc-cart-totals.php(140): WC_Cart_Totals->calculate_item_totals()
#2 C:\xampp1\htdocs\outsource\wp-content\plugins\woocommerce\includes\class-wc-cart-totals.php(131): WC_Cart_Totals->calculate()
#3 C:\xampp1\htdocs\outsource\wp-content\plugins\woocommerce\includes\class-wc-cart.php(1215): WC_Cart_Totals->__construct(Object(WC_Cart))
#4 C:\xampp1\htdocs\outsource\wp-content\plugins\woocommerce\includes\class-wc-cart.php(1184): WC_Cart->calculate_totals()
#5 C:\xampp1\htdocs\outsource\wp-content\themes\myTheme\include\woocommerce.php(1044): WC_Cart->set_quantity('quantity', 2, true)
#6 C:\xampp1\htdocs\outsource\wp-includes\cl in C:\xampp1\htdocs\outsource\wp-content\plugins\woocommerce\includes\class-wc-cart-totals.php on line 231

