2019-07-23T13:17:54+00:00 CRITICAL syntax error, unexpected 'var_dump' (T_STRING) in C:\xampp\htdocs\outsource\wp-content\themes\myTheme\woocommerce\content-single-product.php on line 80

2019-07-23T14:35:25+00:00 CRITICAL Uncaught Error: Function name must be a string in C:\xampp\htdocs\outsource\wp-content\themes\myTheme\woocommerce\content-single-product.php:122
Stack trace:
#0 C:\xampp\htdocs\outsource\wp-includes\template.php(690): require()
#1 C:\xampp\htdocs\outsource\wp-content\plugins\woocommerce\includes\wc-core-functions.php(195): load_template('C:\\xampp\\htdocs...', false)
#2 C:\xampp\htdocs\outsource\wp-content\plugins\woocommerce\includes\class-wc-shortcodes.php(564): wc_get_template_part('content', 'single-product')
#3 C:\xampp\htdocs\outsource\wp-includes\shortcodes.php(319): WC_Shortcodes::product_page(Array, '', 'product_page')
#4 [internal function]: do_shortcode_tag(Array)
#5 C:\xampp\htdocs\outsource\wp-includes\shortcodes.php(197): preg_replace_callback('/\\[(\\[?)(produc...', 'do_shortcode_ta...', '[product_page i...')
#6 C:\xampp\htdocs\outsource\wp-content\plugins\woocommerce\includes\class-wc-template-loader.php(496): do_shortcode('[product_page i...')
#7 C:\xampp\htdocs\outsource\wp-includes\class-wp in C:\xampp\htdocs\outsource\wp-content\themes\myTheme\woocommerce\content-single-product.php on line 122

2019-07-23T14:36:22+00:00 CRITICAL Uncaught Error: Function name must be a string in C:\xampp\htdocs\outsource\wp-content\themes\myTheme\woocommerce\content-single-product.php:122
Stack trace:
#0 C:\xampp\htdocs\outsource\wp-includes\template.php(690): require()
#1 C:\xampp\htdocs\outsource\wp-content\plugins\woocommerce\includes\wc-core-functions.php(195): load_template('C:\\xampp\\htdocs...', false)
#2 C:\xampp\htdocs\outsource\wp-content\plugins\woocommerce\includes\class-wc-shortcodes.php(564): wc_get_template_part('content', 'single-product')
#3 C:\xampp\htdocs\outsource\wp-includes\shortcodes.php(319): WC_Shortcodes::product_page(Array, '', 'product_page')
#4 [internal function]: do_shortcode_tag(Array)
#5 C:\xampp\htdocs\outsource\wp-includes\shortcodes.php(197): preg_replace_callback('/\\[(\\[?)(produc...', 'do_shortcode_ta...', '[product_page i...')
#6 C:\xampp\htdocs\outsource\wp-content\plugins\woocommerce\includes\class-wc-template-loader.php(496): do_shortcode('[product_page i...')
#7 C:\xampp\htdocs\outsource\wp-includes\class-wp in C:\xampp\htdocs\outsource\wp-content\themes\myTheme\woocommerce\content-single-product.php on line 122

2019-07-23T17:50:42+00:00 CRITICAL syntax error, unexpected end of file in C:\xampp\htdocs\outsource\wp-content\themes\myTheme\woocommerce\content-single-product.php on line 283

