2019-08-22T14:38:52+00:00 CRITICAL Uncaught Error: Cannot use object of type WC_Product_Variation as array in C:\xampp1\htdocs\outsource\wp-content\themes\myTheme\woocommerce\order\order-details-item.php:55
Stack trace:
#0 C:\xampp1\htdocs\outsource\wp-content\plugins\woocommerce\includes\wc-core-functions.php(249): include()
#1 C:\xampp1\htdocs\outsource\wp-content\themes\myTheme\woocommerce\order\order-details.php(71): wc_get_template('order/order-det...', Array)
#2 C:\xampp1\htdocs\outsource\wp-content\plugins\woocommerce\includes\wc-core-functions.php(249): include('C:\\xampp1\\htdoc...')
#3 C:\xampp1\htdocs\outsource\wp-content\plugins\woocommerce\includes\wc-template-functions.php(2538): wc_get_template('order/order-det...', Array)
#4 C:\xampp1\htdocs\outsource\wp-includes\class-wp-hook.php(286): woocommerce_order_details_table(331)
#5 C:\xampp1\htdocs\outsource\wp-includes\class-wp-hook.php(310): WP_Hook->apply_filters('', Array)
#6 C:\xampp1\htdocs\outsource\wp-includes\plugin.php(453): WP_Hook->do_action(Array)
#7 C:\xampp1\htdocs\out in C:\xampp1\htdocs\outsource\wp-content\themes\myTheme\woocommerce\order\order-details-item.php on line 55

2019-08-22T14:39:24+00:00 CRITICAL Uncaught Error: Cannot use object of type WC_Product_Variation as array in C:\xampp1\htdocs\outsource\wp-content\themes\myTheme\woocommerce\order\order-details-item.php:55
Stack trace:
#0 C:\xampp1\htdocs\outsource\wp-content\plugins\woocommerce\includes\wc-core-functions.php(249): include()
#1 C:\xampp1\htdocs\outsource\wp-content\themes\myTheme\woocommerce\order\order-details.php(71): wc_get_template('order/order-det...', Array)
#2 C:\xampp1\htdocs\outsource\wp-content\plugins\woocommerce\includes\wc-core-functions.php(249): include('C:\\xampp1\\htdoc...')
#3 C:\xampp1\htdocs\outsource\wp-content\plugins\woocommerce\includes\wc-template-functions.php(2538): wc_get_template('order/order-det...', Array)
#4 C:\xampp1\htdocs\outsource\wp-includes\class-wp-hook.php(286): woocommerce_order_details_table(331)
#5 C:\xampp1\htdocs\outsource\wp-includes\class-wp-hook.php(310): WP_Hook->apply_filters('', Array)
#6 C:\xampp1\htdocs\outsource\wp-includes\plugin.php(453): WP_Hook->do_action(Array)
#7 C:\xampp1\htdocs\out in C:\xampp1\htdocs\outsource\wp-content\themes\myTheme\woocommerce\order\order-details-item.php on line 55

2019-08-22T14:41:39+00:00 CRITICAL Uncaught Error: Cannot use object of type WC_Product_Variation as array in C:\xampp1\htdocs\outsource\wp-content\themes\myTheme\woocommerce\order\order-details-item.php:55
Stack trace:
#0 C:\xampp1\htdocs\outsource\wp-content\plugins\woocommerce\includes\wc-core-functions.php(249): include()
#1 C:\xampp1\htdocs\outsource\wp-content\themes\myTheme\woocommerce\order\order-details.php(71): wc_get_template('order/order-det...', Array)
#2 C:\xampp1\htdocs\outsource\wp-content\plugins\woocommerce\includes\wc-core-functions.php(249): include('C:\\xampp1\\htdoc...')
#3 C:\xampp1\htdocs\outsource\wp-content\plugins\woocommerce\includes\wc-template-functions.php(2538): wc_get_template('order/order-det...', Array)
#4 C:\xampp1\htdocs\outsource\wp-includes\class-wp-hook.php(286): woocommerce_order_details_table(331)
#5 C:\xampp1\htdocs\outsource\wp-includes\class-wp-hook.php(310): WP_Hook->apply_filters('', Array)
#6 C:\xampp1\htdocs\outsource\wp-includes\plugin.php(453): WP_Hook->do_action(Array)
#7 C:\xampp1\htdocs\out in C:\xampp1\htdocs\outsource\wp-content\themes\myTheme\woocommerce\order\order-details-item.php on line 55

2019-08-22T14:43:58+00:00 CRITICAL Uncaught Error: Cannot use object of type WC_Product_Variation as array in C:\xampp1\htdocs\outsource\wp-content\themes\myTheme\woocommerce\order\order-details-item.php:55
Stack trace:
#0 C:\xampp1\htdocs\outsource\wp-content\plugins\woocommerce\includes\wc-core-functions.php(249): include()
#1 C:\xampp1\htdocs\outsource\wp-content\themes\myTheme\woocommerce\order\order-details.php(71): wc_get_template('order/order-det...', Array)
#2 C:\xampp1\htdocs\outsource\wp-content\plugins\woocommerce\includes\wc-core-functions.php(249): include('C:\\xampp1\\htdoc...')
#3 C:\xampp1\htdocs\outsource\wp-content\plugins\woocommerce\includes\wc-template-functions.php(2538): wc_get_template('order/order-det...', Array)
#4 C:\xampp1\htdocs\outsource\wp-includes\class-wp-hook.php(286): woocommerce_order_details_table(331)
#5 C:\xampp1\htdocs\outsource\wp-includes\class-wp-hook.php(310): WP_Hook->apply_filters('', Array)
#6 C:\xampp1\htdocs\outsource\wp-includes\plugin.php(453): WP_Hook->do_action(Array)
#7 C:\xampp1\htdocs\out in C:\xampp1\htdocs\outsource\wp-content\themes\myTheme\woocommerce\order\order-details-item.php on line 55

2019-08-22T14:44:16+00:00 CRITICAL Uncaught Error: Cannot use object of type WC_Product_Variation as array in C:\xampp1\htdocs\outsource\wp-content\themes\myTheme\woocommerce\order\order-details-item.php:55
Stack trace:
#0 C:\xampp1\htdocs\outsource\wp-content\plugins\woocommerce\includes\wc-core-functions.php(249): include()
#1 C:\xampp1\htdocs\outsource\wp-content\themes\myTheme\woocommerce\order\order-details.php(71): wc_get_template('order/order-det...', Array)
#2 C:\xampp1\htdocs\outsource\wp-content\plugins\woocommerce\includes\wc-core-functions.php(249): include('C:\\xampp1\\htdoc...')
#3 C:\xampp1\htdocs\outsource\wp-content\plugins\woocommerce\includes\wc-template-functions.php(2538): wc_get_template('order/order-det...', Array)
#4 C:\xampp1\htdocs\outsource\wp-includes\class-wp-hook.php(286): woocommerce_order_details_table(331)
#5 C:\xampp1\htdocs\outsource\wp-includes\class-wp-hook.php(310): WP_Hook->apply_filters('', Array)
#6 C:\xampp1\htdocs\outsource\wp-includes\plugin.php(453): WP_Hook->do_action(Array)
#7 C:\xampp1\htdocs\out in C:\xampp1\htdocs\outsource\wp-content\themes\myTheme\woocommerce\order\order-details-item.php on line 55

2019-08-22T14:45:19+00:00 CRITICAL Uncaught Error: Cannot use object of type WC_Product_Variation as array in C:\xampp1\htdocs\outsource\wp-content\themes\myTheme\woocommerce\order\order-details-item.php:55
Stack trace:
#0 C:\xampp1\htdocs\outsource\wp-content\plugins\woocommerce\includes\wc-core-functions.php(249): include()
#1 C:\xampp1\htdocs\outsource\wp-content\themes\myTheme\woocommerce\order\order-details.php(71): wc_get_template('order/order-det...', Array)
#2 C:\xampp1\htdocs\outsource\wp-content\plugins\woocommerce\includes\wc-core-functions.php(249): include('C:\\xampp1\\htdoc...')
#3 C:\xampp1\htdocs\outsource\wp-content\plugins\woocommerce\includes\wc-template-functions.php(2538): wc_get_template('order/order-det...', Array)
#4 C:\xampp1\htdocs\outsource\wp-includes\class-wp-hook.php(286): woocommerce_order_details_table(331)
#5 C:\xampp1\htdocs\outsource\wp-includes\class-wp-hook.php(310): WP_Hook->apply_filters('', Array)
#6 C:\xampp1\htdocs\outsource\wp-includes\plugin.php(453): WP_Hook->do_action(Array)
#7 C:\xampp1\htdocs\out in C:\xampp1\htdocs\outsource\wp-content\themes\myTheme\woocommerce\order\order-details-item.php on line 55

2019-08-22T14:47:10+00:00 CRITICAL Uncaught Error: Cannot use object of type WC_Product_Variation as array in C:\xampp1\htdocs\outsource\wp-content\themes\myTheme\woocommerce\order\order-details-item.php:55
Stack trace:
#0 C:\xampp1\htdocs\outsource\wp-content\plugins\woocommerce\includes\wc-core-functions.php(249): include()
#1 C:\xampp1\htdocs\outsource\wp-content\themes\myTheme\woocommerce\order\order-details.php(71): wc_get_template('order/order-det...', Array)
#2 C:\xampp1\htdocs\outsource\wp-content\plugins\woocommerce\includes\wc-core-functions.php(249): include('C:\\xampp1\\htdoc...')
#3 C:\xampp1\htdocs\outsource\wp-content\plugins\woocommerce\includes\wc-template-functions.php(2538): wc_get_template('order/order-det...', Array)
#4 C:\xampp1\htdocs\outsource\wp-includes\class-wp-hook.php(286): woocommerce_order_details_table(331)
#5 C:\xampp1\htdocs\outsource\wp-includes\class-wp-hook.php(310): WP_Hook->apply_filters('', Array)
#6 C:\xampp1\htdocs\outsource\wp-includes\plugin.php(453): WP_Hook->do_action(Array)
#7 C:\xampp1\htdocs\out in C:\xampp1\htdocs\outsource\wp-content\themes\myTheme\woocommerce\order\order-details-item.php on line 55

2019-08-22T15:59:07+00:00 CRITICAL Uncaught Error: Call to a member function get_id() on string in C:\xampp1\htdocs\outsource\wp-content\themes\myTheme\header.php:40
Stack trace:
#0 C:\xampp1\htdocs\outsource\wp-includes\template.php(688): require_once()
#1 C:\xampp1\htdocs\outsource\wp-includes\template.php(647): load_template('C:\\xampp1\\htdoc...', true)
#2 C:\xampp1\htdocs\outsource\wp-includes\general-template.php(41): locate_template(Array, true)
#3 C:\xampp1\htdocs\outsource\wp-content\themes\myTheme\woocommerce\single-product.php(22): get_header('shop')
#4 C:\xampp1\htdocs\outsource\wp-includes\template-loader.php(74): include('C:\\xampp1\\htdoc...')
#5 C:\xampp1\htdocs\outsource\wp-blog-header.php(19): require_once('C:\\xampp1\\htdoc...')
#6 C:\xampp1\htdocs\outsource\index.php(17): require('C:\\xampp1\\htdoc...')
#7 {main}
  thrown in C:\xampp1\htdocs\outsource\wp-content\themes\myTheme\header.php on line 40

