2019-07-30T12:48:14+00:00 CRITICAL syntax error, unexpected 'else' (T_ELSE), expecting end of file in C:\xampp\htdocs\outsource\wp-content\themes\myTheme\woocommerce\checkout\thankyou.php on line 80

2019-07-30T12:48:16+00:00 CRITICAL syntax error, unexpected 'else' (T_ELSE), expecting end of file in C:\xampp\htdocs\outsource\wp-content\themes\myTheme\woocommerce\checkout\thankyou.php on line 80

2019-07-30T12:48:22+00:00 CRITICAL syntax error, unexpected 'endif' (T_ENDIF), expecting end of file in C:\xampp\htdocs\outsource\wp-content\themes\myTheme\woocommerce\checkout\thankyou.php on line 84

2019-07-30T12:48:23+00:00 CRITICAL syntax error, unexpected 'endif' (T_ENDIF), expecting end of file in C:\xampp\htdocs\outsource\wp-content\themes\myTheme\woocommerce\checkout\thankyou.php on line 84

2019-07-30T12:48:29+00:00 CRITICAL Uncaught Error: Call to a member function get_payment_method() on boolean in C:\xampp\htdocs\outsource\wp-content\themes\myTheme\woocommerce\checkout\thankyou.php:77
Stack trace:
#0 C:\xampp\htdocs\outsource\wp-content\plugins\woocommerce\includes\wc-core-functions.php(249): include()
#1 C:\xampp\htdocs\outsource\wp-content\plugins\woocommerce\includes\shortcodes\class-wc-shortcode-checkout.php(248): wc_get_template('checkout/thanky...', Array)
#2 C:\xampp\htdocs\outsource\wp-content\plugins\woocommerce\includes\shortcodes\class-wc-shortcode-checkout.php(63): WC_Shortcode_Checkout::order_received(209)
#3 C:\xampp\htdocs\outsource\wp-content\plugins\woocommerce\includes\class-wc-shortcodes.php(72): WC_Shortcode_Checkout::output('')
#4 C:\xampp\htdocs\outsource\wp-content\plugins\woocommerce\includes\class-wc-shortcodes.php(95): WC_Shortcodes::shortcode_wrapper(Array, '')
#5 C:\xampp\htdocs\outsource\wp-includes\shortcodes.php(319): WC_Shortcodes::checkout('', '', 'woocommerce_che...')
#6 [internal function]: d in C:\xampp\htdocs\outsource\wp-content\themes\myTheme\woocommerce\checkout\thankyou.php on line 77

2019-07-30T12:48:29+00:00 CRITICAL Uncaught Error: Call to a member function get_payment_method() on boolean in C:\xampp\htdocs\outsource\wp-content\themes\myTheme\woocommerce\checkout\thankyou.php:77
Stack trace:
#0 C:\xampp\htdocs\outsource\wp-content\plugins\woocommerce\includes\wc-core-functions.php(249): include()
#1 C:\xampp\htdocs\outsource\wp-content\plugins\woocommerce\includes\shortcodes\class-wc-shortcode-checkout.php(248): wc_get_template('checkout/thanky...', Array)
#2 C:\xampp\htdocs\outsource\wp-content\plugins\woocommerce\includes\shortcodes\class-wc-shortcode-checkout.php(63): WC_Shortcode_Checkout::order_received(209)
#3 C:\xampp\htdocs\outsource\wp-content\plugins\woocommerce\includes\class-wc-shortcodes.php(72): WC_Shortcode_Checkout::output('')
#4 C:\xampp\htdocs\outsource\wp-content\plugins\woocommerce\includes\class-wc-shortcodes.php(95): WC_Shortcodes::shortcode_wrapper(Array, '')
#5 C:\xampp\htdocs\outsource\wp-includes\shortcodes.php(319): WC_Shortcodes::checkout('', '', 'woocommerce_che...')
#6 [internal function]: d in C:\xampp\htdocs\outsource\wp-content\themes\myTheme\woocommerce\checkout\thankyou.php on line 77

2019-07-30T12:48:29+00:00 CRITICAL Uncaught Error: Call to a member function get_payment_method() on boolean in C:\xampp\htdocs\outsource\wp-content\themes\myTheme\woocommerce\checkout\thankyou.php:77
Stack trace:
#0 C:\xampp\htdocs\outsource\wp-content\plugins\woocommerce\includes\wc-core-functions.php(249): include()
#1 C:\xampp\htdocs\outsource\wp-content\plugins\woocommerce\includes\shortcodes\class-wc-shortcode-checkout.php(248): wc_get_template('checkout/thanky...', Array)
#2 C:\xampp\htdocs\outsource\wp-content\plugins\woocommerce\includes\shortcodes\class-wc-shortcode-checkout.php(63): WC_Shortcode_Checkout::order_received(209)
#3 C:\xampp\htdocs\outsource\wp-content\plugins\woocommerce\includes\class-wc-shortcodes.php(72): WC_Shortcode_Checkout::output('')
#4 C:\xampp\htdocs\outsource\wp-content\plugins\woocommerce\includes\class-wc-shortcodes.php(95): WC_Shortcodes::shortcode_wrapper(Array, '')
#5 C:\xampp\htdocs\outsource\wp-includes\shortcodes.php(319): WC_Shortcodes::checkout('', '', 'woocommerce_che...')
#6 [internal function]: d in C:\xampp\htdocs\outsource\wp-content\themes\myTheme\woocommerce\checkout\thankyou.php on line 77

2019-07-30T12:48:29+00:00 CRITICAL Uncaught Error: Call to a member function get_payment_method() on boolean in C:\xampp\htdocs\outsource\wp-content\themes\myTheme\woocommerce\checkout\thankyou.php:77
Stack trace:
#0 C:\xampp\htdocs\outsource\wp-content\plugins\woocommerce\includes\wc-core-functions.php(249): include()
#1 C:\xampp\htdocs\outsource\wp-content\plugins\woocommerce\includes\shortcodes\class-wc-shortcode-checkout.php(248): wc_get_template('checkout/thanky...', Array)
#2 C:\xampp\htdocs\outsource\wp-content\plugins\woocommerce\includes\shortcodes\class-wc-shortcode-checkout.php(63): WC_Shortcode_Checkout::order_received(209)
#3 C:\xampp\htdocs\outsource\wp-content\plugins\woocommerce\includes\class-wc-shortcodes.php(72): WC_Shortcode_Checkout::output('')
#4 C:\xampp\htdocs\outsource\wp-content\plugins\woocommerce\includes\class-wc-shortcodes.php(95): WC_Shortcodes::shortcode_wrapper(Array, '')
#5 C:\xampp\htdocs\outsource\wp-includes\shortcodes.php(319): WC_Shortcodes::checkout('', '', 'woocommerce_che...')
#6 [internal function]: d in C:\xampp\htdocs\outsource\wp-content\themes\myTheme\woocommerce\checkout\thankyou.php on line 77

2019-07-30T12:48:34+00:00 CRITICAL Uncaught Error: Call to a member function get_payment_method() on boolean in C:\xampp\htdocs\outsource\wp-content\themes\myTheme\woocommerce\checkout\thankyou.php:77
Stack trace:
#0 C:\xampp\htdocs\outsource\wp-content\plugins\woocommerce\includes\wc-core-functions.php(249): include()
#1 C:\xampp\htdocs\outsource\wp-content\plugins\woocommerce\includes\shortcodes\class-wc-shortcode-checkout.php(248): wc_get_template('checkout/thanky...', Array)
#2 C:\xampp\htdocs\outsource\wp-content\plugins\woocommerce\includes\shortcodes\class-wc-shortcode-checkout.php(63): WC_Shortcode_Checkout::order_received(209)
#3 C:\xampp\htdocs\outsource\wp-content\plugins\woocommerce\includes\class-wc-shortcodes.php(72): WC_Shortcode_Checkout::output('')
#4 C:\xampp\htdocs\outsource\wp-content\plugins\woocommerce\includes\class-wc-shortcodes.php(95): WC_Shortcodes::shortcode_wrapper(Array, '')
#5 C:\xampp\htdocs\outsource\wp-includes\shortcodes.php(319): WC_Shortcodes::checkout('', '', 'woocommerce_che...')
#6 [internal function]: d in C:\xampp\htdocs\outsource\wp-content\themes\myTheme\woocommerce\checkout\thankyou.php on line 77

2019-07-30T12:48:34+00:00 CRITICAL Uncaught Error: Call to a member function get_payment_method() on boolean in C:\xampp\htdocs\outsource\wp-content\themes\myTheme\woocommerce\checkout\thankyou.php:77
Stack trace:
#0 C:\xampp\htdocs\outsource\wp-content\plugins\woocommerce\includes\wc-core-functions.php(249): include()
#1 C:\xampp\htdocs\outsource\wp-content\plugins\woocommerce\includes\shortcodes\class-wc-shortcode-checkout.php(248): wc_get_template('checkout/thanky...', Array)
#2 C:\xampp\htdocs\outsource\wp-content\plugins\woocommerce\includes\shortcodes\class-wc-shortcode-checkout.php(63): WC_Shortcode_Checkout::order_received(209)
#3 C:\xampp\htdocs\outsource\wp-content\plugins\woocommerce\includes\class-wc-shortcodes.php(72): WC_Shortcode_Checkout::output('')
#4 C:\xampp\htdocs\outsource\wp-content\plugins\woocommerce\includes\class-wc-shortcodes.php(95): WC_Shortcodes::shortcode_wrapper(Array, '')
#5 C:\xampp\htdocs\outsource\wp-includes\shortcodes.php(319): WC_Shortcodes::checkout('', '', 'woocommerce_che...')
#6 [internal function]: d in C:\xampp\htdocs\outsource\wp-content\themes\myTheme\woocommerce\checkout\thankyou.php on line 77

2019-07-30T12:48:54+00:00 CRITICAL Uncaught Error: Call to a member function get_id() on boolean in C:\xampp\htdocs\outsource\wp-content\themes\myTheme\woocommerce\checkout\thankyou.php:78
Stack trace:
#0 C:\xampp\htdocs\outsource\wp-content\plugins\woocommerce\includes\wc-core-functions.php(249): include()
#1 C:\xampp\htdocs\outsource\wp-content\plugins\woocommerce\includes\shortcodes\class-wc-shortcode-checkout.php(248): wc_get_template('checkout/thanky...', Array)
#2 C:\xampp\htdocs\outsource\wp-content\plugins\woocommerce\includes\shortcodes\class-wc-shortcode-checkout.php(63): WC_Shortcode_Checkout::order_received(209)
#3 C:\xampp\htdocs\outsource\wp-content\plugins\woocommerce\includes\class-wc-shortcodes.php(72): WC_Shortcode_Checkout::output('')
#4 C:\xampp\htdocs\outsource\wp-content\plugins\woocommerce\includes\class-wc-shortcodes.php(95): WC_Shortcodes::shortcode_wrapper(Array, '')
#5 C:\xampp\htdocs\outsource\wp-includes\shortcodes.php(319): WC_Shortcodes::checkout('', '', 'woocommerce_che...')
#6 [internal function]: do_shortcode_ in C:\xampp\htdocs\outsource\wp-content\themes\myTheme\woocommerce\checkout\thankyou.php on line 78

2019-07-30T12:48:54+00:00 CRITICAL Uncaught Error: Call to a member function get_id() on boolean in C:\xampp\htdocs\outsource\wp-content\themes\myTheme\woocommerce\checkout\thankyou.php:78
Stack trace:
#0 C:\xampp\htdocs\outsource\wp-content\plugins\woocommerce\includes\wc-core-functions.php(249): include()
#1 C:\xampp\htdocs\outsource\wp-content\plugins\woocommerce\includes\shortcodes\class-wc-shortcode-checkout.php(248): wc_get_template('checkout/thanky...', Array)
#2 C:\xampp\htdocs\outsource\wp-content\plugins\woocommerce\includes\shortcodes\class-wc-shortcode-checkout.php(63): WC_Shortcode_Checkout::order_received(209)
#3 C:\xampp\htdocs\outsource\wp-content\plugins\woocommerce\includes\class-wc-shortcodes.php(72): WC_Shortcode_Checkout::output('')
#4 C:\xampp\htdocs\outsource\wp-content\plugins\woocommerce\includes\class-wc-shortcodes.php(95): WC_Shortcodes::shortcode_wrapper(Array, '')
#5 C:\xampp\htdocs\outsource\wp-includes\shortcodes.php(319): WC_Shortcodes::checkout('', '', 'woocommerce_che...')
#6 [internal function]: do_shortcode_ in C:\xampp\htdocs\outsource\wp-content\themes\myTheme\woocommerce\checkout\thankyou.php on line 78

2019-07-30T12:48:54+00:00 CRITICAL Uncaught Error: Call to a member function get_id() on boolean in C:\xampp\htdocs\outsource\wp-content\themes\myTheme\woocommerce\checkout\thankyou.php:78
Stack trace:
#0 C:\xampp\htdocs\outsource\wp-content\plugins\woocommerce\includes\wc-core-functions.php(249): include()
#1 C:\xampp\htdocs\outsource\wp-content\plugins\woocommerce\includes\shortcodes\class-wc-shortcode-checkout.php(248): wc_get_template('checkout/thanky...', Array)
#2 C:\xampp\htdocs\outsource\wp-content\plugins\woocommerce\includes\shortcodes\class-wc-shortcode-checkout.php(63): WC_Shortcode_Checkout::order_received(209)
#3 C:\xampp\htdocs\outsource\wp-content\plugins\woocommerce\includes\class-wc-shortcodes.php(72): WC_Shortcode_Checkout::output('')
#4 C:\xampp\htdocs\outsource\wp-content\plugins\woocommerce\includes\class-wc-shortcodes.php(95): WC_Shortcodes::shortcode_wrapper(Array, '')
#5 C:\xampp\htdocs\outsource\wp-includes\shortcodes.php(319): WC_Shortcodes::checkout('', '', 'woocommerce_che...')
#6 [internal function]: do_shortcode_ in C:\xampp\htdocs\outsource\wp-content\themes\myTheme\woocommerce\checkout\thankyou.php on line 78

2019-07-30T12:48:54+00:00 CRITICAL Uncaught Error: Call to a member function get_id() on boolean in C:\xampp\htdocs\outsource\wp-content\themes\myTheme\woocommerce\checkout\thankyou.php:78
Stack trace:
#0 C:\xampp\htdocs\outsource\wp-content\plugins\woocommerce\includes\wc-core-functions.php(249): include()
#1 C:\xampp\htdocs\outsource\wp-content\plugins\woocommerce\includes\shortcodes\class-wc-shortcode-checkout.php(248): wc_get_template('checkout/thanky...', Array)
#2 C:\xampp\htdocs\outsource\wp-content\plugins\woocommerce\includes\shortcodes\class-wc-shortcode-checkout.php(63): WC_Shortcode_Checkout::order_received(209)
#3 C:\xampp\htdocs\outsource\wp-content\plugins\woocommerce\includes\class-wc-shortcodes.php(72): WC_Shortcode_Checkout::output('')
#4 C:\xampp\htdocs\outsource\wp-content\plugins\woocommerce\includes\class-wc-shortcodes.php(95): WC_Shortcodes::shortcode_wrapper(Array, '')
#5 C:\xampp\htdocs\outsource\wp-includes\shortcodes.php(319): WC_Shortcodes::checkout('', '', 'woocommerce_che...')
#6 [internal function]: do_shortcode_ in C:\xampp\htdocs\outsource\wp-content\themes\myTheme\woocommerce\checkout\thankyou.php on line 78

2019-07-30T12:49:15+00:00 CRITICAL Uncaught Error: Call to a member function get_id() on boolean in C:\xampp\htdocs\outsource\wp-content\themes\myTheme\woocommerce\checkout\thankyou.php:78
Stack trace:
#0 C:\xampp\htdocs\outsource\wp-content\plugins\woocommerce\includes\wc-core-functions.php(249): include()
#1 C:\xampp\htdocs\outsource\wp-content\plugins\woocommerce\includes\shortcodes\class-wc-shortcode-checkout.php(248): wc_get_template('checkout/thanky...', Array)
#2 C:\xampp\htdocs\outsource\wp-content\plugins\woocommerce\includes\shortcodes\class-wc-shortcode-checkout.php(63): WC_Shortcode_Checkout::order_received(209)
#3 C:\xampp\htdocs\outsource\wp-content\plugins\woocommerce\includes\class-wc-shortcodes.php(72): WC_Shortcode_Checkout::output('')
#4 C:\xampp\htdocs\outsource\wp-content\plugins\woocommerce\includes\class-wc-shortcodes.php(95): WC_Shortcodes::shortcode_wrapper(Array, '')
#5 C:\xampp\htdocs\outsource\wp-includes\shortcodes.php(319): WC_Shortcodes::checkout('', '', 'woocommerce_che...')
#6 [internal function]: do_shortcode_ in C:\xampp\htdocs\outsource\wp-content\themes\myTheme\woocommerce\checkout\thankyou.php on line 78

2019-07-30T12:49:15+00:00 CRITICAL Uncaught Error: Call to a member function get_id() on boolean in C:\xampp\htdocs\outsource\wp-content\themes\myTheme\woocommerce\checkout\thankyou.php:78
Stack trace:
#0 C:\xampp\htdocs\outsource\wp-content\plugins\woocommerce\includes\wc-core-functions.php(249): include()
#1 C:\xampp\htdocs\outsource\wp-content\plugins\woocommerce\includes\shortcodes\class-wc-shortcode-checkout.php(248): wc_get_template('checkout/thanky...', Array)
#2 C:\xampp\htdocs\outsource\wp-content\plugins\woocommerce\includes\shortcodes\class-wc-shortcode-checkout.php(63): WC_Shortcode_Checkout::order_received(209)
#3 C:\xampp\htdocs\outsource\wp-content\plugins\woocommerce\includes\class-wc-shortcodes.php(72): WC_Shortcode_Checkout::output('')
#4 C:\xampp\htdocs\outsource\wp-content\plugins\woocommerce\includes\class-wc-shortcodes.php(95): WC_Shortcodes::shortcode_wrapper(Array, '')
#5 C:\xampp\htdocs\outsource\wp-includes\shortcodes.php(319): WC_Shortcodes::checkout('', '', 'woocommerce_che...')
#6 [internal function]: do_shortcode_ in C:\xampp\htdocs\outsource\wp-content\themes\myTheme\woocommerce\checkout\thankyou.php on line 78

2019-07-30T12:49:15+00:00 CRITICAL Uncaught Error: Call to a member function get_id() on boolean in C:\xampp\htdocs\outsource\wp-content\themes\myTheme\woocommerce\checkout\thankyou.php:78
Stack trace:
#0 C:\xampp\htdocs\outsource\wp-content\plugins\woocommerce\includes\wc-core-functions.php(249): include()
#1 C:\xampp\htdocs\outsource\wp-content\plugins\woocommerce\includes\shortcodes\class-wc-shortcode-checkout.php(248): wc_get_template('checkout/thanky...', Array)
#2 C:\xampp\htdocs\outsource\wp-content\plugins\woocommerce\includes\shortcodes\class-wc-shortcode-checkout.php(63): WC_Shortcode_Checkout::order_received(209)
#3 C:\xampp\htdocs\outsource\wp-content\plugins\woocommerce\includes\class-wc-shortcodes.php(72): WC_Shortcode_Checkout::output('')
#4 C:\xampp\htdocs\outsource\wp-content\plugins\woocommerce\includes\class-wc-shortcodes.php(95): WC_Shortcodes::shortcode_wrapper(Array, '')
#5 C:\xampp\htdocs\outsource\wp-includes\shortcodes.php(319): WC_Shortcodes::checkout('', '', 'woocommerce_che...')
#6 [internal function]: do_shortcode_ in C:\xampp\htdocs\outsource\wp-content\themes\myTheme\woocommerce\checkout\thankyou.php on line 78

2019-07-30T12:49:15+00:00 CRITICAL Uncaught Error: Call to a member function get_id() on boolean in C:\xampp\htdocs\outsource\wp-content\themes\myTheme\woocommerce\checkout\thankyou.php:78
Stack trace:
#0 C:\xampp\htdocs\outsource\wp-content\plugins\woocommerce\includes\wc-core-functions.php(249): include()
#1 C:\xampp\htdocs\outsource\wp-content\plugins\woocommerce\includes\shortcodes\class-wc-shortcode-checkout.php(248): wc_get_template('checkout/thanky...', Array)
#2 C:\xampp\htdocs\outsource\wp-content\plugins\woocommerce\includes\shortcodes\class-wc-shortcode-checkout.php(63): WC_Shortcode_Checkout::order_received(209)
#3 C:\xampp\htdocs\outsource\wp-content\plugins\woocommerce\includes\class-wc-shortcodes.php(72): WC_Shortcode_Checkout::output('')
#4 C:\xampp\htdocs\outsource\wp-content\plugins\woocommerce\includes\class-wc-shortcodes.php(95): WC_Shortcodes::shortcode_wrapper(Array, '')
#5 C:\xampp\htdocs\outsource\wp-includes\shortcodes.php(319): WC_Shortcodes::checkout('', '', 'woocommerce_che...')
#6 [internal function]: do_shortcode_ in C:\xampp\htdocs\outsource\wp-content\themes\myTheme\woocommerce\checkout\thankyou.php on line 78

2019-07-30T12:50:56+00:00 CRITICAL Uncaught Error: Call to a member function get_id() on boolean in C:\xampp\htdocs\outsource\wp-content\themes\myTheme\woocommerce\checkout\thankyou.php:78
Stack trace:
#0 C:\xampp\htdocs\outsource\wp-content\plugins\woocommerce\includes\wc-core-functions.php(249): include()
#1 C:\xampp\htdocs\outsource\wp-content\plugins\woocommerce\includes\shortcodes\class-wc-shortcode-checkout.php(248): wc_get_template('checkout/thanky...', Array)
#2 C:\xampp\htdocs\outsource\wp-content\plugins\woocommerce\includes\shortcodes\class-wc-shortcode-checkout.php(63): WC_Shortcode_Checkout::order_received(209)
#3 C:\xampp\htdocs\outsource\wp-content\plugins\woocommerce\includes\class-wc-shortcodes.php(72): WC_Shortcode_Checkout::output('')
#4 C:\xampp\htdocs\outsource\wp-content\plugins\woocommerce\includes\class-wc-shortcodes.php(95): WC_Shortcodes::shortcode_wrapper(Array, '')
#5 C:\xampp\htdocs\outsource\wp-includes\shortcodes.php(319): WC_Shortcodes::checkout('', '', 'woocommerce_che...')
#6 [internal function]: do_shortcode_ in C:\xampp\htdocs\outsource\wp-content\themes\myTheme\woocommerce\checkout\thankyou.php on line 78

2019-07-30T12:50:56+00:00 CRITICAL Uncaught Error: Call to a member function get_id() on boolean in C:\xampp\htdocs\outsource\wp-content\themes\myTheme\woocommerce\checkout\thankyou.php:78
Stack trace:
#0 C:\xampp\htdocs\outsource\wp-content\plugins\woocommerce\includes\wc-core-functions.php(249): include()
#1 C:\xampp\htdocs\outsource\wp-content\plugins\woocommerce\includes\shortcodes\class-wc-shortcode-checkout.php(248): wc_get_template('checkout/thanky...', Array)
#2 C:\xampp\htdocs\outsource\wp-content\plugins\woocommerce\includes\shortcodes\class-wc-shortcode-checkout.php(63): WC_Shortcode_Checkout::order_received(209)
#3 C:\xampp\htdocs\outsource\wp-content\plugins\woocommerce\includes\class-wc-shortcodes.php(72): WC_Shortcode_Checkout::output('')
#4 C:\xampp\htdocs\outsource\wp-content\plugins\woocommerce\includes\class-wc-shortcodes.php(95): WC_Shortcodes::shortcode_wrapper(Array, '')
#5 C:\xampp\htdocs\outsource\wp-includes\shortcodes.php(319): WC_Shortcodes::checkout('', '', 'woocommerce_che...')
#6 [internal function]: do_shortcode_ in C:\xampp\htdocs\outsource\wp-content\themes\myTheme\woocommerce\checkout\thankyou.php on line 78

2019-07-30T12:50:56+00:00 CRITICAL Uncaught Error: Call to a member function get_id() on boolean in C:\xampp\htdocs\outsource\wp-content\themes\myTheme\woocommerce\checkout\thankyou.php:78
Stack trace:
#0 C:\xampp\htdocs\outsource\wp-content\plugins\woocommerce\includes\wc-core-functions.php(249): include()
#1 C:\xampp\htdocs\outsource\wp-content\plugins\woocommerce\includes\shortcodes\class-wc-shortcode-checkout.php(248): wc_get_template('checkout/thanky...', Array)
#2 C:\xampp\htdocs\outsource\wp-content\plugins\woocommerce\includes\shortcodes\class-wc-shortcode-checkout.php(63): WC_Shortcode_Checkout::order_received(209)
#3 C:\xampp\htdocs\outsource\wp-content\plugins\woocommerce\includes\class-wc-shortcodes.php(72): WC_Shortcode_Checkout::output('')
#4 C:\xampp\htdocs\outsource\wp-content\plugins\woocommerce\includes\class-wc-shortcodes.php(95): WC_Shortcodes::shortcode_wrapper(Array, '')
#5 C:\xampp\htdocs\outsource\wp-includes\shortcodes.php(319): WC_Shortcodes::checkout('', '', 'woocommerce_che...')
#6 [internal function]: do_shortcode_ in C:\xampp\htdocs\outsource\wp-content\themes\myTheme\woocommerce\checkout\thankyou.php on line 78

2019-07-30T12:50:56+00:00 CRITICAL Uncaught Error: Call to a member function get_id() on boolean in C:\xampp\htdocs\outsource\wp-content\themes\myTheme\woocommerce\checkout\thankyou.php:78
Stack trace:
#0 C:\xampp\htdocs\outsource\wp-content\plugins\woocommerce\includes\wc-core-functions.php(249): include()
#1 C:\xampp\htdocs\outsource\wp-content\plugins\woocommerce\includes\shortcodes\class-wc-shortcode-checkout.php(248): wc_get_template('checkout/thanky...', Array)
#2 C:\xampp\htdocs\outsource\wp-content\plugins\woocommerce\includes\shortcodes\class-wc-shortcode-checkout.php(63): WC_Shortcode_Checkout::order_received(209)
#3 C:\xampp\htdocs\outsource\wp-content\plugins\woocommerce\includes\class-wc-shortcodes.php(72): WC_Shortcode_Checkout::output('')
#4 C:\xampp\htdocs\outsource\wp-content\plugins\woocommerce\includes\class-wc-shortcodes.php(95): WC_Shortcodes::shortcode_wrapper(Array, '')
#5 C:\xampp\htdocs\outsource\wp-includes\shortcodes.php(319): WC_Shortcodes::checkout('', '', 'woocommerce_che...')
#6 [internal function]: do_shortcode_ in C:\xampp\htdocs\outsource\wp-content\themes\myTheme\woocommerce\checkout\thankyou.php on line 78

