2019-07-16T16:09:01+00:00 CRITICAL Uncaught Error: Call to undefined function get_catigories() in C:\xampp\htdocs\outsource\wp-content\themes\myTheme\template_part\product-noibat.php:8
Stack trace:
#0 C:\xampp\htdocs\outsource\wp-includes\template.php(690): require()
#1 C:\xampp\htdocs\outsource\wp-includes\template.php(647): load_template('C:\\xampp\\htdocs...', false)
#2 C:\xampp\htdocs\outsource\wp-includes\general-template.php(155): locate_template(Array, true, false)
#3 C:\xampp\htdocs\outsource\wp-content\themes\myTheme\content.php(10): get_template_part('template_part/p...', 'noibat')
#4 C:\xampp\htdocs\outsource\wp-includes\template.php(690): require('C:\\xampp\\htdocs...')
#5 C:\xampp\htdocs\outsource\wp-includes\template.php(647): load_template('C:\\xampp\\htdocs...', false)
#6 C:\xampp\htdocs\outsource\wp-includes\general-template.php(155): locate_template(Array, true, false)
#7 C:\xampp\htdocs\outsource\wp-content\themes\myTheme\index.php(4): get_template_part('content', '')
#8 C:\xampp\htdocs\outsource\wp-includes\template-loader. in C:\xampp\htdocs\outsource\wp-content\themes\myTheme\template_part\product-noibat.php on line 8

2019-07-16T16:24:51+00:00 CRITICAL Uncaught Error: Call to a member function have_posts() on array in C:\xampp\htdocs\outsource\wp-content\themes\myTheme\template_part\product-noibat.php:20
Stack trace:
#0 C:\xampp\htdocs\outsource\wp-includes\template.php(690): require()
#1 C:\xampp\htdocs\outsource\wp-includes\template.php(647): load_template('C:\\xampp\\htdocs...', false)
#2 C:\xampp\htdocs\outsource\wp-includes\general-template.php(155): locate_template(Array, true, false)
#3 C:\xampp\htdocs\outsource\wp-content\themes\myTheme\content.php(10): get_template_part('template_part/p...', 'noibat')
#4 C:\xampp\htdocs\outsource\wp-includes\template.php(690): require('C:\\xampp\\htdocs...')
#5 C:\xampp\htdocs\outsource\wp-includes\template.php(647): load_template('C:\\xampp\\htdocs...', false)
#6 C:\xampp\htdocs\outsource\wp-includes\general-template.php(155): locate_template(Array, true, false)
#7 C:\xampp\htdocs\outsource\wp-content\themes\myTheme\index.php(4): get_template_part('content', '')
#8 C:\xampp\htdocs\outsource\wp-includes\template-lo in C:\xampp\htdocs\outsource\wp-content\themes\myTheme\template_part\product-noibat.php on line 20

2019-07-16T16:26:35+00:00 CRITICAL Uncaught Error: Call to a member function have_posts() on array in C:\xampp\htdocs\outsource\wp-content\themes\myTheme\template_part\product-noibat.php:27
Stack trace:
#0 C:\xampp\htdocs\outsource\wp-includes\template.php(690): require()
#1 C:\xampp\htdocs\outsource\wp-includes\template.php(647): load_template('C:\\xampp\\htdocs...', false)
#2 C:\xampp\htdocs\outsource\wp-includes\general-template.php(155): locate_template(Array, true, false)
#3 C:\xampp\htdocs\outsource\wp-content\themes\myTheme\content.php(10): get_template_part('template_part/p...', 'noibat')
#4 C:\xampp\htdocs\outsource\wp-includes\template.php(690): require('C:\\xampp\\htdocs...')
#5 C:\xampp\htdocs\outsource\wp-includes\template.php(647): load_template('C:\\xampp\\htdocs...', false)
#6 C:\xampp\htdocs\outsource\wp-includes\general-template.php(155): locate_template(Array, true, false)
#7 C:\xampp\htdocs\outsource\wp-content\themes\myTheme\index.php(4): get_template_part('content', '')
#8 C:\xampp\htdocs\outsource\wp-includes\template-lo in C:\xampp\htdocs\outsource\wp-content\themes\myTheme\template_part\product-noibat.php on line 27

