2019-08-21T14:06:02+00:00 CRITICAL Maximum execution time of 30 seconds exceeded in C:\xampp1\htdocs\outsource\wp-includes\Requests\Transport\cURL.php on line 163

2019-08-21T14:47:28+00:00 CRITICAL Uncaught Error: Call to undefined function woocommerce_get_term_top_most_parent() in C:\xampp1\htdocs\outsource\wp-content\themes\myTheme\woocommerce\content-single-product.php:124
Stack trace:
#0 C:\xampp1\htdocs\outsource\wp-includes\template.php(690): require()
#1 C:\xampp1\htdocs\outsource\wp-content\plugins\woocommerce\includes\wc-core-functions.php(195): load_template('C:\\xampp1\\htdoc...', false)
#2 C:\xampp1\htdocs\outsource\wp-content\themes\myTheme\woocommerce\single-product.php(27): wc_get_template_part('content', 'single-product')
#3 C:\xampp1\htdocs\outsource\wp-includes\template-loader.php(74): include('C:\\xampp1\\htdoc...')
#4 C:\xampp1\htdocs\outsource\wp-blog-header.php(19): require_once('C:\\xampp1\\htdoc...')
#5 C:\xampp1\htdocs\outsource\index.php(17): require('C:\\xampp1\\htdoc...')
#6 {main}
  thrown in C:\xampp1\htdocs\outsource\wp-content\themes\myTheme\woocommerce\content-single-product.php on line 124

2019-08-21T14:48:44+00:00 CRITICAL Uncaught Error: Call to undefined function woocommerce_get_term_top_most_parent() in C:\xampp1\htdocs\outsource\wp-content\themes\myTheme\woocommerce\content-single-product.php:124
Stack trace:
#0 C:\xampp1\htdocs\outsource\wp-includes\template.php(690): require()
#1 C:\xampp1\htdocs\outsource\wp-content\plugins\woocommerce\includes\wc-core-functions.php(195): load_template('C:\\xampp1\\htdoc...', false)
#2 C:\xampp1\htdocs\outsource\wp-content\themes\myTheme\woocommerce\single-product.php(27): wc_get_template_part('content', 'single-product')
#3 C:\xampp1\htdocs\outsource\wp-includes\template-loader.php(74): include('C:\\xampp1\\htdoc...')
#4 C:\xampp1\htdocs\outsource\wp-blog-header.php(19): require_once('C:\\xampp1\\htdoc...')
#5 C:\xampp1\htdocs\outsource\index.php(17): require('C:\\xampp1\\htdoc...')
#6 {main}
  thrown in C:\xampp1\htdocs\outsource\wp-content\themes\myTheme\woocommerce\content-single-product.php on line 124

2019-08-21T14:49:39+00:00 CRITICAL Uncaught Error: Call to undefined function woocommerce_get_term_top_most_parent() in C:\xampp1\htdocs\outsource\wp-content\themes\myTheme\woocommerce\content-single-product.php:124
Stack trace:
#0 C:\xampp1\htdocs\outsource\wp-includes\template.php(690): require()
#1 C:\xampp1\htdocs\outsource\wp-content\plugins\woocommerce\includes\wc-core-functions.php(195): load_template('C:\\xampp1\\htdoc...', false)
#2 C:\xampp1\htdocs\outsource\wp-content\themes\myTheme\woocommerce\single-product.php(27): wc_get_template_part('content', 'single-product')
#3 C:\xampp1\htdocs\outsource\wp-includes\template-loader.php(74): include('C:\\xampp1\\htdoc...')
#4 C:\xampp1\htdocs\outsource\wp-blog-header.php(19): require_once('C:\\xampp1\\htdoc...')
#5 C:\xampp1\htdocs\outsource\index.php(17): require('C:\\xampp1\\htdoc...')
#6 {main}
  thrown in C:\xampp1\htdocs\outsource\wp-content\themes\myTheme\woocommerce\content-single-product.php on line 124

2019-08-21T14:59:38+00:00 CRITICAL Uncaught Error: Call to undefined function qtranxf_generateLanguageSelectCode() in C:\xampp1\htdocs\outsource\wp-content\themes\myTheme\header.php:105
Stack trace:
#0 C:\xampp1\htdocs\outsource\wp-includes\template.php(688): require_once()
#1 C:\xampp1\htdocs\outsource\wp-includes\template.php(647): load_template('C:\\xampp1\\htdoc...', true)
#2 C:\xampp1\htdocs\outsource\wp-includes\general-template.php(41): locate_template(Array, true)
#3 C:\xampp1\htdocs\outsource\wp-content\themes\myTheme\front-page.php(1): get_header()
#4 C:\xampp1\htdocs\outsource\wp-includes\template-loader.php(74): include('C:\\xampp1\\htdoc...')
#5 C:\xampp1\htdocs\outsource\wp-blog-header.php(19): require_once('C:\\xampp1\\htdoc...')
#6 C:\xampp1\htdocs\outsource\index.php(17): require('C:\\xampp1\\htdoc...')
#7 {main}
  thrown in C:\xampp1\htdocs\outsource\wp-content\themes\myTheme\header.php on line 105

2019-08-21T14:59:43+00:00 CRITICAL Uncaught Error: Call to undefined function qtranxf_generateLanguageSelectCode() in C:\xampp1\htdocs\outsource\wp-content\themes\myTheme\header.php:105
Stack trace:
#0 C:\xampp1\htdocs\outsource\wp-includes\template.php(688): require_once()
#1 C:\xampp1\htdocs\outsource\wp-includes\template.php(647): load_template('C:\\xampp1\\htdoc...', true)
#2 C:\xampp1\htdocs\outsource\wp-includes\general-template.php(41): locate_template(Array, true)
#3 C:\xampp1\htdocs\outsource\wp-content\themes\myTheme\front-page.php(1): get_header()
#4 C:\xampp1\htdocs\outsource\wp-includes\template-loader.php(74): include('C:\\xampp1\\htdoc...')
#5 C:\xampp1\htdocs\outsource\wp-blog-header.php(19): require_once('C:\\xampp1\\htdoc...')
#6 C:\xampp1\htdocs\outsource\index.php(17): require('C:\\xampp1\\htdoc...')
#7 {main}
  thrown in C:\xampp1\htdocs\outsource\wp-content\themes\myTheme\header.php on line 105

2019-08-21T16:03:51+00:00 CRITICAL Uncaught Error: Call to a member function have_posts() on null in C:\xampp1\htdocs\outsource\wp-content\themes\myTheme\template_part\content-sidebar.php:155
Stack trace:
#0 C:\xampp1\htdocs\outsource\wp-includes\template.php(690): require()
#1 C:\xampp1\htdocs\outsource\wp-includes\template.php(647): load_template('C:\\xampp1\\htdoc...', false)
#2 C:\xampp1\htdocs\outsource\wp-includes\general-template.php(155): locate_template(Array, true, false)
#3 C:\xampp1\htdocs\outsource\wp-content\themes\myTheme\woocommerce\archive-product.php(360): get_template_part('template_part/c...', 'sidebar')
#4 C:\xampp1\htdocs\outsource\wp-content\plugins\woocommerce\includes\wc-core-functions.php(249): include('C:\\xampp1\\htdoc...')
#5 C:\xampp1\htdocs\outsource\wp-content\themes\myTheme\woocommerce\taxonomy-product_cat.php(22): wc_get_template('archive-product...')
#6 C:\xampp1\htdocs\outsource\wp-includes\template-loader.php(74): include('C:\\xampp1\\htdoc...')
#7 C:\xampp1\htdocs\outsource\wp-blog-header.php(19): require_ in C:\xampp1\htdocs\outsource\wp-content\themes\myTheme\template_part\content-sidebar.php on line 155

