<<<<<<< HEAD
2019-08-01T14:54:16+00:00 CRITICAL syntax error, unexpected ';', expecting ',' or ')' in D:\xampp\source\2018\freelancer\BE\sotana_lens\wp-content\themes\myTheme\include\main_menu.php on line 8

2019-08-01T15:03:46+00:00 CRITICAL Object of class WP_Error could not be converted to string in D:\xampp\source\2018\freelancer\BE\sotana_lens\wp-content\themes\myTheme\footer.php on line 46

2019-08-01T15:09:55+00:00 CRITICAL Uncaught Error: Call to a member function get_tax_class() on null in D:\xampp\source\2018\freelancer\BE\sotana_lens\wp-content\plugins\woocommerce\includes\class-wc-cart-totals.php:231
Stack trace:
#0 D:\xampp\source\2018\freelancer\BE\sotana_lens\wp-content\plugins\woocommerce\includes\class-wc-cart-totals.php(648): WC_Cart_Totals->get_items_from_cart()
#1 D:\xampp\source\2018\freelancer\BE\sotana_lens\wp-content\plugins\woocommerce\includes\class-wc-cart-totals.php(140): WC_Cart_Totals->calculate_item_totals()
#2 D:\xampp\source\2018\freelancer\BE\sotana_lens\wp-content\plugins\woocommerce\includes\class-wc-cart-totals.php(131): WC_Cart_Totals->calculate()
#3 D:\xampp\source\2018\freelancer\BE\sotana_lens\wp-content\plugins\woocommerce\includes\class-wc-cart.php(1215): WC_Cart_Totals->__construct(Object(WC_Cart))
#4 D:\xampp\source\2018\freelancer\BE\sotana_lens\wp-content\plugins\woocommerce\includes\class-wc-cart.php(1184): WC_Cart->calculate_totals()
#5 D:\xampp\source\2018\freelancer\BE\sotana_lens\wp-c in D:\xampp\source\2018\freelancer\BE\sotana_lens\wp-content\plugins\woocommerce\includes\class-wc-cart-totals.php on line 231
=======
2019-08-01T07:40:25+00:00 CRITICAL syntax error, unexpected ';', expecting ',' or ')' in C:\xampp\htdocs\outsource\wp-content\themes\myTheme\template_part\content-cartmodal.php on line 120

2019-08-01T07:40:30+00:00 CRITICAL syntax error, unexpected ';', expecting ',' or ')' in C:\xampp\htdocs\outsource\wp-content\themes\myTheme\template_part\content-cartmodal.php on line 120

2019-08-01T07:40:37+00:00 CRITICAL syntax error, unexpected ';', expecting ',' or ')' in C:\xampp\htdocs\outsource\wp-content\themes\myTheme\template_part\content-cartmodal.php on line 120

2019-08-01T07:40:41+00:00 CRITICAL syntax error, unexpected ';', expecting ',' or ')' in C:\xampp\htdocs\outsource\wp-content\themes\myTheme\template_part\content-cartmodal.php on line 120

2019-08-01T07:40:51+00:00 CRITICAL syntax error, unexpected ';', expecting ',' or ')' in C:\xampp\htdocs\outsource\wp-content\themes\myTheme\template_part\content-cartmodal.php on line 120
>>>>>>> d0186431063f4d93584cd0a6710702a9d89ddd63

2019-08-01T18:07:49+00:00 CRITICAL Uncaught Error: Call to a member function get() on null in D:\xampp\source\2018\freelancer\BE\sotana_lens\wp-content\plugins\wp-pagenavi\core.php:257
Stack trace:
#0 D:\xampp\source\2018\freelancer\BE\sotana_lens\wp-content\plugins\wp-pagenavi\core.php(40): PageNavi_Call->get_pagination_args()
#1 D:\xampp\source\2018\freelancer\BE\sotana_lens\wp-content\themes\myTheme\page.php(41): wp_pagenavi(Array)
#2 D:\xampp\source\2018\freelancer\BE\sotana_lens\wp-includes\template-loader.php(74): include('D:\\xampp\\source...')
#3 D:\xampp\source\2018\freelancer\BE\sotana_lens\wp-blog-header.php(19): require_once('D:\\xampp\\source...')
#4 D:\xampp\source\2018\freelancer\BE\sotana_lens\index.php(17): require('D:\\xampp\\source...')
#5 {main}
  thrown in D:\xampp\source\2018\freelancer\BE\sotana_lens\wp-content\plugins\wp-pagenavi\core.php on line 257

2019-08-01T18:08:02+00:00 CRITICAL Uncaught Error: Call to a member function get() on null in D:\xampp\source\2018\freelancer\BE\sotana_lens\wp-content\plugins\wp-pagenavi\core.php:257
Stack trace:
#0 D:\xampp\source\2018\freelancer\BE\sotana_lens\wp-content\plugins\wp-pagenavi\core.php(40): PageNavi_Call->get_pagination_args()
#1 D:\xampp\source\2018\freelancer\BE\sotana_lens\wp-content\themes\myTheme\page.php(41): wp_pagenavi(Array)
#2 D:\xampp\source\2018\freelancer\BE\sotana_lens\wp-includes\template-loader.php(74): include('D:\\xampp\\source...')
#3 D:\xampp\source\2018\freelancer\BE\sotana_lens\wp-blog-header.php(19): require_once('D:\\xampp\\source...')
#4 D:\xampp\source\2018\freelancer\BE\sotana_lens\index.php(17): require('D:\\xampp\\source...')
#5 {main}
  thrown in D:\xampp\source\2018\freelancer\BE\sotana_lens\wp-content\plugins\wp-pagenavi\core.php on line 257

