2019-07-02T16:40:27+00:00 CRITICAL Uncaught Error: Call to undefined function the_field() in C:\xampp\htdocs\outsource\wp-content\themes\myTheme\include\woocommerce.php:67
Stack trace:
#0 C:\xampp\htdocs\outsource\wp-includes\class-wp-hook.php(286): viewProduct_init('')
#1 C:\xampp\htdocs\outsource\wp-includes\class-wp-hook.php(310): WP_Hook->apply_filters('', Array)
#2 C:\xampp\htdocs\outsource\wp-includes\plugin.php(453): WP_Hook->do_action(Array)
#3 C:\xampp\htdocs\outsource\wp-admin\admin-ajax.php(114): do_action('wp_ajax_nopriv_...')
#4 {main}
  thrown in C:\xampp\htdocs\outsource\wp-content\themes\myTheme\include\woocommerce.php on line 67

2019-07-02T16:41:07+00:00 CRITICAL Uncaught Error: Call to undefined function the_field() in C:\xampp\htdocs\outsource\wp-content\themes\myTheme\include\woocommerce.php:67
Stack trace:
#0 C:\xampp\htdocs\outsource\wp-includes\class-wp-hook.php(286): viewProduct_init('')
#1 C:\xampp\htdocs\outsource\wp-includes\class-wp-hook.php(310): WP_Hook->apply_filters('', Array)
#2 C:\xampp\htdocs\outsource\wp-includes\plugin.php(453): WP_Hook->do_action(Array)
#3 C:\xampp\htdocs\outsource\wp-admin\admin-ajax.php(114): do_action('wp_ajax_nopriv_...')
#4 {main}
  thrown in C:\xampp\htdocs\outsource\wp-content\themes\myTheme\include\woocommerce.php on line 67

2019-07-02T17:47:48+00:00 CRITICAL syntax error, unexpected ';', expecting ',' or ')' in C:\xampp\htdocs\outsource\wp-content\themes\myTheme\include\woocommerce.php on line 76

2019-07-02T17:49:54+00:00 CRITICAL Uncaught Error: Call to undefined function get_the_price() in C:\xampp\htdocs\outsource\wp-content\themes\myTheme\include\woocommerce.php:76
Stack trace:
#0 C:\xampp\htdocs\outsource\wp-includes\class-wp-hook.php(286): viewProduct_init('')
#1 C:\xampp\htdocs\outsource\wp-includes\class-wp-hook.php(310): WP_Hook->apply_filters('', Array)
#2 C:\xampp\htdocs\outsource\wp-includes\plugin.php(453): WP_Hook->do_action(Array)
#3 C:\xampp\htdocs\outsource\wp-admin\admin-ajax.php(114): do_action('wp_ajax_nopriv_...')
#4 {main}
  thrown in C:\xampp\htdocs\outsource\wp-content\themes\myTheme\include\woocommerce.php on line 76

2019-07-02T17:50:34+00:00 CRITICAL Uncaught Error: Call to a member function get_the_price() on null in C:\xampp\htdocs\outsource\wp-content\themes\myTheme\include\woocommerce.php:76
Stack trace:
#0 C:\xampp\htdocs\outsource\wp-includes\class-wp-hook.php(286): viewProduct_init('')
#1 C:\xampp\htdocs\outsource\wp-includes\class-wp-hook.php(310): WP_Hook->apply_filters('', Array)
#2 C:\xampp\htdocs\outsource\wp-includes\plugin.php(453): WP_Hook->do_action(Array)
#3 C:\xampp\htdocs\outsource\wp-admin\admin-ajax.php(114): do_action('wp_ajax_nopriv_...')
#4 {main}
  thrown in C:\xampp\htdocs\outsource\wp-content\themes\myTheme\include\woocommerce.php on line 76

2019-07-02T17:51:24+00:00 CRITICAL Uncaught Error: Call to undefined method WC_Product_Simple::get_the_price() in C:\xampp\htdocs\outsource\wp-content\themes\myTheme\include\woocommerce.php:77
Stack trace:
#0 C:\xampp\htdocs\outsource\wp-includes\class-wp-hook.php(286): viewProduct_init('')
#1 C:\xampp\htdocs\outsource\wp-includes\class-wp-hook.php(310): WP_Hook->apply_filters('', Array)
#2 C:\xampp\htdocs\outsource\wp-includes\plugin.php(453): WP_Hook->do_action(Array)
#3 C:\xampp\htdocs\outsource\wp-admin\admin-ajax.php(114): do_action('wp_ajax_nopriv_...')
#4 {main}
  thrown in C:\xampp\htdocs\outsource\wp-content\themes\myTheme\include\woocommerce.php on line 77

2019-07-02T17:52:45+00:00 CRITICAL Uncaught Error: Call to undefined method WooCommerce::wc_get_product() in C:\xampp\htdocs\outsource\wp-content\themes\myTheme\include\woocommerce.php:67
Stack trace:
#0 C:\xampp\htdocs\outsource\wp-includes\class-wp-hook.php(286): viewProduct_init('')
#1 C:\xampp\htdocs\outsource\wp-includes\class-wp-hook.php(310): WP_Hook->apply_filters('', Array)
#2 C:\xampp\htdocs\outsource\wp-includes\plugin.php(453): WP_Hook->do_action(Array)
#3 C:\xampp\htdocs\outsource\wp-admin\admin-ajax.php(114): do_action('wp_ajax_nopriv_...')
#4 {main}
  thrown in C:\xampp\htdocs\outsource\wp-content\themes\myTheme\include\woocommerce.php on line 67

2019-07-02T18:01:00+00:00 CRITICAL Uncaught Error: Using $this when not in object context in C:\xampp\htdocs\outsource\wp-content\plugins\woocommerce\includes\class-wc-product-factory.php:26
Stack trace:
#0 C:\xampp\htdocs\outsource\wp-content\themes\myTheme\include\woocommerce.php(66): WC_Product_Factory::get_product('52')
#1 C:\xampp\htdocs\outsource\wp-includes\class-wp-hook.php(286): viewProduct_init('')
#2 C:\xampp\htdocs\outsource\wp-includes\class-wp-hook.php(310): WP_Hook->apply_filters('', Array)
#3 C:\xampp\htdocs\outsource\wp-includes\plugin.php(453): WP_Hook->do_action(Array)
#4 C:\xampp\htdocs\outsource\wp-admin\admin-ajax.php(114): do_action('wp_ajax_nopriv_...')
#5 {main}
  thrown in C:\xampp\htdocs\outsource\wp-content\plugins\woocommerce\includes\class-wc-product-factory.php on line 26

2019-07-02T18:01:24+00:00 CRITICAL Uncaught Error: Using $this when not in object context in C:\xampp\htdocs\outsource\wp-content\plugins\woocommerce\includes\class-wc-product-factory.php:26
Stack trace:
#0 C:\xampp\htdocs\outsource\wp-content\themes\myTheme\include\woocommerce.php(66): WC_Product_Factory::get_product('52', '')
#1 C:\xampp\htdocs\outsource\wp-includes\class-wp-hook.php(286): viewProduct_init('')
#2 C:\xampp\htdocs\outsource\wp-includes\class-wp-hook.php(310): WP_Hook->apply_filters('', Array)
#3 C:\xampp\htdocs\outsource\wp-includes\plugin.php(453): WP_Hook->do_action(Array)
#4 C:\xampp\htdocs\outsource\wp-admin\admin-ajax.php(114): do_action('wp_ajax_nopriv_...')
#5 {main}
  thrown in C:\xampp\htdocs\outsource\wp-content\plugins\woocommerce\includes\class-wc-product-factory.php on line 26

