2019-08-15T17:04:18+00:00 CRITICAL Uncaught Exception: Invalid product. in D:\xampp\source\2018\freelancer\BE\sotana_lens\wp-content\plugins\woocommerce\includes\data-stores\class-wc-product-data-store-cpt.php:163
Stack trace:
#0 D:\xampp\source\2018\freelancer\BE\sotana_lens\wp-content\plugins\woocommerce\includes\class-wc-data-store.php(159): WC_Product_Data_Store_CPT->read(Object(WC_Product_Variable))
#1 D:\xampp\source\2018\freelancer\BE\sotana_lens\wp-content\plugins\woocommerce\includes\abstracts\abstract-wc-product.php(135): WC_Data_Store->read(Object(WC_Product_Variable))
#2 D:\xampp\source\2018\freelancer\BE\sotana_lens\wp-content\themes\myTheme\woocommerce\order\order-details-item.php(52): WC_Product->__construct(87)
#3 D:\xampp\source\2018\freelancer\BE\sotana_lens\wp-content\plugins\woocommerce\includes\wc-core-functions.php(249): include('D:\\xampp\\source...')
#4 D:\xampp\source\2018\freelancer\BE\sotana_lens\wp-content\themes\myTheme\woocommerce\order\order-details.php(70): wc_get_template('order/order-det...', Array)
#5 D:\xamp in D:\xampp\source\2018\freelancer\BE\sotana_lens\wp-content\plugins\woocommerce\includes\data-stores\class-wc-product-data-store-cpt.php on line 163

2019-08-15T17:04:35+00:00 CRITICAL Uncaught Exception: Invalid product. in D:\xampp\source\2018\freelancer\BE\sotana_lens\wp-content\plugins\woocommerce\includes\data-stores\class-wc-product-data-store-cpt.php:163
Stack trace:
#0 D:\xampp\source\2018\freelancer\BE\sotana_lens\wp-content\plugins\woocommerce\includes\class-wc-data-store.php(159): WC_Product_Data_Store_CPT->read(Object(WC_Product_Variable))
#1 D:\xampp\source\2018\freelancer\BE\sotana_lens\wp-content\plugins\woocommerce\includes\abstracts\abstract-wc-product.php(135): WC_Data_Store->read(Object(WC_Product_Variable))
#2 D:\xampp\source\2018\freelancer\BE\sotana_lens\wp-content\themes\myTheme\woocommerce\order\order-details-item.php(52): WC_Product->__construct(87)
#3 D:\xampp\source\2018\freelancer\BE\sotana_lens\wp-content\plugins\woocommerce\includes\wc-core-functions.php(249): include('D:\\xampp\\source...')
#4 D:\xampp\source\2018\freelancer\BE\sotana_lens\wp-content\themes\myTheme\woocommerce\order\order-details.php(70): wc_get_template('order/order-det...', Array)
#5 D:\xamp in D:\xampp\source\2018\freelancer\BE\sotana_lens\wp-content\plugins\woocommerce\includes\data-stores\class-wc-product-data-store-cpt.php on line 163

2019-08-15T17:04:53+00:00 CRITICAL Uncaught Error: Call to undefined method WC_Order_Item_Product::variation_id() in D:\xampp\source\2018\freelancer\BE\sotana_lens\wp-content\themes\myTheme\woocommerce\order\order-details-item.php:53
Stack trace:
#0 D:\xampp\source\2018\freelancer\BE\sotana_lens\wp-content\plugins\woocommerce\includes\wc-core-functions.php(249): include()
#1 D:\xampp\source\2018\freelancer\BE\sotana_lens\wp-content\themes\myTheme\woocommerce\order\order-details.php(70): wc_get_template('order/order-det...', Array)
#2 D:\xampp\source\2018\freelancer\BE\sotana_lens\wp-content\plugins\woocommerce\includes\wc-core-functions.php(249): include('D:\\xampp\\source...')
#3 D:\xampp\source\2018\freelancer\BE\sotana_lens\wp-content\plugins\woocommerce\includes\wc-template-functions.php(2538): wc_get_template('order/order-det...', Array)
#4 D:\xampp\source\2018\freelancer\BE\sotana_lens\wp-includes\class-wp-hook.php(286): woocommerce_order_details_table(293)
#5 D:\xampp\source\2018\freelancer\BE\sotana_lens\wp-includes\class-wp-hook.php(3 in D:\xampp\source\2018\freelancer\BE\sotana_lens\wp-content\themes\myTheme\woocommerce\order\order-details-item.php on line 53

2019-08-15T17:05:30+00:00 CRITICAL Uncaught Error: Call to a member function get_variation_attributes() on null in D:\xampp\source\2018\freelancer\BE\sotana_lens\wp-content\themes\myTheme\woocommerce\order\order-details-item.php:53
Stack trace:
#0 D:\xampp\source\2018\freelancer\BE\sotana_lens\wp-content\plugins\woocommerce\includes\wc-core-functions.php(249): include()
#1 D:\xampp\source\2018\freelancer\BE\sotana_lens\wp-content\themes\myTheme\woocommerce\order\order-details.php(70): wc_get_template('order/order-det...', Array)
#2 D:\xampp\source\2018\freelancer\BE\sotana_lens\wp-content\plugins\woocommerce\includes\wc-core-functions.php(249): include('D:\\xampp\\source...')
#3 D:\xampp\source\2018\freelancer\BE\sotana_lens\wp-content\plugins\woocommerce\includes\wc-template-functions.php(2538): wc_get_template('order/order-det...', Array)
#4 D:\xampp\source\2018\freelancer\BE\sotana_lens\wp-includes\class-wp-hook.php(286): woocommerce_order_details_table(293)
#5 D:\xampp\source\2018\freelancer\BE\sotana_lens\wp-includes\class-wp-hook.php(310 in D:\xampp\source\2018\freelancer\BE\sotana_lens\wp-content\themes\myTheme\woocommerce\order\order-details-item.php on line 53

2019-08-15T17:07:17+00:00 CRITICAL Uncaught Exception: Invalid product. in D:\xampp\source\2018\freelancer\BE\sotana_lens\wp-content\plugins\woocommerce\includes\data-stores\class-wc-product-data-store-cpt.php:163
Stack trace:
#0 D:\xampp\source\2018\freelancer\BE\sotana_lens\wp-content\plugins\woocommerce\includes\class-wc-data-store.php(159): WC_Product_Data_Store_CPT->read(Object(WC_Product_Variable))
#1 D:\xampp\source\2018\freelancer\BE\sotana_lens\wp-content\plugins\woocommerce\includes\abstracts\abstract-wc-product.php(135): WC_Data_Store->read(Object(WC_Product_Variable))
#2 D:\xampp\source\2018\freelancer\BE\sotana_lens\wp-content\themes\myTheme\woocommerce\order\order-details-item.php(52): WC_Product->__construct(261)
#3 D:\xampp\source\2018\freelancer\BE\sotana_lens\wp-content\plugins\woocommerce\includes\wc-core-functions.php(249): include('D:\\xampp\\source...')
#4 D:\xampp\source\2018\freelancer\BE\sotana_lens\wp-content\themes\myTheme\woocommerce\order\order-details.php(70): wc_get_template('order/order-det...', Array)
#5 D:\xam in D:\xampp\source\2018\freelancer\BE\sotana_lens\wp-content\plugins\woocommerce\includes\data-stores\class-wc-product-data-store-cpt.php on line 163

2019-08-15T17:09:01+00:00 CRITICAL Uncaught Error: Call to a member function get_variation_attributes() on null in D:\xampp\source\2018\freelancer\BE\sotana_lens\wp-content\themes\myTheme\woocommerce\order\order-details-item.php:53
Stack trace:
#0 D:\xampp\source\2018\freelancer\BE\sotana_lens\wp-content\plugins\woocommerce\includes\wc-core-functions.php(249): include()
#1 D:\xampp\source\2018\freelancer\BE\sotana_lens\wp-content\themes\myTheme\woocommerce\order\order-details.php(70): wc_get_template('order/order-det...', Array)
#2 D:\xampp\source\2018\freelancer\BE\sotana_lens\wp-content\plugins\woocommerce\includes\wc-core-functions.php(249): include('D:\\xampp\\source...')
#3 D:\xampp\source\2018\freelancer\BE\sotana_lens\wp-content\plugins\woocommerce\includes\wc-template-functions.php(2538): wc_get_template('order/order-det...', Array)
#4 D:\xampp\source\2018\freelancer\BE\sotana_lens\wp-includes\class-wp-hook.php(286): woocommerce_order_details_table(293)
#5 D:\xampp\source\2018\freelancer\BE\sotana_lens\wp-includes\class-wp-hook.php(310 in D:\xampp\source\2018\freelancer\BE\sotana_lens\wp-content\themes\myTheme\woocommerce\order\order-details-item.php on line 53

2019-08-15T17:11:52+00:00 CRITICAL Uncaught Error: Call to undefined method WC_Order::line_items() in D:\xampp\source\2018\freelancer\BE\sotana_lens\wp-content\themes\myTheme\woocommerce\order\order-details-item.php:53
Stack trace:
#0 D:\xampp\source\2018\freelancer\BE\sotana_lens\wp-content\plugins\woocommerce\includes\wc-core-functions.php(249): include()
#1 D:\xampp\source\2018\freelancer\BE\sotana_lens\wp-content\themes\myTheme\woocommerce\order\order-details.php(70): wc_get_template('order/order-det...', Array)
#2 D:\xampp\source\2018\freelancer\BE\sotana_lens\wp-content\plugins\woocommerce\includes\wc-core-functions.php(249): include('D:\\xampp\\source...')
#3 D:\xampp\source\2018\freelancer\BE\sotana_lens\wp-content\plugins\woocommerce\includes\wc-template-functions.php(2538): wc_get_template('order/order-det...', Array)
#4 D:\xampp\source\2018\freelancer\BE\sotana_lens\wp-includes\class-wp-hook.php(286): woocommerce_order_details_table(293)
#5 D:\xampp\source\2018\freelancer\BE\sotana_lens\wp-includes\class-wp-hook.php(310): WP_Hook->a in D:\xampp\source\2018\freelancer\BE\sotana_lens\wp-content\themes\myTheme\woocommerce\order\order-details-item.php on line 53

2019-08-15T17:12:12+00:00 CRITICAL Uncaught Error: Call to undefined method WC_Order::get_line_items() in D:\xampp\source\2018\freelancer\BE\sotana_lens\wp-content\themes\myTheme\woocommerce\order\order-details-item.php:53
Stack trace:
#0 D:\xampp\source\2018\freelancer\BE\sotana_lens\wp-content\plugins\woocommerce\includes\wc-core-functions.php(249): include()
#1 D:\xampp\source\2018\freelancer\BE\sotana_lens\wp-content\themes\myTheme\woocommerce\order\order-details.php(70): wc_get_template('order/order-det...', Array)
#2 D:\xampp\source\2018\freelancer\BE\sotana_lens\wp-content\plugins\woocommerce\includes\wc-core-functions.php(249): include('D:\\xampp\\source...')
#3 D:\xampp\source\2018\freelancer\BE\sotana_lens\wp-content\plugins\woocommerce\includes\wc-template-functions.php(2538): wc_get_template('order/order-det...', Array)
#4 D:\xampp\source\2018\freelancer\BE\sotana_lens\wp-includes\class-wp-hook.php(286): woocommerce_order_details_table(293)
#5 D:\xampp\source\2018\freelancer\BE\sotana_lens\wp-includes\class-wp-hook.php(310): WP_Hoo in D:\xampp\source\2018\freelancer\BE\sotana_lens\wp-content\themes\myTheme\woocommerce\order\order-details-item.php on line 53

2019-08-15T17:16:42+00:00 CRITICAL Uncaught Error: Call to protected method WC_Abstract_Order::get_items_key() from context '' in D:\xampp\source\2018\freelancer\BE\sotana_lens\wp-content\themes\myTheme\woocommerce\order\order-details-item.php:53
Stack trace:
#0 D:\xampp\source\2018\freelancer\BE\sotana_lens\wp-content\plugins\woocommerce\includes\wc-core-functions.php(249): include()
#1 D:\xampp\source\2018\freelancer\BE\sotana_lens\wp-content\themes\myTheme\woocommerce\order\order-details.php(70): wc_get_template('order/order-det...', Array)
#2 D:\xampp\source\2018\freelancer\BE\sotana_lens\wp-content\plugins\woocommerce\includes\wc-core-functions.php(249): include('D:\\xampp\\source...')
#3 D:\xampp\source\2018\freelancer\BE\sotana_lens\wp-content\plugins\woocommerce\includes\wc-template-functions.php(2538): wc_get_template('order/order-det...', Array)
#4 D:\xampp\source\2018\freelancer\BE\sotana_lens\wp-includes\class-wp-hook.php(286): woocommerce_order_details_table(293)
#5 D:\xampp\source\2018\freelancer\BE\sotana_lens\wp-includes\class- in D:\xampp\source\2018\freelancer\BE\sotana_lens\wp-content\themes\myTheme\woocommerce\order\order-details-item.php on line 53

