2019-08-11T05:36:00+00:00 CRITICAL Maximum execution time of 30 seconds exceeded in C:\xampp1\htdocs\outsource\wp-content\plugins\woocommerce\includes\wc-deprecated-functions.php on line 114

2019-08-11T05:36:04+00:00 CRITICAL Maximum execution time of 30 seconds exceeded in C:\xampp1\htdocs\outsource\wp-content\plugins\woocommerce\includes\data-stores\class-wc-product-variation-data-store-cpt.php on line 76

2019-08-11T05:36:08+00:00 CRITICAL Maximum execution time of 30 seconds exceeded in C:\xampp1\htdocs\outsource\wp-includes\functions.php on line 1663

2019-08-11T05:36:10+00:00 CRITICAL Maximum execution time of 30 seconds exceeded in C:\xampp1\htdocs\outsource\wp-content\plugins\woocommerce\includes\wc-formatting-functions.php on line 665

2019-08-11T05:36:15+00:00 CRITICAL Maximum execution time of 30 seconds exceeded in C:\xampp1\htdocs\outsource\wp-includes\class-wp-post.php on line 266

2019-08-11T05:36:19+00:00 CRITICAL Maximum execution time of 30 seconds exceeded in C:\xampp1\htdocs\outsource\wp-content\plugins\woocommerce\includes\wc-formatting-functions.php on line 576

2019-08-11T05:36:31+00:00 CRITICAL Maximum execution time of 30 seconds exceeded in C:\xampp1\htdocs\outsource\wp-includes\functions.php on line 1663

2019-08-11T05:37:13+00:00 CRITICAL Maximum execution time of 30 seconds exceeded in C:\xampp1\htdocs\outsource\wp-includes\post.php on line 2027

2019-08-11T05:37:19+00:00 CRITICAL Maximum execution time of 30 seconds exceeded in C:\xampp1\htdocs\outsource\wp-includes\functions.php on line 1663

2019-08-11T05:37:57+00:00 CRITICAL Maximum execution time of 30 seconds exceeded in C:\xampp1\htdocs\outsource\wp-content\plugins\woocommerce\includes\class-wc-cache-helper.php on line 94

2019-08-11T05:38:01+00:00 CRITICAL Maximum execution time of 30 seconds exceeded in C:\xampp1\htdocs\outsource\wp-includes\formatting.php on line 1991

2019-08-11T05:38:05+00:00 CRITICAL Maximum execution time of 30 seconds exceeded in C:\xampp1\htdocs\outsource\wp-includes\functions.php on line 330

2019-08-11T05:40:01+00:00 CRITICAL Maximum execution time of 30 seconds exceeded in C:\xampp1\htdocs\outsource\wp-includes\formatting.php on line 2027

2019-08-11T05:40:35+00:00 CRITICAL Maximum execution time of 30 seconds exceeded in C:\xampp1\htdocs\outsource\wp-content\plugins\woocommerce\includes\class-wc-product-download.php on line 97

2019-08-11T05:40:39+00:00 CRITICAL Maximum execution time of 30 seconds exceeded in C:\xampp1\htdocs\outsource\wp-content\plugins\woocommerce\includes\data-stores\class-wc-product-variation-data-store-cpt.php on line 408

2019-08-11T05:42:09+00:00 CRITICAL Maximum execution time of 30 seconds exceeded in C:\xampp1\htdocs\outsource\wp-includes\class-wp-hook.php on line 285

2019-08-11T05:42:39+00:00 CRITICAL Maximum execution time of 30 seconds exceeded in C:\xampp1\htdocs\outsource\wp-content\plugins\woocommerce\includes\wc-deprecated-functions.php on line 114

2019-08-11T05:42:42+00:00 CRITICAL Maximum execution time of 30 seconds exceeded in C:\xampp1\htdocs\outsource\wp-includes\functions.php on line 330

2019-08-11T05:43:26+00:00 CRITICAL Maximum execution time of 30 seconds exceeded in C:\xampp1\htdocs\outsource\wp-content\plugins\woocommerce\includes\legacy\abstract-wc-legacy-product.php on line 76

2019-08-11T05:43:29+00:00 CRITICAL Maximum execution time of 30 seconds exceeded in C:\xampp1\htdocs\outsource\wp-includes\functions.php on line 1884

2019-08-11T05:46:04+00:00 CRITICAL Maximum execution time of 30 seconds exceeded in C:\xampp1\htdocs\outsource\wp-includes\meta.php on line 465

2019-08-11T05:46:48+00:00 CRITICAL Maximum execution time of 30 seconds exceeded in C:\xampp1\htdocs\outsource\wp-includes\cache.php on line 120

2019-08-11T05:46:52+00:00 CRITICAL Maximum execution time of 30 seconds exceeded in C:\xampp1\htdocs\outsource\wp-content\plugins\woocommerce\includes\class-wc-data-store.php on line 205

2019-08-11T05:51:36+00:00 CRITICAL Maximum execution time of 30 seconds exceeded in C:\xampp1\htdocs\outsource\wp-includes\cache.php on line 524

2019-08-11T05:52:26+00:00 CRITICAL Maximum execution time of 30 seconds exceeded in C:\xampp1\htdocs\outsource\wp-includes\formatting.php on line 677

2019-08-11T05:52:39+00:00 CRITICAL Maximum execution time of 30 seconds exceeded in C:\xampp1\htdocs\outsource\wp-includes\formatting.php on line 4792

2019-08-11T05:53:34+00:00 CRITICAL Maximum execution time of 30 seconds exceeded in C:\xampp1\htdocs\outsource\wp-includes\media.php on line 732

2019-08-11T05:54:11+00:00 CRITICAL Maximum execution time of 30 seconds exceeded in C:\xampp1\htdocs\outsource\wp-content\plugins\woocommerce\includes\legacy\abstract-wc-legacy-product.php on line 68

2019-08-11T05:54:16+00:00 CRITICAL Maximum execution time of 30 seconds exceeded in C:\xampp1\htdocs\outsource\wp-includes\functions.php on line 330

2019-08-11T05:55:03+00:00 CRITICAL Maximum execution time of 30 seconds exceeded in C:\xampp1\htdocs\outsource\wp-content\plugins\woocommerce\includes\abstracts\abstract-wc-data.php on line 760

2019-08-11T05:55:03+00:00 CRITICAL Maximum execution time of 30 seconds exceeded in C:\xampp1\htdocs\outsource\wp-includes\functions.php on line 5205

2019-08-11T05:55:53+00:00 CRITICAL Maximum execution time of 30 seconds exceeded in C:\xampp1\htdocs\outsource\wp-includes\formatting.php on line 285

2019-08-11T05:55:55+00:00 CRITICAL Maximum execution time of 30 seconds exceeded in C:\xampp1\htdocs\outsource\wp-content\themes\myTheme\include\checkout_func.php on line 62

2019-08-11T05:56:02+00:00 CRITICAL Maximum execution time of 30 seconds exceeded in C:\xampp1\htdocs\outsource\wp-includes\post.php on line 5178

2019-08-11T05:56:33+00:00 CRITICAL Maximum execution time of 30 seconds exceeded in C:\xampp1\htdocs\outsource\wp-includes\taxonomy.php on line 3144

2019-08-11T05:56:35+00:00 CRITICAL Maximum execution time of 30 seconds exceeded in C:\xampp1\htdocs\outsource\wp-includes\plugin.php on line 207

2019-08-11T05:58:48+00:00 CRITICAL Maximum execution time of 30 seconds exceeded in C:\xampp1\htdocs\outsource\wp-includes\functions.php on line 1887

2019-08-11T05:59:23+00:00 CRITICAL Maximum execution time of 30 seconds exceeded in C:\xampp1\htdocs\outsource\wp-content\plugins\woocommerce\includes\wc-deprecated-functions.php on line 114

2019-08-11T05:59:26+00:00 CRITICAL Maximum execution time of 30 seconds exceeded in C:\xampp1\htdocs\outsource\wp-includes\formatting.php on line 3804

2019-08-11T06:15:10+00:00 CRITICAL Maximum execution time of 30 seconds exceeded in C:\xampp1\htdocs\outsource\wp-includes\post.php on line 1837

2019-08-11T06:15:32+00:00 CRITICAL Maximum execution time of 30 seconds exceeded in C:\xampp1\htdocs\outsource\wp-includes\functions.php on line 1663

2019-08-11T06:16:37+00:00 CRITICAL Maximum execution time of 30 seconds exceeded in C:\xampp1\htdocs\outsource\wp-includes\functions.php on line 5177

2019-08-11T06:24:28+00:00 CRITICAL Maximum execution time of 30 seconds exceeded in C:\xampp1\htdocs\outsource\wp-includes\media.php on line 435

2019-08-11T06:24:28+00:00 CRITICAL Maximum execution time of 30 seconds exceeded in C:\xampp1\htdocs\outsource\wp-includes\class-wp-post.php on line 255

2019-08-11T06:26:19+00:00 CRITICAL Maximum execution time of 30 seconds exceeded in C:\xampp1\htdocs\outsource\wp-content\plugins\woocommerce\includes\abstracts\abstract-wc-data.php on line 682

2019-08-11T06:29:46+00:00 CRITICAL syntax error, unexpected 'array' (T_ARRAY), expecting ',' or ')' in C:\xampp1\htdocs\outsource\wp-content\themes\myTheme\include\woocommerce.php on line 967

2019-08-11T06:47:34+00:00 CRITICAL Maximum execution time of 30 seconds exceeded in C:\xampp1\htdocs\outsource\wp-content\plugins\woocommerce\includes\legacy\abstract-wc-legacy-product.php on line 147

2019-08-11T08:01:19+00:00 CRITICAL syntax error, unexpected '<' in C:\xampp1\htdocs\outsource\wp-content\themes\myTheme\include\woocommerce.php on line 616

2019-08-11T13:05:44+00:00 CRITICAL Uncaught Error: Call to a member function get_tax_class() on null in C:\xampp1\htdocs\outsource\wp-content\plugins\woocommerce\includes\class-wc-cart-totals.php:231
Stack trace:
#0 C:\xampp1\htdocs\outsource\wp-content\plugins\woocommerce\includes\class-wc-cart-totals.php(648): WC_Cart_Totals->get_items_from_cart()
#1 C:\xampp1\htdocs\outsource\wp-content\plugins\woocommerce\includes\class-wc-cart-totals.php(140): WC_Cart_Totals->calculate_item_totals()
#2 C:\xampp1\htdocs\outsource\wp-content\plugins\woocommerce\includes\class-wc-cart-totals.php(131): WC_Cart_Totals->calculate()
#3 C:\xampp1\htdocs\outsource\wp-content\plugins\woocommerce\includes\class-wc-cart.php(1215): WC_Cart_Totals->__construct(Object(WC_Cart))
#4 C:\xampp1\htdocs\outsource\wp-content\plugins\woocommerce\includes\class-wc-cart.php(1184): WC_Cart->calculate_totals()
#5 C:\xampp1\htdocs\outsource\wp-content\themes\myTheme\include\woocommerce.php(991): WC_Cart->set_quantity('quantity', 2, true)
#6 C:\xampp1\htdocs\outsource\wp-includes\cla in C:\xampp1\htdocs\outsource\wp-content\plugins\woocommerce\includes\class-wc-cart-totals.php on line 231

2019-08-11T13:05:44+00:00 CRITICAL Uncaught Error: Call to a member function get_tax_class() on null in C:\xampp1\htdocs\outsource\wp-content\plugins\woocommerce\includes\class-wc-cart-totals.php:231
Stack trace:
#0 C:\xampp1\htdocs\outsource\wp-content\plugins\woocommerce\includes\class-wc-cart-totals.php(648): WC_Cart_Totals->get_items_from_cart()
#1 C:\xampp1\htdocs\outsource\wp-content\plugins\woocommerce\includes\class-wc-cart-totals.php(140): WC_Cart_Totals->calculate_item_totals()
#2 C:\xampp1\htdocs\outsource\wp-content\plugins\woocommerce\includes\class-wc-cart-totals.php(131): WC_Cart_Totals->calculate()
#3 C:\xampp1\htdocs\outsource\wp-content\plugins\woocommerce\includes\class-wc-cart.php(1215): WC_Cart_Totals->__construct(Object(WC_Cart))
#4 C:\xampp1\htdocs\outsource\wp-content\plugins\woocommerce\includes\class-wc-cart.php(1184): WC_Cart->calculate_totals()
#5 C:\xampp1\htdocs\outsource\wp-content\themes\myTheme\include\woocommerce.php(991): WC_Cart->set_quantity('quantity', 3, true)
#6 C:\xampp1\htdocs\outsource\wp-includes\cla in C:\xampp1\htdocs\outsource\wp-content\plugins\woocommerce\includes\class-wc-cart-totals.php on line 231

2019-08-11T13:05:44+00:00 CRITICAL Uncaught Error: Call to a member function get_tax_class() on null in C:\xampp1\htdocs\outsource\wp-content\plugins\woocommerce\includes\class-wc-cart-totals.php:231
Stack trace:
#0 C:\xampp1\htdocs\outsource\wp-content\plugins\woocommerce\includes\class-wc-cart-totals.php(648): WC_Cart_Totals->get_items_from_cart()
#1 C:\xampp1\htdocs\outsource\wp-content\plugins\woocommerce\includes\class-wc-cart-totals.php(140): WC_Cart_Totals->calculate_item_totals()
#2 C:\xampp1\htdocs\outsource\wp-content\plugins\woocommerce\includes\class-wc-cart-totals.php(131): WC_Cart_Totals->calculate()
#3 C:\xampp1\htdocs\outsource\wp-content\plugins\woocommerce\includes\class-wc-cart.php(1215): WC_Cart_Totals->__construct(Object(WC_Cart))
#4 C:\xampp1\htdocs\outsource\wp-content\plugins\woocommerce\includes\class-wc-cart.php(1184): WC_Cart->calculate_totals()
#5 C:\xampp1\htdocs\outsource\wp-content\themes\myTheme\include\woocommerce.php(991): WC_Cart->set_quantity('quantity', 4, true)
#6 C:\xampp1\htdocs\outsource\wp-includes\cla in C:\xampp1\htdocs\outsource\wp-content\plugins\woocommerce\includes\class-wc-cart-totals.php on line 231

2019-08-11T16:06:38+00:00 CRITICAL Uncaught Error: Call to a member function get_tax_class() on null in C:\xampp1\htdocs\outsource\wp-content\plugins\woocommerce\includes\class-wc-cart-totals.php:231
Stack trace:
#0 C:\xampp1\htdocs\outsource\wp-content\plugins\woocommerce\includes\class-wc-cart-totals.php(648): WC_Cart_Totals->get_items_from_cart()
#1 C:\xampp1\htdocs\outsource\wp-content\plugins\woocommerce\includes\class-wc-cart-totals.php(140): WC_Cart_Totals->calculate_item_totals()
#2 C:\xampp1\htdocs\outsource\wp-content\plugins\woocommerce\includes\class-wc-cart-totals.php(131): WC_Cart_Totals->calculate()
#3 C:\xampp1\htdocs\outsource\wp-content\plugins\woocommerce\includes\class-wc-cart.php(1215): WC_Cart_Totals->__construct(Object(WC_Cart))
#4 C:\xampp1\htdocs\outsource\wp-content\plugins\woocommerce\includes\class-wc-cart.php(1184): WC_Cart->calculate_totals()
#5 C:\xampp1\htdocs\outsource\wp-content\themes\myTheme\include\woocommerce.php(991): WC_Cart->set_quantity('quantity', 2, true)
#6 C:\xampp1\htdocs\outsource\wp-includes\cla in C:\xampp1\htdocs\outsource\wp-content\plugins\woocommerce\includes\class-wc-cart-totals.php on line 231

2019-08-11T16:06:38+00:00 CRITICAL Uncaught Error: Call to a member function get_tax_class() on null in C:\xampp1\htdocs\outsource\wp-content\plugins\woocommerce\includes\class-wc-cart-totals.php:231
Stack trace:
#0 C:\xampp1\htdocs\outsource\wp-content\plugins\woocommerce\includes\class-wc-cart-totals.php(648): WC_Cart_Totals->get_items_from_cart()
#1 C:\xampp1\htdocs\outsource\wp-content\plugins\woocommerce\includes\class-wc-cart-totals.php(140): WC_Cart_Totals->calculate_item_totals()
#2 C:\xampp1\htdocs\outsource\wp-content\plugins\woocommerce\includes\class-wc-cart-totals.php(131): WC_Cart_Totals->calculate()
#3 C:\xampp1\htdocs\outsource\wp-content\plugins\woocommerce\includes\class-wc-cart.php(1215): WC_Cart_Totals->__construct(Object(WC_Cart))
#4 C:\xampp1\htdocs\outsource\wp-content\plugins\woocommerce\includes\class-wc-cart.php(1184): WC_Cart->calculate_totals()
#5 C:\xampp1\htdocs\outsource\wp-content\themes\myTheme\include\woocommerce.php(991): WC_Cart->set_quantity('quantity', 3, true)
#6 C:\xampp1\htdocs\outsource\wp-includes\cla in C:\xampp1\htdocs\outsource\wp-content\plugins\woocommerce\includes\class-wc-cart-totals.php on line 231

2019-08-11T16:06:39+00:00 CRITICAL Uncaught Error: Call to a member function get_tax_class() on null in C:\xampp1\htdocs\outsource\wp-content\plugins\woocommerce\includes\class-wc-cart-totals.php:231
Stack trace:
#0 C:\xampp1\htdocs\outsource\wp-content\plugins\woocommerce\includes\class-wc-cart-totals.php(648): WC_Cart_Totals->get_items_from_cart()
#1 C:\xampp1\htdocs\outsource\wp-content\plugins\woocommerce\includes\class-wc-cart-totals.php(140): WC_Cart_Totals->calculate_item_totals()
#2 C:\xampp1\htdocs\outsource\wp-content\plugins\woocommerce\includes\class-wc-cart-totals.php(131): WC_Cart_Totals->calculate()
#3 C:\xampp1\htdocs\outsource\wp-content\plugins\woocommerce\includes\class-wc-cart.php(1215): WC_Cart_Totals->__construct(Object(WC_Cart))
#4 C:\xampp1\htdocs\outsource\wp-content\plugins\woocommerce\includes\class-wc-cart.php(1184): WC_Cart->calculate_totals()
#5 C:\xampp1\htdocs\outsource\wp-content\themes\myTheme\include\woocommerce.php(991): WC_Cart->set_quantity('quantity', 4, true)
#6 C:\xampp1\htdocs\outsource\wp-includes\cla in C:\xampp1\htdocs\outsource\wp-content\plugins\woocommerce\includes\class-wc-cart-totals.php on line 231

2019-08-11T16:06:39+00:00 CRITICAL Uncaught Error: Call to a member function get_tax_class() on null in C:\xampp1\htdocs\outsource\wp-content\plugins\woocommerce\includes\class-wc-cart-totals.php:231
Stack trace:
#0 C:\xampp1\htdocs\outsource\wp-content\plugins\woocommerce\includes\class-wc-cart-totals.php(648): WC_Cart_Totals->get_items_from_cart()
#1 C:\xampp1\htdocs\outsource\wp-content\plugins\woocommerce\includes\class-wc-cart-totals.php(140): WC_Cart_Totals->calculate_item_totals()
#2 C:\xampp1\htdocs\outsource\wp-content\plugins\woocommerce\includes\class-wc-cart-totals.php(131): WC_Cart_Totals->calculate()
#3 C:\xampp1\htdocs\outsource\wp-content\plugins\woocommerce\includes\class-wc-cart.php(1215): WC_Cart_Totals->__construct(Object(WC_Cart))
#4 C:\xampp1\htdocs\outsource\wp-content\plugins\woocommerce\includes\class-wc-cart.php(1184): WC_Cart->calculate_totals()
#5 C:\xampp1\htdocs\outsource\wp-content\themes\myTheme\include\woocommerce.php(991): WC_Cart->set_quantity('quantity', 5, true)
#6 C:\xampp1\htdocs\outsource\wp-includes\cla in C:\xampp1\htdocs\outsource\wp-content\plugins\woocommerce\includes\class-wc-cart-totals.php on line 231

2019-08-11T16:06:39+00:00 CRITICAL Uncaught Error: Call to a member function get_tax_class() on null in C:\xampp1\htdocs\outsource\wp-content\plugins\woocommerce\includes\class-wc-cart-totals.php:231
Stack trace:
#0 C:\xampp1\htdocs\outsource\wp-content\plugins\woocommerce\includes\class-wc-cart-totals.php(648): WC_Cart_Totals->get_items_from_cart()
#1 C:\xampp1\htdocs\outsource\wp-content\plugins\woocommerce\includes\class-wc-cart-totals.php(140): WC_Cart_Totals->calculate_item_totals()
#2 C:\xampp1\htdocs\outsource\wp-content\plugins\woocommerce\includes\class-wc-cart-totals.php(131): WC_Cart_Totals->calculate()
#3 C:\xampp1\htdocs\outsource\wp-content\plugins\woocommerce\includes\class-wc-cart.php(1215): WC_Cart_Totals->__construct(Object(WC_Cart))
#4 C:\xampp1\htdocs\outsource\wp-content\plugins\woocommerce\includes\class-wc-cart.php(1184): WC_Cart->calculate_totals()
#5 C:\xampp1\htdocs\outsource\wp-content\themes\myTheme\include\woocommerce.php(991): WC_Cart->set_quantity('quantity', 6, true)
#6 C:\xampp1\htdocs\outsource\wp-includes\cla in C:\xampp1\htdocs\outsource\wp-content\plugins\woocommerce\includes\class-wc-cart-totals.php on line 231

2019-08-11T16:06:39+00:00 CRITICAL Uncaught Error: Call to a member function get_tax_class() on null in C:\xampp1\htdocs\outsource\wp-content\plugins\woocommerce\includes\class-wc-cart-totals.php:231
Stack trace:
#0 C:\xampp1\htdocs\outsource\wp-content\plugins\woocommerce\includes\class-wc-cart-totals.php(648): WC_Cart_Totals->get_items_from_cart()
#1 C:\xampp1\htdocs\outsource\wp-content\plugins\woocommerce\includes\class-wc-cart-totals.php(140): WC_Cart_Totals->calculate_item_totals()
#2 C:\xampp1\htdocs\outsource\wp-content\plugins\woocommerce\includes\class-wc-cart-totals.php(131): WC_Cart_Totals->calculate()
#3 C:\xampp1\htdocs\outsource\wp-content\plugins\woocommerce\includes\class-wc-cart.php(1215): WC_Cart_Totals->__construct(Object(WC_Cart))
#4 C:\xampp1\htdocs\outsource\wp-content\plugins\woocommerce\includes\class-wc-cart.php(1184): WC_Cart->calculate_totals()
#5 C:\xampp1\htdocs\outsource\wp-content\themes\myTheme\include\woocommerce.php(991): WC_Cart->set_quantity('quantity', 7, true)
#6 C:\xampp1\htdocs\outsource\wp-includes\cla in C:\xampp1\htdocs\outsource\wp-content\plugins\woocommerce\includes\class-wc-cart-totals.php on line 231

