2019-08-12T16:56:35+00:00 INFO get_pay_url - Order ID: 271 - http_args: Array
(
    [Title] => OnePay Payment Title
    [vpc_Merchant] => 
    [vpc_AccessCode] => 
    [vpc_MerchTxnRef] => 271_20190812165635
    [vpc_OrderInfo] => Order #271 - http://localhost/20
    [vpc_Amount] => 32000200
    [vpc_ReturnURL] => http://localhost/2018/freelancer/BE/sotana_lens/?page_id=27&order-received=271&key=wc_order_CiKQYunSHlakP
    [vpc_Version] => 2
    [vpc_Command] => pay
    [vpc_Locale] => en
    [vpc_Currency] => VND
    [vpc_TicketNo] => ::1
    [vpc_SecureHash] => 6813F2E563CDF5F9C4BF53210660B13BC7B72BCD346F3DEA1C36697B3B97DC19
)

2019-08-12T17:12:16+00:00 INFO get_pay_url - Order ID: 271 - http_args: Array
(
    [Title] => OnePay Payment Title
    [vpc_Merchant] => 
    [vpc_AccessCode] => 
    [vpc_MerchTxnRef] => 271_20190812171216
    [vpc_OrderInfo] => Order #271 - http://localhost/20
    [vpc_Amount] => 32000200
    [vpc_ReturnURL] => http://localhost/2018/freelancer/BE/sotana_lens/?page_id=27&order-received=271&key=wc_order_CiKQYunSHlakP
    [vpc_Version] => 2
    [vpc_Command] => pay
    [vpc_Locale] => en
    [vpc_Currency] => VND
    [vpc_TicketNo] => ::1
    [vpc_SecureHash] => 8521CCA39137FD754530D285BC30759F5C7784D84B4968AA2E18C823494DAC6F
)

2019-08-12T17:16:41+00:00 INFO handle_onepay_querydr - http_link: https://mtf.onepay.vn/onecomm-pay/Vpcdps.op?vpc_Command=queryDR&vpc_Version=1&vpc_MerchTxnRef=271_20190812165635&vpc_Merchant=&vpc_AccessCode=&vpc_User=&vpc_Password= - http_args: Array
(
    [vpc_Command] => queryDR
    [vpc_Version] => 1
    [vpc_MerchTxnRef] => 271_20190812165635
    [vpc_Merchant] => 
    [vpc_AccessCode] => 
    [vpc_User] => 
    [vpc_Password] => 
)

2019-08-12T17:16:55+00:00 INFO get_pay_url - Order ID: 271 - http_args: Array
(
    [Title] => OnePay Payment Title
    [vpc_Merchant] => 
    [vpc_AccessCode] => 
    [vpc_MerchTxnRef] => 271_20190812171655
    [vpc_OrderInfo] => Order #271 - http://localhost/20
    [vpc_Amount] => 32000200
    [vpc_ReturnURL] => http://localhost/2018/freelancer/BE/sotana_lens/?page_id=27&order-received=271&key=wc_order_CiKQYunSHlakP
    [vpc_Version] => 2
    [vpc_Command] => pay
    [vpc_Locale] => en
    [vpc_Currency] => VND
    [vpc_TicketNo] => ::1
    [vpc_SecureHash] => 984185ACB25BCA7013E327B072FC669D1BE4F2311E9558BADF8DA9EEC2C2DFD2
)

2019-08-12T17:33:04+00:00 INFO handle_onepay_querydr - http_link: https://onepay.vn/onecomm-pay/Vpcdps.op?vpc_Command=queryDR&vpc_Version=1&vpc_MerchTxnRef=271_20190812171216&vpc_Merchant=&vpc_AccessCode=&vpc_User=&vpc_Password= - http_args: Array
(
    [vpc_Command] => queryDR
    [vpc_Version] => 1
    [vpc_MerchTxnRef] => 271_20190812171216
    [vpc_Merchant] => 
    [vpc_AccessCode] => 
    [vpc_User] => 
    [vpc_Password] => 
)

2019-08-12T17:36:58+00:00 INFO handle_onepay_querydr - http_link: https://onepay.vn/onecomm-pay/Vpcdps.op?vpc_Command=queryDR&vpc_Version=1&vpc_MerchTxnRef=271_20190812171655&vpc_Merchant=&vpc_AccessCode=&vpc_User=&vpc_Password= - http_args: Array
(
    [vpc_Command] => queryDR
    [vpc_Version] => 1
    [vpc_MerchTxnRef] => 271_20190812171655
    [vpc_Merchant] => 
    [vpc_AccessCode] => 
    [vpc_User] => 
    [vpc_Password] => 
)

