[2019-09-08 08:39:09 : INFO] - Could not find file for image: ID=291, file=D:\xampp\source\2018\freelancer\BE\sotana_lens/wp-content/uploads/2019/01/image00012_39dc9d4c5b164bb6b09723c1fc03ac74_master-600x600-300x97.png 
[2019-09-08 08:39:09 : INFO] - Could not find file for image: ID=218, file=D:\xampp\source\2018\freelancer\BE\sotana_lens/wp-content/uploads/2019/07/tu-tao-kinh-nhin-xuyen-dem-02_large.jpg 
[2019-09-08 08:39:09 : INFO] - Could not find file for image: ID=214, file=D:\xampp\source\2018\freelancer\BE\sotana_lens/wp-content/uploads/2019/07/kinh-gong__1__8396dfc02fd84e28a10f1a0f3496c125_large.jpg 
[2019-09-08 08:39:09 : INFO] - Could not find file for image: ID=212, file=D:\xampp\source\2018\freelancer\BE\sotana_lens/wp-content/uploads/2019/07/kinh-ap-trong__2__large.jpg 
[2019-09-08 08:39:09 : INFO] - Could not find file for image: ID=199, file=D:\xampp\source\2018\freelancer\BE\sotana_lens/wp-content/uploads/2019/07/customer2-2.png 
[2019-09-08 08:39:09 : INFO] - Could not find file for image: ID=198, file=D:\xampp\source\2018\freelancer\BE\sotana_lens/wp-content/uploads/2019/07/customer2-1.png 
[2019-09-08 08:39:09 : INFO] - Could not find file for image: ID=197, file=D:\xampp\source\2018\freelancer\BE\sotana_lens/wp-content/uploads/2019/07/customer4.png 
[2019-09-08 08:39:09 : INFO] - Could not find file for image: ID=196, file=D:\xampp\source\2018\freelancer\BE\sotana_lens/wp-content/uploads/2019/07/customer3.png 
[2019-09-08 08:39:09 : INFO] - Could not find file for image: ID=195, file=D:\xampp\source\2018\freelancer\BE\sotana_lens/wp-content/uploads/2019/07/customer2.png 
[2019-09-08 08:39:09 : INFO] - Could not find file for image: ID=194, file=D:\xampp\source\2018\freelancer\BE\sotana_lens/wp-content/uploads/2019/07/customer1.png 
[2019-09-08 08:39:09 : INFO] - Could not find file for image: ID=193, file=D:\xampp\source\2018\freelancer\BE\sotana_lens/wp-content/uploads/2019/07/brand_img6.png 
[2019-09-08 08:39:09 : INFO] - Could not find file for image: ID=192, file=D:\xampp\source\2018\freelancer\BE\sotana_lens/wp-content/uploads/2019/07/contact1.png 
[2019-09-08 08:39:09 : INFO] - Could not find file for image: ID=191, file=D:\xampp\source\2018\freelancer\BE\sotana_lens/wp-content/uploads/2019/07/brand_img2.png 
[2019-09-08 08:39:09 : INFO] - Could not find file for image: ID=190, file=D:\xampp\source\2018\freelancer\BE\sotana_lens/wp-content/uploads/2019/07/brand_img5.png 
[2019-09-08 08:39:09 : INFO] - Could not find file for image: ID=189, file=D:\xampp\source\2018\freelancer\BE\sotana_lens/wp-content/uploads/2019/07/brand_img1-1.png 
[2019-09-08 08:39:09 : INFO] - Could not find file for image: ID=185, file=D:\xampp\source\2018\freelancer\BE\sotana_lens/wp-content/uploads/2019/01/image00012_39dc9d4c5b164bb6b09723c1fc03ac74_master.jpg 
[2019-09-08 08:39:09 : INFO] - Could not find file for image: ID=122, file=D:\xampp\source\2018\freelancer\BE\sotana_lens/wp-content/uploads/2019/01/image00009_6021d0303de64f35ab4079990e4e29b2_grande.jpg 
[2019-09-08 08:39:09 : INFO] - Could not find file for image: ID=116, file=D:\xampp\source\2018\freelancer\BE\sotana_lens/wp-content/uploads/2019/01/t8100685-decor-c-optical-glasses-front1.png 
[2019-09-08 08:39:09 : INFO] - Could not find file for image: ID=111, file=D:\xampp\source\2018\freelancer\BE\sotana_lens/wp-content/uploads/2019/01/cat2.jpg 
[2019-09-08 08:39:09 : INFO] - Could not find file for image: ID=94, file=D:\xampp\source\2018\freelancer\BE\sotana_lens/wp-content/uploads/2019/06/ms_banner_img2.jpg 
[2019-09-08 08:39:09 : INFO] - Could not find file for image: ID=93, file=D:\xampp\source\2018\freelancer\BE\sotana_lens/wp-content/uploads/2019/06/ms_banner_img1.jpg 
[2019-09-08 08:39:09 : INFO] - Could not find file for image: ID=92, file=D:\xampp\source\2018\freelancer\BE\sotana_lens/wp-content/uploads/2012/10/151.jpg 
[2019-09-08 08:39:09 : INFO] - Could not find file for image: ID=91, file=D:\xampp\source\2018\freelancer\BE\sotana_lens/wp-content/uploads/2012/10/16.jpg 
[2019-09-08 08:39:09 : INFO] - Could not find file for image: ID=90, file=D:\xampp\source\2018\freelancer\BE\sotana_lens/wp-content/uploads/2012/10/13.jpg 
[2019-09-08 08:39:09 : INFO] - Could not find file for image: ID=88, file=D:\xampp\source\2018\freelancer\BE\sotana_lens/wp-content/uploads/2012/10/8.jpg 
[2019-09-08 08:39:09 : INFO] - Could not find file for image: ID=87, file=D:\xampp\source\2018\freelancer\BE\sotana_lens/wp-content/uploads/2012/10/9.jpg 
[2019-09-08 08:39:09 : INFO] - Could not find file for image: ID=86, file=D:\xampp\source\2018\freelancer\BE\sotana_lens/wp-content/uploads/2012/10/3.jpg 
[2019-09-08 08:39:09 : INFO] - Could not find file for image: ID=85, file=D:\xampp\source\2018\freelancer\BE\sotana_lens/wp-content/uploads/2012/10/11.jpg 
[2019-09-08 08:39:09 : INFO] - Could not find file for image: ID=84, file=D:\xampp\source\2018\freelancer\BE\sotana_lens/wp-content/uploads/2012/10/2.jpg 
[2019-09-08 08:39:09 : INFO] - Could not find file for image: ID=83, file=D:\xampp\source\2018\freelancer\BE\sotana_lens/wp-content/uploads/2012/10/121.jpg 
[2019-09-08 08:39:09 : INFO] - Could not find file for image: ID=24, file=D:\xampp\source\2018\freelancer\BE\sotana_lens/wp-content/uploads/woocommerce-placeholder.png 
[2019-09-08 08:39:09 : INFO] - Could not find file for image: ID=75, file=D:\xampp\source\2018\freelancer\BE\sotana_lens/wp-content/uploads/2019/01/t-shirt-with-logo-1.jpg 
[2019-09-08 08:39:09 : INFO] - Could not find file for image: ID=73, file=D:\xampp\source\2018\freelancer\BE\sotana_lens/wp-content/uploads/2019/01/album-1.jpg 
[2019-09-08 08:39:09 : INFO] - Could not find file for image: ID=71, file=D:\xampp\source\2018\freelancer\BE\sotana_lens/wp-content/uploads/2019/01/long-sleeve-tee-2.jpg 
[2019-09-08 08:39:09 : INFO] - Could not find file for image: ID=69, file=D:\xampp\source\2018\freelancer\BE\sotana_lens/wp-content/uploads/2019/01/hoodie-with-pocket-2.jpg 
[2019-09-08 08:39:09 : INFO] - Could not find file for image: ID=70, file=D:\xampp\source\2018\freelancer\BE\sotana_lens/wp-content/uploads/2019/01/hoodie-with-zipper-2.jpg 
[2019-09-08 08:39:09 : INFO] - Could not find file for image: ID=68, file=D:\xampp\source\2018\freelancer\BE\sotana_lens/wp-content/uploads/2019/01/sunglasses-2.jpg 
[2019-09-08 08:39:09 : INFO] - Could not find file for image: ID=67, file=D:\xampp\source\2018\freelancer\BE\sotana_lens/wp-content/uploads/2019/01/cap-2.jpg 
[2019-09-08 08:39:09 : INFO] - Could not find file for image: ID=66, file=D:\xampp\source\2018\freelancer\BE\sotana_lens/wp-content/uploads/2019/01/belt-2.jpg 
[2019-09-08 08:39:09 : INFO] - Could not find file for image: ID=64, file=D:\xampp\source\2018\freelancer\BE\sotana_lens/wp-content/uploads/2019/01/tshirt-2.jpg 
[2019-09-08 08:39:09 : INFO] - Could not find file for image: ID=65, file=D:\xampp\source\2018\freelancer\BE\sotana_lens/wp-content/uploads/2019/01/beanie-2.jpg 
[2019-09-08 08:39:09 : INFO] - Could not find file for image: ID=63, file=D:\xampp\source\2018\freelancer\BE\sotana_lens/wp-content/uploads/2019/01/hoodie-with-logo-2.jpg 
[2019-09-08 08:39:09 : INFO] - Could not find file for image: ID=62, file=D:\xampp\source\2018\freelancer\BE\sotana_lens/wp-content/uploads/2019/01/hoodie-green-1.jpg 
[2019-09-08 08:39:09 : INFO] - Could not find file for image: ID=61, file=D:\xampp\source\2018\freelancer\BE\sotana_lens/wp-content/uploads/2019/01/hoodie-blue-1.jpg 
[2019-09-08 08:39:09 : INFO] - Could not find file for image: ID=59, file=D:\xampp\source\2018\freelancer\BE\sotana_lens/wp-content/uploads/2019/01/vnech-tee-blue-1.jpg 
[2019-09-08 08:39:09 : INFO] - Could not find file for image: ID=60, file=D:\xampp\source\2018\freelancer\BE\sotana_lens/wp-content/uploads/2019/01/hoodie-2.jpg 
[2019-09-08 08:39:09 : INFO] - Could not find file for image: ID=58, file=D:\xampp\source\2018\freelancer\BE\sotana_lens/wp-content/uploads/2019/01/vnech-tee-green-1.jpg 
[2019-09-08 08:39:09 : INFO] - Could not find file for image: ID=57, file=D:\xampp\source\2018\freelancer\BE\sotana_lens/wp-content/uploads/2019/01/vneck-tee-2.jpg 
[2019-09-08 08:39:18 : INFO] - Cannot copy from uploaded file 
[2019-09-08 08:39:18 : INFO] - Re_Smush_It_Task server status: Offline 
